slug,exception_info
Chart_1,junit.framework.AssertionFailedError: expected:<1> but was:<0>
Chart_2,java.lang.NullPointerException
Chart_3,junit.framework.AssertionFailedError: expected:<101.0> but was:<102.0>
Chart_4,java.lang.NullPointerException
Chart_5,"java.lang.IndexOutOfBoundsException: Index: -1, Size: 1"
Chart_6,junit.framework.AssertionFailedError: expected:<org.jfree.chart.util.ShapeList@aac24dc9> but was:<org.jfree.chart.util.ShapeList@e4584f91>
Chart_7,junit.framework.AssertionFailedError: expected:<1> but was:<3>
Chart_8,junit.framework.AssertionFailedError: expected:<35> but was:<34>
Chart_9,java.lang.IllegalArgumentException: Requires start <= end.
Chart_10,"junit.framework.ComparisonFailure: expected:< title=""Series [&quot;A&quot;], 100.0"" alt=""""> but was:< title=""Series [""A""], 100.0"" alt="""">"
Chart_11,junit.framework.AssertionFailedError
Chart_12,junit.framework.AssertionFailedError
Chart_13,"java.lang.IllegalArgumentException: Range(double, double): require lower (0.0) <= upper (-2.3000000000000007)."
Chart_14,java.lang.NullPointerException
Chart_15,junit.framework.AssertionFailedError
Chart_16,java.lang.NullPointerException
Chart_17,java.lang.IllegalArgumentException: Requires start <= end.
Chart_18,junit.framework.AssertionFailedError: expected:<-1> but was:<0>
Chart_18,junit.framework.AssertionFailedError
Chart_18,java.lang.IndexOutOfBoundsException: Index 0 out of bounds for length 0
Chart_19,junit.framework.AssertionFailedError
Chart_20,"junit.framework.AssertionFailedError: expected:<java.awt.Color[r=0,g=0,b=255]> but was:<java.awt.Color[r=255,g=0,b=0]>"
Chart_21,"junit.framework.AssertionFailedError: expected:<Range[8.5,9.6]> but was:<Range[8.6,9.6]>"
Chart_22,org.jfree.data.UnknownKeyException: The key (C2) is not recognised.
Chart_23,junit.framework.AssertionFailedError
Chart_24,java.lang.IllegalArgumentException: Color parameter outside of expected range: Red Green Blue
Chart_25,junit.framework.AssertionFailedError
Chart_26,junit.framework.AssertionFailedError
Cli_1,junit.framework.AssertionFailedError
Cli_2,org.apache.commons.cli.UnrecognizedOptionException: Unrecognized option: -o
Cli_3,junit.framework.AssertionFailedError: number flag n expected:<4.5> but was:<4.5>
Cli_4,junit.framework.ComparisonFailure: expected:<[Missing required options: ]fx> but was:<[]fx>
Cli_5,java.lang.NullPointerException
Cli_7,junit.framework.ComparisonFailure: expected:<[[-h]]> but was:<[-c <arg>]>
Cli_7,junit.framework.AssertionFailedError: InvalidArgumentException
Cli_8,junit.framework.ComparisonFailure: single line padded text 2 expected:<...TE[-DATE] where DATE[
Cli_9,"junit.framework.ComparisonFailure: expected:<... required options: f[, ]x> but was:<... required options: f[]x>"
Cli_9,"junit.framework.ComparisonFailure: Incorrect exception message expected:<... required options: b[, ]c> but was:<... required options: b[]c>"
Cli_10,junit.framework.AssertionFailedError: MissingOptionException not thrown
Cli_11,junit.framework.ComparisonFailure: expected:<usage: app -f[]
Cli_12,junit.framework.ComparisonFailure: expected:<[]bar> but was:<[=]bar>
Cli_13,"junit.framework.ComparisonFailure: expected:<Unexpected [testfile.txt while processing ]> but was:<Unexpected [value ""testfile.txt"" found while processing  input]>"
Cli_13,junit.framework.AssertionFailedError: InvalidArgumentException
Cli_14,java.lang.ClassCastException: java.io.File cannot be cast to java.lang.String
Cli_14,junit.framework.AssertionFailedError: InvalidArgumentException
Cli_15,"junit.framework.ComparisonFailure: expected:<[1[, 1000]]> but was:<[1[]]>"
Cli_15,junit.framework.AssertionFailedError: InvalidArgumentException
Cli_16,org.apache.commons.cli2.OptionException: Missing option parentOptions
Cli_16,junit.framework.AssertionFailedError: InvalidArgumentException
Cli_17,junit.framework.AssertionFailedError: Confirm  1 extra arg: 2
Cli_18,junit.framework.AssertionFailedError: Confirm -a is not set
Cli_19,junit.framework.AssertionFailedError: UnrecognizedOptionException wasn't thrown
Cli_20,junit.framework.AssertionFailedError: Confirm  3 extra args: 7
Cli_21,org.apache.commons.cli2.OptionException: Unexpected -42 while processing --num
Cli_21,junit.framework.AssertionFailedError: InvalidArgumentException
Cli_22,junit.framework.ComparisonFailure: expected:<[println 'hello']> but was:<[--]>
Cli_23,java.lang.RuntimeException: Text too long for line - throwing exception to avoid infinite loop [CLI-162]:              looooong description
Cli_24,java.lang.IllegalStateException: Total width is less than the width of the argument and indent - no room for the description
Cli_25,junit.framework.ComparisonFailure: Long arguments did not split as expected expected:<...
Cli_26,junit.framework.AssertionFailedError: we inherited a description
Cli_27,junit.framework.ComparisonFailure: selected option expected:<bar> but was:<null>
Cli_28,junit.framework.AssertionFailedError
Cli_29,"junit.framework.ComparisonFailure: expected:<foo ""bar[""]> but was:<foo ""bar[]>"
Cli_30,org.apache.commons.cli.AlreadySelectedException: The option 'd' was specified but an option from this group has already been selected: 'f'
Cli_31,junit.framework.ComparisonFailure: expected:<usage: app -f <arg[ument]>
Cli_32,java.lang.StringIndexOutOfBoundsException: String index out of range: 12
Cli_33,junit.framework.ComparisonFailure: expected:<...e: foobar
Cli_34,junit.framework.AssertionFailedError: expected:<class java.lang.String> but was:<null>
Cli_34,junit.framework.AssertionFailedError: expected:<foo> but was:<null>
Cli_35,"org.apache.commons.cli.AmbiguousOptionException: Ambiguous option: '--prefix'  (could be: 'prefix', 'prefixplusplus')"
Cli_36,junit.framework.AssertionFailedError: expected:<[p]> but was:<[x]>
Cli_37,junit.framework.AssertionFailedError: Second option has been used as value for first option. Actual: -last
Cli_38,"junit.framework.AssertionFailedError: expected null, but was:<-ab>"
Cli_39,junit.framework.AssertionFailedError: option g not FileInputStream
Cli_40,junit.framework.AssertionFailedError: Expected exception: org.apache.commons.cli.ParseException
Closure_1,junit.framework.AssertionFailedError: 
Closure_2,java.lang.NullPointerException
Closure_3,junit.framework.AssertionFailedError: 
Closure_4,"junit.framework.AssertionFailedError: unexpected warning(s) : JSC_IMPLEMENTS_NON_INTERFACE. can only implement interfaces at [testcode] line 2 : 29, JSC_IMPLEMENTS_NON_INTERFACE. can only implement interfaces at [testcode] line 3 : 26 expected:<1> but was:<2>"
Closure_5,junit.framework.AssertionFailedError: 
Closure_6,junit.framework.AssertionFailedError: expected:<2> but was:<1>
Closure_6,junit.framework.AssertionFailedError: expected a warning
Closure_7,junit.framework.AssertionFailedError: Expected: (Object|boolean|number|string)
Closure_8,junit.framework.AssertionFailedError: 
Closure_9,junit.framework.ComparisonFailure: expected:<module$[]baz> but was:<module$[foo\]baz>
Closure_10,junit.framework.AssertionFailedError: 
Closure_11,junit.framework.AssertionFailedError: expected a warning
Closure_12,junit.framework.AssertionFailedError: 
Closure_13,junit.framework.AssertionFailedError: 
Closure_14,junit.framework.AssertionFailedError: No cross edges found
Closure_14,junit.framework.AssertionFailedError: Unexpected error(s): JSC_MISSING_RETURN_STATEMENT. Missing return statement. Function expected to return number. at testcode line 1 : 24 expected:<0> but was:<1>
Closure_15,junit.framework.AssertionFailedError: 
Closure_16,junit.framework.AssertionFailedError: Expected: <null> but was: Node tree inequality:
Closure_16,junit.framework.AssertionFailedError: Expected no warnings or errors
Closure_17,junit.framework.ComparisonFailure: expected:<in[consistent return type
Closure_18,junit.framework.AssertionFailedError: 
Closure_19,java.lang.IllegalArgumentException: Node cannot be refined. 
Closure_20,junit.framework.AssertionFailedError: 
Closure_21,"junit.framework.AssertionFailedError: There should be one warning, repeated 1 time(s). expected:<1> but was:<0>"
Closure_22,"junit.framework.AssertionFailedError: There should be one warning, repeated 1 time(s). expected:<1> but was:<0>"
Closure_23,junit.framework.AssertionFailedError: Unexpected error(s): JSC_INDEX_OUT_OF_BOUNDS_ERROR. Array index out of bounds: NUMBER 0.0 1 [source_file: testcode] at testcode line 1 : 10 expected:<0> but was:<1>
Closure_24,junit.framework.AssertionFailedError: There should be one error.  expected:<1> but was:<0>
Closure_25,junit.framework.ComparisonFailure: expected:<{[foo: (number|undefined)]}> but was:<{[]}>
Closure_26,junit.framework.AssertionFailedError: 
Closure_27,java.lang.IllegalStateException
Closure_28,junit.framework.AssertionFailedError: 
Closure_28,junit.framework.AssertionFailedError: expected:<1> but was:<4>
Closure_29,junit.framework.AssertionFailedError: 
Closure_30,junit.framework.AssertionFailedError: 
Closure_31,junit.framework.AssertionFailedError: 
Closure_32,junit.framework.ComparisonFailure: expected:</*
Closure_32,junit.framework.ComparisonFailure: expected:< Foo
Closure_33,junit.framework.AssertionFailedError: unexpected warnings(s):
Closure_34,java.lang.StackOverflowError
Closure_35,junit.framework.AssertionFailedError: unexpected warnings(s):
Closure_36,junit.framework.AssertionFailedError: 
Closure_37,java.lang.RuntimeException: java.lang.RuntimeException: INTERNAL COMPILER ERROR.
Closure_38,junit.framework.ComparisonFailure: expected:<x-[ ]-0.0> but was:<x-[]-0.0>
Closure_39,"junit.framework.ComparisonFailure: expected:<{loop: [?], number: number, st...> but was:<{loop: [{...}], number: number, st...>"
Closure_40,java.lang.RuntimeException: java.lang.RuntimeException: INTERNAL COMPILER ERROR.
Closure_40,junit.framework.AssertionFailedError: 
Closure_41,junit.framework.AssertionFailedError: unexpected warnings(s):
Closure_41,junit.framework.ComparisonFailure: expected:<[actual parameter 2 of Bar.prototype.add does not match formal parameter
Closure_42,junit.framework.AssertionFailedError
Closure_43,junit.framework.ComparisonFailure: expected:<[inconsistent return type
Closure_44,junit.framework.ComparisonFailure: expected:<alert(/ //[ ]/ /)> but was:<alert(/ //[]/ /)>
Closure_45,junit.framework.AssertionFailedError: 
Closure_46,"junit.framework.AssertionFailedError: Expected: ({a: number, b: number}|{b: number, c: number})"
Closure_46,"junit.framework.AssertionFailedError: Expected: ({a: number, b: string}|{b: string, c: string, e: number})"
Closure_47,junit.framework.AssertionFailedError: expected:<5> but was:<4>
Closure_48,junit.framework.AssertionFailedError: expected a warning
Closure_49,junit.framework.AssertionFailedError: 
Closure_50,junit.framework.AssertionFailedError: 
Closure_51,junit.framework.ComparisonFailure: expected:<var x=[-0.]0> but was:<var x=[]0>
Closure_52,"junit.framework.ComparisonFailure: expected:<var x={[""010""]:1}> but was:<var x={[10]:1}>"
Closure_53,java.lang.RuntimeException: INTERNAL COMPILER ERROR.
Closure_54,junit.framework.ComparisonFailure: expected:<[Function Foo.prototype.method: called with 1 argument(s). Function requires at least 0 argument(s) and no more than 0 argument(s).]> but was:<[Property baz never defined on Bar]>
Closure_54,junit.framework.ComparisonFailure: expected:<[?]> but was:<[number]>
Closure_55,java.lang.IllegalStateException: Expected function but was call Reference node CALL 4 [free_call: 1] [source_file: testcode]
Closure_56,junit.framework.ComparisonFailure: expected:<foo2:third line> but was:<null>
Closure_56,junit.framework.AssertionFailedError
Closure_57,junit.framework.AssertionFailedError: Expected: <null> but was: foo
Closure_58,java.lang.IllegalStateException
Closure_59,junit.framework.AssertionFailedError: Expected no warnings or errors
Closure_60,junit.framework.AssertionFailedError: 
Closure_60,junit.framework.AssertionFailedError: expected:<unknown> but was:<false>
Closure_61,junit.framework.AssertionFailedError: 
Closure_62,junit.framework.ComparisonFailure: expected:<...ion here
Closure_64,junit.framework.AssertionFailedError: expected:<17> but was:<-1>
Closure_65,"junit.framework.ComparisonFailure: expected:<var x=""\0[00]""> but was:<var x=""\0[]"">"
Closure_66,junit.framework.AssertionFailedError: expected:<100.0> but was:<62.5>
Closure_67,junit.framework.AssertionFailedError: 
Closure_68,junit.framework.AssertionFailedError: extra warning: Unexpected end of file
Closure_69,junit.framework.AssertionFailedError: expected a warning
Closure_70,junit.framework.AssertionFailedError: expected:<2> but was:<1>
Closure_70,junit.framework.AssertionFailedError: expected a warning
Closure_71,junit.framework.AssertionFailedError: Overriding private property of Foo.prototype.
Closure_72,junit.framework.AssertionFailedError: 
Closure_73,"junit.framework.ComparisonFailure: expected:<var x=""[\u007f]""> but was:<var x=""[]"">"
Closure_74,junit.framework.AssertionFailedError: 
Closure_75,junit.framework.AssertionFailedError: 
Closure_76,junit.framework.AssertionFailedError: 
Closure_77,"junit.framework.ComparisonFailure: expected:<var x=""\[]0""> but was:<var x=""\[u000]0"">"
Closure_78,junit.framework.AssertionFailedError: Unexpected error(s): JSC_DIVIDE_BY_0_ERROR. Divide by 0 at testcode line 1 : 8 expected:<0> but was:<1>
Closure_79,java.lang.RuntimeException: INTERNAL COMPILER ERROR.
Closure_79,junit.framework.AssertionFailedError: compiler.reportCodeChange() should have been called
Closure_80,junit.framework.AssertionFailedError
Closure_81,junit.framework.AssertionFailedError
Closure_82,junit.framework.AssertionFailedError
Closure_82,junit.framework.AssertionFailedError: expected a warning
Closure_83,junit.framework.AssertionFailedError
Closure_84,junit.framework.AssertionFailedError
Closure_85,junit.framework.AssertionFailedError: 
Closure_86,junit.framework.AssertionFailedError
Closure_86,"junit.framework.AssertionFailedError: expected:<[A]> but was:<[A, f]>"
Closure_87,junit.framework.AssertionFailedError: 
Closure_88,junit.framework.AssertionFailedError: 
Closure_89,junit.framework.AssertionFailedError: 
Closure_90,junit.framework.AssertionFailedError: unexpected warnings(s):
Closure_91,junit.framework.AssertionFailedError: Unexpected error(s): JSC_USED_GLOBAL_THIS. dangerous use of the global this object at testcode line 1 : 110 expected:<0> but was:<1>
Closure_92,junit.framework.AssertionFailedError: 
Closure_94,junit.framework.AssertionFailedError
Closure_94,junit.framework.AssertionFailedError: Unexpected error(s): JSC_INVALID_DEFINE_INIT_ERROR. illegal initialization of @define variable DEF_OVERRIDE_STRING at testcode line 1 : 54 expected:<0> but was:<1>
Closure_95,junit.framework.AssertionFailedError
Closure_95,junit.framework.AssertionFailedError: expected a warning
Closure_96,junit.framework.AssertionFailedError: expected a warning
Closure_97,junit.framework.AssertionFailedError: 
Closure_98,junit.framework.AssertionFailedError: 
Closure_99,junit.framework.AssertionFailedError: There should be one error.  expected:<1> but was:<0>
Closure_100,junit.framework.AssertionFailedError: Unexpected error(s): JSC_USED_GLOBAL_THIS. dangerous use of the global this object at testcode line 1 : 35 expected:<0> but was:<1>
Closure_101,junit.framework.AssertionFailedError: 
Closure_102,junit.framework.AssertionFailedError: 
Closure_103,junit.framework.AssertionFailedError: No cross edges found
Closure_103,junit.framework.AssertionFailedError: 
Closure_103,junit.framework.AssertionFailedError: Unexpected error(s): JSC_UNREACHABLE_CODE. unreachable code at testcode line 1 expected:<0> but was:<1>
Closure_104,junit.framework.AssertionFailedError: expected:<NoObject> but was:<None>
Closure_105,junit.framework.AssertionFailedError: 
Closure_106,junit.framework.AssertionFailedError: Unexpected error(s): JSC_USELESS_CODE. Suspicious code. This code lacks side-effects. Is there a bug? at testcode line 1 expected:<0> but was:<1>
Closure_106,junit.framework.AssertionFailedError: 
Closure_107,junit.framework.AssertionFailedError: Expected no warnings or errors
Closure_108,java.lang.IllegalStateException
Closure_109,junit.framework.AssertionFailedError: extra warning: Bad type annotation. type not recognized due to syntax error
Closure_110,junit.framework.AssertionFailedError: Unexpected error(s): JSC_GOOG_SCOPE_NON_ALIAS_LOCAL. The local variable f is in a goog.scope and is not an alias. at testcode line 1 : 39 expected:<0> but was:<1>
Closure_111,junit.framework.AssertionFailedError: Expected: Array
Closure_112,junit.framework.AssertionFailedError: unexpected warnings(s):
Closure_113,"junit.framework.AssertionFailedError: There should be one error. required ""namespace.Class1"" namespace never provided"
Closure_114,junit.framework.AssertionFailedError: 
Closure_115,junit.framework.AssertionFailedError: 
Closure_116,junit.framework.AssertionFailedError: 
Closure_116,junit.framework.AssertionFailedError: expected:<NO> but was:<YES>
Closure_117,junit.framework.ComparisonFailure: expected:<...p never defined on C[2]> but was:<...p never defined on C[3.c2_]>
Closure_118,junit.framework.ComparisonFailure: expected:<{[]}> but was:<{[a=[[Foo.prototype]]]}>
Closure_119,junit.framework.AssertionFailedError: Unexpected warning(s): JSC_UNDEFINED_NAME. e is never defined at testcode line 1 : 48
Closure_120,junit.framework.AssertionFailedError: 
Closure_121,junit.framework.AssertionFailedError: 
Closure_122,junit.framework.AssertionFailedError
Closure_123,junit.framework.ComparisonFailure: expected:<for(a=c?0:[(0 in d)];;)foo()> but was:<for(a=c?0:[0 in d];;)foo()>
Closure_124,junit.framework.AssertionFailedError: 
Closure_125,java.lang.IllegalStateException
Closure_126,junit.framework.AssertionFailedError: 
Closure_127,junit.framework.AssertionFailedError: 
Closure_128,"junit.framework.ComparisonFailure: expected:<var x={[0]:1}> but was:<var x={[""0""]:1}>"
Closure_129,junit.framework.AssertionFailedError: 
Closure_130,junit.framework.AssertionFailedError: 
Closure_131,junit.framework.AssertionFailedError: 
Closure_132,junit.framework.AssertionFailedError: 
Closure_133,java.lang.IllegalStateException: Recorded bad position information
Closure_134,junit.framework.AssertionFailedError: expected a warning
Closure_134,junit.framework.AssertionFailedError: 
Closure_135,"junit.framework.AssertionFailedError: expected:<[FUNCTION a = function (this:a): ?, NAME JSCompiler_StaticMethods_foo$self = a, FUNCTION JSCompiler_StaticMethods_foo = function (a): number, NAME JSCompiler_StaticMethods_bar$self = a, FUNCTION JSCompiler_StaticMethods_bar = function (a, number): number, FUNCTION JSCompiler_StaticMethods_baz = function (a): ?, NEW a = a, CALL JSCompiler_StaticMethods_foo = number, CALL JSCompiler_StaticMethods_bar = number, CALL JSCompiler_StaticMethods_baz = ?]> but was:<[FUNCTION a = function (this:a): ?, NAME JSCompiler_StaticMethods_foo$self = null, FUNCTION JSCompiler_StaticMethods_foo = function (a): number, NAME JSCompiler_StaticMethods_bar$self = null, FUNCTION JSCompiler_StaticMethods_bar = function (a, number): number, FUNCTION JSCompiler_StaticMethods_baz = function (a): ?, NEW a = a, CALL JSCompiler_StaticMethods_foo = number, CALL JSCompiler_StaticMethods_bar = number, CALL JSCompiler_StaticMethods_baz = ?]>"
Closure_135,junit.framework.AssertionFailedError: unexpected warnings(s):
Closure_136,junit.framework.AssertionFailedError: Unexpected error(s): JSC_WRONG_ARGUMENT_COUNT. Function oneOrTwoArg2: called with 3 argument(s). All definitions of this function require at least 1 argument(s) and no more than 2 argument(s). at testcode line 1 expected:<0> but was:<1>
Closure_136,junit.framework.AssertionFailedError: 
Closure_136,"junit.framework.ComparisonFailure: expected:<[({a:alert,b:alert}).a(""a"")]> but was:<[]>"
Closure_137,junit.framework.AssertionFailedError: 
Closure_138,junit.framework.AssertionFailedError: expected:<Array> but was:<null>
Closure_138,junit.framework.ComparisonFailure: expected:<...tes to false
Closure_139,junit.framework.AssertionFailedError: 
Closure_140,junit.framework.AssertionFailedError: compiler.reportCodeChange() was called even though nothing changed
Closure_141,java.lang.IllegalStateException: Call site missed.
Closure_141,junit.framework.AssertionFailedError: expected:<MOVABLE> but was:<DECOMPOSABLE>
Closure_141,"junit.framework.AssertionFailedError: expected:<[(g : g), k]> but was:<[]>"
Closure_142,junit.framework.ComparisonFailure: expected:< Foo 
Closure_142,junit.framework.AssertionFailedError: 
Closure_143,"java.lang.RuntimeException: --define flag syntax invalid: FOO=""x'"""
Closure_143,junit.framework.AssertionFailedError: 
Closure_144,junit.framework.ComparisonFailure: expected:</**
Closure_144,junit.framework.ComparisonFailure: expected:<... function (this:f): [undefined]
Closure_144,junit.framework.AssertionFailedError: 
Closure_144,"junit.framework.AssertionFailedError: expected:<[FUNCTION a = function (this:a): undefined, NAME JSCompiler_StaticMethods_foo$self = a, FUNCTION JSCompiler_StaticMethods_foo = function (a): number, NAME JSCompiler_StaticMethods_bar$self = a, FUNCTION JSCompiler_StaticMethods_bar = function (a, number): number, FUNCTION JSCompiler_StaticMethods_baz = function (a): undefined, NEW a = a, CALL JSCompiler_StaticMethods_foo = number, CALL JSCompiler_StaticMethods_bar = number, CALL JSCompiler_StaticMethods_baz = undefined]> but was:<[FUNCTION a = function (this:a): ?, NAME JSCompiler_StaticMethods_foo$self = a, FUNCTION JSCompiler_StaticMethods_foo = function (a): number, NAME JSCompiler_StaticMethods_bar$self = a, FUNCTION JSCompiler_StaticMethods_bar = function (a, number): number, FUNCTION JSCompiler_StaticMethods_baz = function (a): ?, NEW a = a, CALL JSCompiler_StaticMethods_foo = number, CALL JSCompiler_StaticMethods_bar = number, CALL JSCompiler_StaticMethods_baz = ?]>"
Closure_144,junit.framework.ComparisonFailure: expected:<...on (this:goog.Foo): [undefined]> but was:<...on (this:goog.Foo): [?]>
Closure_145,junit.framework.ComparisonFailure: expected:<if(e1)[{A:function goo(){return true}]}> but was:<if(e1)[A:function goo(){return true]}>
Closure_146,junit.framework.AssertionFailedError: expected:<None> but was:<undefined>
Closure_147,junit.framework.AssertionFailedError: There should be one error.  expected:<1> but was:<0>
Closure_147,junit.framework.AssertionFailedError: 
Closure_148,junit.framework.ComparisonFailure: expected:<...ng definitions. **/
Closure_148,junit.framework.AssertionFailedError: 
Closure_149,junit.framework.AssertionFailedError: expected:<US-ASCII> but was:<null>
Closure_150,junit.framework.AssertionFailedError
Closure_151,junit.framework.AssertionFailedError
Closure_152,java.lang.ClassCastException: com.google.javascript.rhino.jstype.StringType cannot be cast to com.google.javascript.rhino.jstype.ObjectType
Closure_153,junit.framework.AssertionFailedError: 
Closure_154,junit.framework.AssertionFailedError: expected a warning
Closure_155,junit.framework.AssertionFailedError: 
Closure_156,junit.framework.AssertionFailedError: 
Closure_157,java.lang.RuntimeException: INTERNAL COMPILER ERROR.
Closure_157,"junit.framework.AssertionFailedError: Function id/name mismatch expected:<{0=goog.widget.member_fn, 1=goog.widget::local_fn, 2=goog.widget::<anonymous>, 3=goog.widget, 4=foo::bar, 5=foo, 6=literal.f1, 7=literal.f2, 8=named, 9=<anonymous>, 10=quax, 11=recliteral.l1.l2, 12=litnamed, 13=reclitnamed, 14=numliteral.__2, 15=recnumliteral.__3.a}> but was:<{0=goog.widget.member_fn, 1=goog.widget::local_fn, 2=goog.widget::<anonymous>, 3=goog.widget, 4=foo::bar, 5=foo, 6=literal.f1, 7=literal.f2, 8=named, 9=<anonymous>, 10=quax, 11=recliteral.l1.l2, 12=litnamed, 13=reclitnamed, 14=<anonymous>, 15=<anonymous>}>"
Closure_157,"junit.framework.ComparisonFailure: expected:<var x={[1]:1}> but was:<var x={[""1""]:1}>"
Closure_157,junit.framework.ComparisonFailure: expected:<...: true]
Closure_157,junit.framework.AssertionFailedError: expected:<40> but was:<39>
Closure_157,junit.framework.AssertionFailedError: expected:<[DEF STRING null -> NUMBER]> but was:<[]>
Closure_158,junit.framework.AssertionFailedError: Expected exactly one warning or error Errors: 
Closure_159,junit.framework.AssertionFailedError: 
Closure_160,junit.framework.AssertionFailedError: Expected exactly one warning or error Errors: 
Closure_161,junit.framework.AssertionFailedError: Unexpected error(s): JSC_INDEX_OUT_OF_BOUNDS_ERROR. Array index out of bounds: NUMBER 1.0 1 [source_file: testcode] at testcode line 1 : 3 expected:<0> but was:<1>
Closure_162,junit.framework.AssertionFailedError: expected:<[STRING foo.Foo.Bar 4 [source_file: testcode]
Closure_163,junit.framework.AssertionFailedError: 
Closure_164,"junit.framework.ComparisonFailure: expected:<[function (number, number): boolea]n> but was:<[Functio]n>"
Closure_164,junit.framework.AssertionFailedError: expected a warning
Closure_165,junit.framework.AssertionFailedError: expected a warning
Closure_166,"junit.framework.ComparisonFailure: expected:<{[a: (boolean|undefined), b: (string|undefined)]}> but was:<{[]}>"
Closure_167,junit.framework.AssertionFailedError: expected a warning
Closure_167,junit.framework.AssertionFailedError: Expected: ??
Closure_168,junit.framework.AssertionFailedError: expected a warning
Closure_169,junit.framework.AssertionFailedError: unexpected warnings(s):
Closure_169,junit.framework.AssertionFailedError
Closure_170,junit.framework.AssertionFailedError: 
Closure_171,java.lang.NullPointerException
Closure_171,"junit.framework.ComparisonFailure: expected:<[function (this:Window, ?): undefined]> but was:<[?]>"
Closure_171,junit.framework.AssertionFailedError: expected a warning
Closure_172,junit.framework.AssertionFailedError: unexpected warnings(s):
Closure_173,"junit.framework.ComparisonFailure: expected:<var a,b,c;a||[(b||c);a*(b*c);a|(b|c)]> but was:<var a,b,c;a||[b||c;a*b*c;a|b|c]>"
Closure_173,junit.framework.AssertionFailedError:
Closure_173,junit.framework.ComparisonFailure: expected:<3*[(4%3*5)]> but was:<3*[4%3*5]>
Closure_174,java.lang.RuntimeException: INTERNAL COMPILER ERROR.
Closure_174,junit.framework.AssertionFailedError: Unexpected error(s): JSC_GOOG_SCOPE_NON_ALIAS_LOCAL. The local variable a is in a goog.scope and is not an alias. at testcode line 1 : 30 expected:<0> but was:<1>
Closure_174,junit.framework.AssertionFailedError: Unexpected error(s): JSC_GOOG_SCOPE_NON_ALIAS_LOCAL. The local variable a is in a goog.scope and is not an alias. at testcode line 1 : 52 expected:<0> but was:<1>
Closure_175,junit.framework.AssertionFailedError: expected:<NO> but was:<YES>
Closure_175,junit.framework.AssertionFailedError:
Closure_176,junit.framework.AssertionFailedError: expected a warning
Codec_1,junit.framework.AssertionFailedError: tr: The character is not mapped: ?
Codec_1,junit.framework.AssertionFailedError: tr: Index 239 out of bounds for length 26
Codec_1,junit.framework.ComparisonFailure: tr:  expected:<[I]> but was:<[?]>
Codec_1,junit.framework.ComparisonFailure: tr:  expected:<[A]111111111> but was:<[1]111111111>
Codec_2,junit.framework.AssertionFailedError: EOF expected:<-1> but was:<13>
Codec_2,junit.framework.AssertionFailedError: Streaming base64 encode
Codec_3,junit.framework.ComparisonFailure: Test [19]=Angier expected:<AN[J]R> but was:<AN[K]R>
Codec_4,junit.framework.AssertionFailedError: Encoder test-1
Codec_5,java.lang.NullPointerException
Codec_6,junit.framework.AssertionFailedError: Codec101: First read successful [c=0]
Codec_7,junit.framework.ComparisonFailure: byteToString static Hello World expected:<SGVsbG8gV29ybGQ=[]> but was:<SGVsbG8gV29ybGQ=[
Codec_8,java.lang.ArrayIndexOutOfBoundsException: 2
Codec_9,"java.lang.IllegalArgumentException: Input array too big, the output array would be bigger (6) than the specified maxium size of 4"
Codec_10,junit.framework.ComparisonFailure: Source: mbmb expected:<M[PM]1111111> but was:<M[MP]1111111>
Codec_11,org.apache.commons.codec.DecoderException: Invalid URL encoding: not a valid digit (radix 16): 13
Codec_12,junit.framework.AssertionFailedError: expected:<-1> but was:<255>
Codec_12,junit.framework.AssertionFailedError: expected:<-1> but was:<183>
Codec_13,java.lang.NullPointerException
Codec_14,junit.framework.AssertionFailedError: expected:<...dzn|bntsn|bnzn|vndzn[]> but was:<...dzn|bntsn|bnzn|vndzn[|vntsn]>
Codec_15,junit.framework.AssertionFailedError: expected:<Y3[3]0> but was:<Y3[0]0>
Codec_16,java.lang.IllegalArgumentException: pad must not be in alphabet or whitespace
Codec_17,java.lang.NullPointerException
Codec_18,java.lang.StringIndexOutOfBoundsException: String index out of range: 3
Collections_1,junit.framework.AssertionFailedError: expected:<10> but was:<NewValue>
Collections_2,junit.framework.ComparisonFailure: expected:<i[nclude]> but was:<i[mport]>
Collections_3,junit.framework.AssertionFailedError: expected:<1> but was:<2>
Collections_4,junit.framework.AssertionFailedError: expected:<a> but was:<null>
Collections_4,junit.framework.AssertionFailedError: expected:<true> but was:<false>
Collections_5,junit.framework.AssertionFailedError: First new element should be at index 0 expected:<2> but was:<1>
Collections_6,junit.framework.AssertionFailedError: expected:<1> but was:<0>
Collections_7,junit.framework.ComparisonFailure: expected:<[c]> but was:<[b]>
Collections_7,java.util.NoSuchElementException
Collections_8,junit.framework.AssertionFailedError: expected:<1> but was:<0>
Collections_9,junit.framework.AssertionFailedError: expected:<\\192.168.1.91\test> but was:<\192.168.1.91\test>
Collections_10,java.io.InvalidClassException: org.apache.commons.collections.map.MultiValueMap; class invalid for deserialization
Collections_11,junit.framework.AssertionFailedError: expected:<2> but was:<null>
Collections_12,junit.framework.AssertionFailedError
Collections_13,java.lang.NullPointerException
Collections_14,junit.framework.AssertionFailedError: en: 1 expected:<value> but was:<null>
Collections_15,junit.framework.AssertionFailedError: expected:<3> but was:<4>
Collections_16,junit.framework.AssertionFailedError
Collections_17,junit.framework.AssertionFailedError
Collections_18,junit.framework.AssertionFailedError
Collections_19,junit.framework.AssertionFailedError
Collections_20,junit.framework.ComparisonFailure: expected:<[A]> but was:<[C]>
Collections_21,junit.framework.AssertionFailedError: subList should be unmodifiable
Collections_22,"java.lang.IndexOutOfBoundsException: Index: 2, Size: 1"
Collections_23,junit.framework.AssertionFailedError: expected same:<Trie[18]={
Collections_23,junit.framework.AssertionFailedError: UnmodifiableTrie shall not be decorated expected same:<Trie[0]={
Collections_24,junit.framework.AssertionFailedError
Collections_24,"junit.framework.AssertionFailedError: expected same:<[, One, 2, Three, null, 4, One, 5.0, 6.0, Seven, Eight, Nine, 10, 11, 12, Thirteen, 14, 15, 16]> was not:<[, One, 2, Three, null, 4, One, 5.0, 6.0, Seven, Eight, Nine, 10, 11, 12, Thirteen, 14, 15, 16]>"
Collections_25,java.lang.NullPointerException: You must invoke setComparator() to set a comparator first.
Collections_26,junit.framework.AssertionFailedError: expected:<3> but was:<0>
Collections_27,junit.framework.AssertionFailedError: unsafe clazz accepted when de-serializing MultiValueMap
Collections_28,java.lang.NullPointerException
Compress_1,java.io.EOFException
Compress_2,junit.framework.AssertionFailedError: expected:<1> but was:<0>
Compress_3,junit.framework.AssertionFailedError: After putArchive should follow closeArchive
Compress_4,"java.io.IOException: central directory is empty, can't expand corrupt archive."
Compress_5,junit.framework.AssertionFailedError: shouldn't be able to read from truncated entry
Compress_6,junit.framework.AssertionFailedError
Compress_7,junit.framework.ComparisonFailure: expected:<0302-0601-3[±±±F06±W220±ZB±LALALA±±±±±±±±±±CAN±±DC±±±04±060302±]MOE.model> but was:<0302-0601-3[ﾱﾱﾱF06ﾱW220ﾱZBﾱLALALAﾱﾱﾱﾱﾱﾱﾱﾱﾱﾱCANﾱﾱDCﾱﾱﾱ04ﾱ060302ﾱ]MOE.model>
Compress_8,junit.framework.AssertionFailedError: Expected IllegalArgumentException - should be at least 2 bytes long
Compress_9,junit.framework.AssertionFailedError: expected:<10240> but was:<76>
Compress_10,junit.framework.AssertionFailedError: InputStream is null
Compress_11,junit.framework.AssertionFailedError: created an input stream for a non-archive
Compress_12,java.lang.IllegalArgumentException: Invalid byte 0 at offset 2 in '00{NUL}0765{NUL}' len=8
Compress_13,junit.framework.AssertionFailedError: Expected: <null> but was: ä\ü.txt
Compress_13,junit.framework.AssertionFailedError: expected:<ä[/]> but was:<ä[\]>
Compress_14,java.io.IOException: Error detected parsing the header
Compress_15,junit.framework.AssertionFailedError: expected:<foo> but was:<foo>
Compress_16,junit.framework.AssertionFailedError: created an input stream for a non-archive
Compress_17,junit.framework.AssertionFailedError: COMPRESS-197: Error detected parsing the header
Compress_18,java.io.IOException: request to write '15' bytes exceeds size in header of '0' bytes for entry './PaxHeaders.X/fvv/'
Compress_19,java.util.zip.ZipException: central directory zip64 extended information extra field's length doesn't match central directory data.  Expected length 16 but is 28
Compress_20,java.lang.IllegalArgumentException: Unknown mode. Full: 1a4 Masked: 0
Compress_21,java.io.IOException: Unknown property 128
Compress_22,java.io.IOException: unexpected end of stream
Compress_23,org.tukaani.xz.UnsupportedOptionsException: LZMA dictionary is too big for this implementation
Compress_24,java.lang.IllegalArgumentException: Invalid byte 55 at offset 11 in '777777777777' len=12
Compress_25,junit.framework.AssertionFailedError: arrays first differed at element [0]; expected:<100> but was:<0>
Compress_26,junit.framework.AssertionFailedError: expected:<10> but was:<0>
Compress_27,java.lang.IllegalArgumentException: Invalid byte 32 at offset 1 in ' {NUL}' len=2
Compress_28,junit.framework.AssertionFailedError: Expected exception: java.io.IOException
Compress_29,junit.framework.AssertionFailedError: Tests failed: 20
Compress_30,junit.framework.AssertionFailedError: expected:<0> but was:<-1>
Compress_31,junit.framework.AssertionFailedError: Expected IOException
Compress_31,junit.framework.AssertionFailedError: Expected IllegalArgumentException - embedded NUL
Compress_32,"java.lang.NumberFormatException: For input string: ""4294967294"""
Compress_33,org.apache.commons.compress.compressors.CompressorException: No Compressor found for the stream signature.
Compress_34,junit.framework.AssertionFailedError: expected:<0> but was:<5>
Compress_35,org.apache.commons.compress.archivers.ArchiveException: No Archiver found for the stream signature
Compress_36,java.lang.IllegalStateException: No current 7z entry (call getNextEntry() first).
Compress_37,java.lang.NegativeArraySizeException
Compress_38,java.io.IOException: Error detected parsing the header
Compress_39,junit.framework.AssertionFailedError: expected:<...23456789012345678901[...]> but was:<...23456789012345678901[234567890123456789012345678901234567890123456789]>
Compress_40,junit.framework.AssertionFailedError: expected:<1186> but was:<1184>
Compress_41,junit.framework.AssertionFailedError: expected:<1> but was:<0>
Compress_41,junit.framework.AssertionFailedError: IOException expected
Compress_42,junit.framework.AssertionFailedError
Compress_43,junit.framework.AssertionFailedError: arrays first differed at element [0]; expected:<0> but was:<8>
Compress_44,junit.framework.AssertionFailedError: Expected exception: java.lang.NullPointerException
Compress_45,java.lang.IllegalArgumentException: Value -72057594037927935 is too large for 8 byte field.
Compress_46,junit.framework.AssertionFailedError: Time too big for 32 bits!
Compress_47,junit.framework.AssertionFailedError
Csv_1,junit.framework.AssertionFailedError: expected:<1> but was:<0>
Csv_2,"java.lang.Exception: Unexpected exception, expected<java.lang.IllegalArgumentException> but was<java.lang.ArrayIndexOutOfBoundsException>"
Csv_3,"junit.framework.AssertionFailedError: Records do not match expected result (entry 8): arrays first differed at element [1]; expected:<   ""quoted """" [/]"" / string""   > but was:<   ""quoted """" []"" / string""   >"
Csv_3,junit.framework.AssertionFailedError: 
Csv_4,java.lang.NullPointerException
Csv_5,junit.framework.AssertionFailedError
Csv_6,java.lang.ArrayIndexOutOfBoundsException: 2
Csv_7,junit.framework.AssertionFailedError: Expected exception: java.lang.IllegalStateException
Csv_8,"java.lang.Exception: Unexpected exception, expected<java.lang.IllegalArgumentException> but was<java.lang.IllegalStateException>"
Csv_9,java.lang.NullPointerException
Csv_10,"junit.framework.AssertionFailedError: expected:<[C1,C2,C3"
Csv_11,java.lang.NullPointerException
Csv_12,"java.lang.IllegalArgumentException: The header contains a duplicate name: """" in [A, B, C, , ]"
Csv_13,"junit.framework.AssertionFailedError: expected:<""NULL""	[NULL]"
Csv_14,"junit.framework.AssertionFailedError: expected:<[\]> but was:<[""\""]>"
Csv_15,"junit.framework.AssertionFailedError: expected:<[€],Deux"
Csv_16,junit.framework.AssertionFailedError: expected:<[3]> but was:<[4]>
Gson_1,"java.lang.UnsupportedOperationException: Expecting parameterized type, got class com.google.gson.functional.TypeVariableTest$Bar."
Gson_2,java.lang.ClassCastException: Cannot cast com.google.gson.JsonPrimitive to com.google.gson.JsonObject
Gson_3,java.lang.ClassCastException: java.util.LinkedHashMap cannot be cast to java.util.concurrent.ConcurrentMap
Gson_4,java.lang.IllegalStateException: JSON must start with an array or an object.
Gson_4,com.google.gson.stream.MalformedJsonException: Use JsonReader.setLenient(true) to accept malformed JSON at line 1 column 1 path $
Gson_5,com.google.gson.JsonSyntaxException: 1970-01-01T01:00:00+01
Gson_6,java.lang.NullPointerException
Gson_7,com.google.gson.JsonSyntaxException: java.lang.IllegalStateException: Expected a long but was STRING at line 1 column 2 path $.
Gson_7,java.lang.IllegalStateException: Expected an int but was STRING at line 1 column 2 path $[0]
Gson_8,junit.framework.AssertionFailedError: expected:<class java.lang.reflect.InvocationTargetException> but was:<class java.lang.UnsupportedOperationException>
Gson_9,java.lang.NullPointerException
Gson_10,"junit.framework.ComparisonFailure: expected:<{""part"":[""42""]}> but was:<{""part"":[42]}>"
Gson_11,"com.google.gson.JsonSyntaxException: Expecting number, got: STRING"
Gson_12,java.lang.ArrayIndexOutOfBoundsException: -1
Gson_13,junit.framework.ComparisonFailure: expected:<[-]0> but was:<[]0>
Gson_14,junit.framework.AssertionFailedError: expected:<? super java.lang.Number> but was:<? super ? super java.lang.Number>
Gson_15,"java.lang.IllegalArgumentException: Numeric values must be finite, but was NaN"
Gson_16,java.lang.StackOverflowError
Gson_17,com.google.gson.JsonParseException: The date should be a string value
Gson_18,java.lang.ClassCastException: com.google.gson.internal.LinkedTreeMap cannot be cast to com.google.gson.functional.CollectionTest$SmallClass
JacksonCore_1,"junit.framework.AssertionFailedError: Expected an exception with one of substrings ([can not be represented as BigDecimal]): got one with message ""Character N is neither a decimal digit number, decimal point, nor ""e"" notation exponential mark."""
JacksonCore_2,junit.framework.AssertionFailedError: Should have gotten an exception; instead got token: VALUE_NUMBER_INT
JacksonCore_3,junit.framework.AssertionFailedError: expected:<0> but was:<3>
JacksonCore_4,"junit.framework.AssertionFailedError: Expected buffer of 262145 to expand, did not, length now 262144"
JacksonCore_5,"java.lang.NumberFormatException: For input string: ""1e0"""
JacksonCore_6,junit.framework.AssertionFailedError: expected:<-1> but was:<0>
JacksonCore_7,"junit.framework.AssertionFailedError: Should not have let com.fasterxml.jackson.core.json.UTF8JsonGenerator.writeString() be used in place of 'writeFieldName()': output = {:""a"""
JacksonCore_8,java.lang.NullPointerException
JacksonCore_9,junit.framework.ComparisonFailure: expected:<a> but was:<null>
JacksonCore_10,java.lang.ArrayIndexOutOfBoundsException: 256
JacksonCore_10,junit.framework.AssertionFailedError: expected:<16384> but was:<32768>
JacksonCore_11,java.lang.ArrayIndexOutOfBoundsException: 512
JacksonCore_12,junit.framework.AssertionFailedError: expected:<6> but was:<1>
JacksonCore_13,"junit.framework.ComparisonFailure: expected:<{[foo]:1}> but was:<{[""foo""]:1}>"
JacksonCore_14,"junit.framework.AssertionFailedError: Expected an exception with one of substrings ([smaller than original]): got one with message ""Trying to release buffer not owned by the context"""
JacksonCore_15,junit.framework.ComparisonFailure: expected:<3[]> but was:<3[ 4]>
JacksonCore_16,junit.framework.AssertionFailedError: expected:<2> but was:<3>
JacksonCore_17,com.fasterxml.jackson.core.JsonGenerationException: Split surrogate on writeRaw() input (last character)
JacksonCore_18,junit.framework.AssertionFailedError: Should not have written without exception: 1E+10000
JacksonCore_19,java.lang.ArrayIndexOutOfBoundsException: 200
JacksonCore_20,com.fasterxml.jackson.core.JsonGenerationException: No native support for writing embedded objects
JacksonCore_21,"junit.framework.AssertionFailedError: Expected token END_OBJECT, current token null"
JacksonCore_22,junit.framework.AssertionFailedError: expected:<1> but was:<0>
JacksonCore_23,junit.framework.AssertionFailedError: Should not pass
JacksonCore_24,com.fasterxml.jackson.core.JsonParseException: Numeric value ([Integer with 199999 digits]) out of range of long
JacksonCore_24,com.fasterxml.jackson.core.JsonParseException: Numeric value (9223372036854775817) out of range of long (-9223372036854775808 - 9223372036854775807)
JacksonCore_24,com.fasterxml.jackson.core.JsonParseException: Numeric value (12345678907) out of range of int
JacksonCore_25,java.lang.ArrayIndexOutOfBoundsException: 256
JacksonCore_26,junit.framework.AssertionFailedError: expected:<1> but was:<3>
JacksonDatabind_1,"junit.framework.ComparisonFailure: expected:<[null,[]""bar""]> but was:<[null,[null,]""bar""]>"
JacksonDatabind_2,"junit.framework.AssertionFailedError: Expected Object, got POJO"
JacksonDatabind_3,java.lang.NullPointerException
JacksonDatabind_4,junit.framework.AssertionFailedError: expected:<1> but was:<0>
JacksonDatabind_5,"com.fasterxml.jackson.databind.JsonMappingException: No serializer found for class com.fasterxml.jackson.databind.introspect.TestMixinMerging$PersonImpl and no properties discovered to create BeanSerializer (to avoid exception, disable SerializationFeature.FAIL_ON_EMPTY_BEANS) )"
JacksonDatabind_6,"com.fasterxml.jackson.databind.exc.InvalidFormatException: Can not construct instance of java.util.Date from String value '1997-07-16T19:20+01:00': not a valid representation (error: Failed to parse Date value '1997-07-16T19:20+01:00': Can not parse date ""1997-07-16T19:20+01:00"": not compatible with any of standard forms (""yyyy-MM-dd'T'HH:mm:ss.SSSZ"", ""yyyy-MM-dd'T'HH:mm:ss.SSS'Z'"", ""EEE, dd MMM yyyy HH:mm:ss zzz"", ""yyyy-MM-dd""))"
JacksonDatabind_7,"junit.framework.AssertionFailedError: Expected token START_OBJECT, current token FIELD_NAME"
JacksonDatabind_8,"com.fasterxml.jackson.databind.JsonMappingException: Conflicting String creators: already had explicitly marked [constructor for java.lang.StringBuilder, annotations: [null]], encountered [constructor for java.lang.StringBuilder, annotations: [null]]"
JacksonDatabind_9,"junit.framework.ComparisonFailure: expected:<{""[]java.lang.String"":2}> but was:<{""[class ]java.lang.String"":2}>"
JacksonDatabind_10,"junit.framework.ComparisonFailure: expected:<{""[stuff"":""[key/value]]""}> but was:<{""[key"":""value]""}>"
JacksonDatabind_11,junit.framework.AssertionFailedError: expected:<interface java.lang.CharSequence> but was:<class java.lang.Object>
JacksonDatabind_11,com.fasterxml.jackson.databind.JsonMappingException: Type variable 'T' can not be resolved (with context of class com.fasterxml.jackson.databind.type.TestLocalType609$EntityContainer)
JacksonDatabind_12,junit.framework.AssertionFailedError: expected:<1> but was:<100>
JacksonDatabind_13,"com.fasterxml.jackson.databind.JsonMappingException: (was java.lang.NullPointerException) (through reference chain: com.fasterxml.jackson.databind.struct.Identifiable[""id""])"
JacksonDatabind_14,"com.fasterxml.jackson.databind.exc.UnrecognizedPropertyException: Unrecognized field ""i"" (class com.fasterxml.jackson.databind.convert.TestUpdateValue$DataB), not marked as ignorable (2 known properties: ""da"", ""k""])"
JacksonDatabind_15,"com.fasterxml.jackson.databind.JsonMappingException: No serializer found for class com.fasterxml.jackson.databind.convert.TestConvertingSerializer$DummyBean and no properties discovered to create BeanSerializer (to avoid exception, disable SerializationFeature.FAIL_ON_EMPTY_BEANS) )"
JacksonDatabind_16,"junit.framework.ComparisonFailure: expected:<{""[bar]"":""result""}> but was:<{""[stuff]"":""result""}>"
JacksonDatabind_17,"com.fasterxml.jackson.databind.JsonMappingException: Unexpected token (VALUE_NUMBER_INT), expected VALUE_STRING: need JSON String that contains type id (for subtype of com.fasterxml.jackson.databind.JsonNode)"
JacksonDatabind_18,"com.fasterxml.jackson.databind.JsonMappingException: Can not instantiate value of type [simple type, class com.fasterxml.jackson.databind.seq.ReadRecoveryTest$Bean] from Integral number (1); no single-int-arg constructor/factory method"
JacksonDatabind_19,junit.framework.ComparisonFailure: expected:<129> but was:<null>
JacksonDatabind_19,junit.framework.ComparisonFailure: expected:<123> but was:<null>
JacksonDatabind_19,junit.framework.AssertionFailedError: expected same:<class java.lang.String> was not:<class java.lang.Object>
JacksonDatabind_20,"com.fasterxml.jackson.databind.JsonMappingException: Conflicting setter definitions for property ""all"": com.fasterxml.jackson.databind.node.ObjectNode#setAll(1 params) vs com.fasterxml.jackson.databind.node.ObjectNode#setAll(1 params)"
JacksonDatabind_21,"junit.framework.ComparisonFailure: expected:<[""[b"",""a]""]> but was:<[""[B"",""A]""]>"
JacksonDatabind_22,"junit.framework.ComparisonFailure: expected:<[42]> but was:<[""value""]>"
JacksonDatabind_23,"junit.framework.ComparisonFailure: expected:<{[]}> but was:<{[""value"":0]}>"
JacksonDatabind_24,"junit.framework.AssertionFailedError: expected:<sun.util.calendar.ZoneInfo[id=""America/Los_Angeles"",offset=-28800000,dstSavings=3600000,useDaylight=true,transitions=185,lastRule=java.util.SimpleTimeZone[id=America/Los_Angeles,offset=-28800000,dstSavings=3600000,useDaylight=true,startYear=0,startMode=3,startMonth=2,startDay=8,startDayOfWeek=1,startTime=7200000,startTimeMode=0,endMode=3,endMonth=10,endDay=1,endDayOfWeek=1,endTime=7200000,endTimeMode=0]]> but was:<sun.util.calendar.ZoneInfo[id=""GMT"",offset=0,dstSavings=0,useDaylight=false,transitions=0,lastRule=null]>"
JacksonDatabind_25,com.fasterxml.jackson.databind.JsonMappingException: Can not deserialize Class [B (of type array) as a Bean
JacksonDatabind_26,java.io.NotSerializableException: com.fasterxml.jackson.databind.ser.BeanPropertyWriter
JacksonDatabind_27,java.lang.IllegalStateException: No fallback setter/field defined: can not use creator property for com.fasterxml.jackson.databind.deser.CreatorProperty
JacksonDatabind_28,com.fasterxml.jackson.databind.JsonMappingException: Can not deserialize instance of com.fasterxml.jackson.databind.node.ObjectNode out of END_OBJECT token
JacksonDatabind_29,com.fasterxml.jackson.databind.JsonMappingException: Can not deserialize instance of com.fasterxml.jackson.databind.jsontype.TestExternalId$ValueBean out of VALUE_STRING token
JacksonDatabind_30,junit.framework.AssertionFailedError: Expected BigDecimal = -10000000000.0000000001; got back BigDecimal = -1.0E+10
JacksonDatabind_31,"junit.framework.AssertionFailedError: Expected name 'b' (JsonParser), TokenBuffer had 'a'"
JacksonDatabind_32,com.fasterxml.jackson.databind.JsonMappingException: Can not deserialize instance of java.lang.Object out of END_OBJECT token
JacksonDatabind_33,"com.fasterxml.jackson.databind.JsonMappingException: No serializer found for class com.fasterxml.jackson.databind.struct.TestUnwrapped$Outer and no properties discovered to create BeanSerializer (to avoid exception, disable SerializationFeature.FAIL_ON_EMPTY_BEANS) )"
JacksonDatabind_34,junit.framework.ComparisonFailure: expected:<...dec([numberType=BIG_[DECIMAL]])][optProp bigInt([...> but was:<...dec([numberType=BIG_[INTEGER]])][optProp bigInt([...>
JacksonDatabind_35,"com.fasterxml.jackson.databind.JsonMappingException: Unexpected token (FIELD_NAME), expected START_OBJECT: need JSON Object to contain As.WRAPPER_OBJECT type information for class com.fasterxml.jackson.databind.jsontype.WrapperObjectWithObjectIdTest$Computer"
JacksonDatabind_36,java.lang.NullPointerException
JacksonDatabind_37,"com.fasterxml.jackson.databind.exc.UnrecognizedPropertyException: Unrecognized field ""name"" (class com.fasterxml.jackson.databind.objectid.Objecid1083Test$JsonMapSchema), not marked as ignorable (0 known properties: ])"
JacksonDatabind_38,junit.framework.AssertionFailedError: expected:<class com.fasterxml.jackson.databind.interop.DeprecatedTypeHandling1102Test$Point> but was:<class java.util.LinkedHashMap>
JacksonDatabind_39,"com.fasterxml.jackson.databind.exc.UnrecognizedPropertyException: Unrecognized field ""location"" (class com.fasterxml.jackson.databind.jsontype.TestPolymorphicWithDefaultImpl$CallRecord), not marked as ignorable (4 known properties: ""version"", ""item"", ""item2"", ""application""])"
JacksonDatabind_40,junit.framework.AssertionFailedError: Should not have passed
JacksonDatabind_41,java.lang.IllegalArgumentException: Unrecognized Type: [null]
JacksonDatabind_42,junit.framework.AssertionFailedError: expected same:<> was not:<null>
JacksonDatabind_43,com.fasterxml.jackson.databind.JsonMappingException: Can not deserialize instance of java.lang.String out of VALUE_NULL token
JacksonDatabind_44,"com.fasterxml.jackson.databind.exc.UnrecognizedPropertyException: Unrecognized field ""b"" (class com.fasterxml.jackson.databind.jsontype.TestSubtypes$Default1125), not marked as ignorable (2 known properties: ""a"", ""def""])"
JacksonDatabind_45,"junit.framework.ComparisonFailure: expected:<{""date"":[""1970-01-01""]}> but was:<{""date"":[0]}>"
JacksonDatabind_46,junit.framework.ComparisonFailure: expected:<...e<Ljava/lang/String;[>];> but was:<...e<Ljava/lang/String;[];>
JacksonDatabind_47,"junit.framework.AssertionFailedError: Expected an exception with one of substrings ([types not related]): got one with message ""Failed to widen type [simple type, class java.lang.Long] with annotation (value java.lang.String), from 'getValue': Class java.lang.String not a super-type of [simple type, class java.lang.Long]"""
JacksonDatabind_47,"com.fasterxml.jackson.databind.JsonMappingException: Failed to widen type [simple type, class com.fasterxml.jackson.databind.ser.TestJsonSerializeAs$Bean1178Base] with annotation (value com.fasterxml.jackson.databind.ser.TestJsonSerializeAs$Bean1178Abstract), from 'value': Class com.fasterxml.jackson.databind.ser.TestJsonSerializeAs$Bean1178Abstract not a super-type of [simple type, class com.fasterxml.jackson.databind.ser.TestJsonSerializeAs$Bean1178Base]"
JacksonDatabind_48,"junit.framework.AssertionFailedError: Should find 1 property, not 2; properties = [[Property 'name'; ctors: null, field(s): null, getter(s): null, setter(s): [method com.fasterxml.jackson.databind.ser.TestFeatures$TCls#setName(1 params)][visible=true,ignore=false,explicitName=false]], [Property 'groupname'; ctors: null, field(s): [field com.fasterxml.jackson.databind.ser.TestFeatures$TCls#groupname][visible=true,ignore=false,explicitName=true], getter(s): null, setter(s): null]]"
JacksonDatabind_49,"com.fasterxml.jackson.databind.deser.UnresolvedForwardReference: Unresolved forward references for: Object id [1] (for com.fasterxml.jackson.databind.objectid.AlwaysAsReferenceFirstTest$Bar) at [Source: {""bar1"":1,""bar2"":{""@id"":2,""value"":3}}; line: 1, column: 10]."
JacksonDatabind_50,com.fasterxml.jackson.databind.JsonMappingException: Can not deserialize instance of com.fasterxml.jackson.databind.objectid.ObjectWithCreator1261Test$Child out of START_ARRAY token
JacksonDatabind_51,"com.fasterxml.jackson.databind.JsonMappingException: Problem deserializing property 'options' (expected type: [simple type, class java.lang.Object]; actual type: java.util.LinkedHashMap), problem: Can not set com.fasterxml.jackson.databind.jsontype.TestCustomTypeIdResolver$Poly1Base field com.fasterxml.jackson.databind.jsontype.TestCustomTypeIdResolver$Base1270.options to java.util.LinkedHashMap"
JacksonDatabind_52,junit.framework.ComparisonFailure: expected:<foo> but was:<null>
JacksonDatabind_53,"com.fasterxml.jackson.databind.JsonMappingException: Can not construct instance of com.fasterxml.jackson.databind.jsontype.TypeRefinementForMap1215Test$HasUniqueId, problem: abstract types either need to be mapped to concrete types, have custom deserializer, or be instantiated with additional type information"
JacksonDatabind_54,"junit.framework.ComparisonFailure: expected:<{[]}> but was:<{[""a"":null]}>"
JacksonDatabind_55,"junit.framework.ComparisonFailure: expected:<{""[aleph]"":""b""}> but was:<{""[A]"":""b""}>"
JacksonDatabind_56,junit.framework.AssertionFailedError: expected:<en_US> but was:<en-us>
JacksonDatabind_57,"java.io.CharConversionException: Invalid UTF-32 character 0x2261223a(above 10ffff)  at char #1, byte #7)"
JacksonDatabind_58,"com.fasterxml.jackson.databind.JsonMappingException: Can not access private java.lang.Throwable java.lang.Throwable.cause (from class java.lang.Throwable; failed to set access: Can not force permission: (""java.lang.reflect.ReflectPermission"" ""suppressAccessChecks"")"
JacksonDatabind_59,"com.fasterxml.jackson.databind.JsonMappingException: Can not find a (Map) Key deserializer for type [simple type, class com.fasterxml.jackson.databind.jsontype.TypeRefinementForMapTest$CompoundKey]"
JacksonDatabind_60,junit.framework.AssertionFailedError: expected:<class com.fasterxml.jackson.databind.jsontype.TestDefaultWithCreators$Bean1385> but was:<class [B>
JacksonDatabind_60,"junit.framework.ComparisonFailure: expected:<...alue"":12345,""type"":""[thingy]""}> but was:<...alue"":12345,""type"":""[date]""}>"
JacksonDatabind_61,"com.fasterxml.jackson.databind.JsonMappingException: Class java.lang.Long not subtype of [simple type, class long] (through reference chain: java.util.HashMap[""longAsField""]->com.fasterxml.jackson.databind.jsontype.Data[""key""])"
JacksonDatabind_62,"java.lang.IllegalStateException: No default constructor for [collection type; class java.util.Collections$UnmodifiableSet, contains [simple type, class java.lang.Object]]"
JacksonDatabind_63,"junit.framework.ComparisonFailure: expected:<....databind.deser.exc.[TestExceptionHandlingWithDefaultDeserialization$Foo[""bar""]->com.fasterxml.jackson.databind.deser.exc.TestExceptionHandlingWithDefaultDeserialization$]Bar[""baz""]> but was:<....databind.deser.exc.[Foo[""bar""]->com.fasterxml.jackson.databind.deser.exc.]Bar[""baz""]>"
JacksonDatabind_63,"junit.framework.ComparisonFailure: expected:<....databind.deser.exc.[ExceptionPathTest$]Outer[""inner""]> but was:<....databind.deser.exc.[]Outer[""inner""]>"
JacksonDatabind_63,"junit.framework.ComparisonFailure: expected:<....databind.deser.exc.[TestExceptionHandlingWithJsonCreatorDeserialization$Foo[""bar""]->com.fasterxml.jackson.databind.deser.exc.TestExceptionHandlingWithJsonCreatorDeserialization$]Bar[""baz""]> but was:<....databind.deser.exc.[Foo[""bar""]->com.fasterxml.jackson.databind.deser.exc.]Bar[""baz""]>"
JacksonDatabind_64,"junit.framework.ComparisonFailure: expected:<{[]}> but was:<{[""str"":null]}>"
JacksonDatabind_66,"com.fasterxml.jackson.databind.exc.InvalidFormatException: Can not deserialize Map key of type com.fasterxml.jackson.databind.module.TestCustomEnumKeyDeserializer$SuperTypeEnum from String ""FOO"": not a valid representation: No enum constant com.fasterxml.jackson.databind.module.TestCustomEnumKeyDeserializer.SuperTypeEnum.}"
JacksonDatabind_67,"com.fasterxml.jackson.databind.exc.InvalidFormatException: Can not deserialize Map key of type com.fasterxml.jackson.databind.module.TestCustomEnumKeyDeserializer$KeyEnum from String ""REPlaceMENTS"": not a valid representation, problem: (com.fasterxml.jackson.databind.exc.InvalidFormatException) Can not deserialize Map key of type com.fasterxml.jackson.databind.module.TestCustomEnumKeyDeserializer$KeyEnum from String ""REPlaceMENTS"": not one of values excepted for Enum class: [rootDirectory, replacements, licenseString]"
JacksonDatabind_68,"com.fasterxml.jackson.databind.JsonMappingException: Can not construct instance of com.fasterxml.jackson.databind.struct.SingleValueAsArrayTest$Messages: no suitable constructor found, can not deserialize from Object value (missing default constructor or creator, or perhaps need to add/enable type information?)"
JacksonDatabind_69,com.fasterxml.jackson.databind.JsonMappingException: Could not find creator property with name 'intField' (in class com.fasterxml.jackson.databind.creators.Creator1476Test$SimplePojo)
JacksonDatabind_70,"java.util.NoSuchElementException: No entry 'businessAddress' found, can't remove"
JacksonDatabind_71,"com.fasterxml.jackson.databind.JsonMappingException: Can not find a (Map) Key deserializer for type [simple type, class java.lang.CharSequence]"
JacksonDatabind_72,java.lang.IllegalStateException: Internal error: no creator index for property 'a' (of type com.fasterxml.jackson.databind.deser.impl.InnerClassProperty)
JacksonDatabind_73,"com.fasterxml.jackson.databind.exc.UnrecognizedPropertyException: Unrecognized field ""x"" (class com.fasterxml.jackson.databind.deser.ReadOrWriteOnlyTest$ReadXWriteY), not marked as ignorable (one known property: ""y""])"
JacksonDatabind_74,"com.fasterxml.jackson.databind.JsonMappingException: Unexpected token (VALUE_STRING), expected FIELD_NAME: missing property 'type' that is to contain type id  (for class com.fasterxml.jackson.databind.jsontype.TestPolymorphicWithDefaultImpl$AsProperty)"
JacksonDatabind_75,"junit.framework.ComparisonFailure: expected:<{""color"":[2]}> but was:<{""color"":[""GREEN""]}>"
JacksonDatabind_76,junit.framework.ComparisonFailure: expected:<John> but was:<null>
JacksonDatabind_77,"junit.framework.AssertionFailedError: Expected an exception with one of substrings ([Illegal type]): got one with message ""N/A"
JacksonDatabind_78,"junit.framework.AssertionFailedError: Expected an exception with one of substrings ([Illegal type]): got one with message ""N/A"
JacksonDatabind_79,"junit.framework.ComparisonFailure: expected:<{""alwaysClass"":[1],""alwaysProp"":2}> but was:<{""alwaysClass"":[{""id"":1,""value"":13}],""alwaysProp"":2}>"
JacksonDatabind_80,java.lang.NullPointerException
JacksonDatabind_81,"com.fasterxml.jackson.databind.exc.InvalidDefinitionException: Invalid definition for property ""i"" (of type com.fasterxml.jackson.databind.introspect.TypeCoercion1592Test$Bean1592): Can not refine serialization type [simple type, class int] into java.lang.Integer; types not related"
JacksonDatabind_82,junit.framework.ComparisonFailure: expected:<jack> but was:<null>
JacksonDatabind_83,"com.fasterxml.jackson.databind.exc.InvalidFormatException: Can not deserialize value of type java.util.UUID from String ""not a uuid!"": not a valid textual representation"
JacksonDatabind_84,"junit.framework.ComparisonFailure: expected:<{""[base"":1,""]sub"":2}> but was:<{""[]sub"":2}>"
JacksonDatabind_85,"junit.framework.ComparisonFailure: expected:<{""date"":""1970-01-01[X01:00:]00""}> but was:<{""date"":""1970-01-01[T01:00:00.000+01]00""}>"
JacksonDatabind_86,junit.framework.AssertionFailedError
JacksonDatabind_86,"junit.framework.ComparisonFailure: expected:<{""[base"":1,""]sub"":2}> but was:<{""[]sub"":2}>"
JacksonDatabind_87,junit.framework.AssertionFailedError: expected:<Wed Dec 31 16:00:00 PST 1969> but was:<Wed Dec 31 18:00:00 PST 1969>
JacksonDatabind_88,"junit.framework.AssertionFailedError: Expected an exception with one of substrings ([not subtype of]): got one (of type com.fasterxml.jackson.databind.JsonMappingException) with message ""Problem deserializing property 'w' (expected type: [simple type, class com.fasterxml.jackson.databind.jsontype.GenericTypeId1735Test$Payload1735]; actual type: java.util.HashMap), problem: Can not set com.fasterxml.jackson.databind.jsontype.GenericTypeId1735Test$Payload1735 field com.fasterxml.jackson.databind.jsontype.GenericTypeId1735Test$Wrapper1735.w to java.util.HashMap"
JacksonDatabind_90,"com.fasterxml.jackson.databind.JsonMappingException: Can not construct instance of com.fasterxml.jackson.databind.creators.DelegatingArrayCreator1804Test$MyType: abstract types either need to be mapped to concrete types, have custom deserializer, or contain additional type information"
JacksonDatabind_91,"junit.framework.AssertionFailedError: Not using custom key deserializer for input: {""data"":{""1st"":""onedata"",""2nd"":""twodata""}}; resulted in: {1st=onedata, 2nd=twodata}"
JacksonDatabind_92,junit.framework.AssertionFailedError: Should not pass
JacksonDatabind_93,java.lang.NullPointerException
JacksonDatabind_94,"junit.framework.AssertionFailedError: Expected an exception with one of substrings ([Illegal type]): got one with message ""Can not instantiate value of type [simple type, class com.mchange.v2.c3p0.jacksontest.ComboPooledDataSource] from String value ('/tmp/foobar.txt'); no single-String constructor/factory method"
JacksonDatabind_95,java.lang.NullPointerException
JacksonDatabind_96,com.fasterxml.jackson.databind.exc.InvalidDefinitionException: Invalid definition for property `param_name0` (of type `com.fasterxml.jackson.databind.deser.creators.CreatorWithNamingStrategyTest$OneProperty`): Could not find creator property with name 'param_name0' (known Creator properties: [paramName0])
JacksonDatabind_97,"junit.framework.ComparisonFailure: expected:<...Str"":""The value is: [Hello!]""}}> but was:<...Str"":""The value is: [NULL]""}}>"
JacksonDatabind_98,"com.fasterxml.jackson.databind.exc.InvalidDefinitionException: Cannot construct instance of `com.fasterxml.jackson.databind.jsontype.ext.ExternalTypeIdWithEnum1328Test$AnimalAndType`, problem: argument type mismatch"
JacksonDatabind_99,junit.framework.ComparisonFailure: expected:<...rence<java.lang.Long[>]> but was:<...rence<java.lang.Long[]>
JacksonDatabind_100,"junit.framework.AssertionFailedError: Failed (variant MODIFIED-FOR-URL, data length 1): Cannot access contents of TextNode as binary due to broken Base64 encoding: Unexpected end-of-String in base64 content"
JacksonDatabind_101,junit.framework.AssertionFailedError: expected:<4> but was:<0>
JacksonDatabind_102,"junit.framework.ComparisonFailure: expected:<[""1980+04+14""]> but was:<[324547200000]>"
JacksonDatabind_103,"junit.framework.AssertionFailedError: Should only get one 'at [' marker, got 2, source: Cannot deserialize Map key of type `com.fasterxml.jackson.databind.BaseMapTest$ABC` from String ""value"": not a valid representation, problem: (com.fasterxml.jackson.databind.exc.InvalidFormatException) Cannot deserialize Map key of type `com.fasterxml.jackson.databind.BaseMapTest$ABC` from String ""value"": not one of values excepted for Enum class: [A, B, C]"
JacksonDatabind_104,"org.junit.ComparisonFailure: expected:<""[+10]204-01-01T00:00:00.0...> but was:<""[:]204-01-01T00:00:00.0...>"
JacksonDatabind_105,com.fasterxml.jackson.databind.exc.MismatchedInputException: Cannot construct instance of `java.lang.Void` (although at least one Creator exists): no int/Int-argument constructor/factory method to deserialize from Number value (123)
JacksonDatabind_106,junit.framework.AssertionFailedError: Expected failure for `long` overflow
JacksonDatabind_107,"com.fasterxml.jackson.databind.JsonMappingException: (was java.lang.NullPointerException) (through reference chain: com.fasterxml.jackson.databind.deser.filter.ProblemHandlerUnknownTypeId2221Test$GenericContent[""innerObjects""]->java.util.ArrayList[1])"
JacksonDatabind_108,"junit.framework.AssertionFailedError: Should get `null` for reads with `JsonParser`, instead got: com.fasterxml.jackson.databind.node.MissingNode"
JacksonDatabind_109,"junit.framework.ComparisonFailure: expected:<{""value"":""[0.0000000005]""}> but was:<{""value"":""[5E-10]""}>"
JacksonDatabind_110,"com.fasterxml.jackson.databind.exc.InvalidDefinitionException: Cannot construct instance of `java.util.Collections$UnmodifiableList` (no Creators, like default construct, exist): no default no-arguments constructor found"
JacksonDatabind_111,junit.framework.AssertionFailedError
JacksonDatabind_112,com.fasterxml.jackson.databind.exc.MismatchedInputException: Cannot construct instance of `com.fasterxml.jackson.databind.deser.creators.DelegatingArrayCreator2324Test$ImmutableBag` (although at least one Creator exists): no default no-arguments constructor found
JacksonXml_1,junit.framework.AssertionFailedError: expected:<1> but was:<0>
JacksonXml_1,junit.framework.AssertionFailedError
JacksonXml_2,junit.framework.AssertionFailedError: expected:<27> but was:<0>
JacksonXml_3,junit.framework.ComparisonFailure: expected:<7> but was:<null>
JacksonXml_4,junit.framework.ComparisonFailure: expected:<<[rudy]/>> but was:<<[null]/>>
JacksonXml_5,"junit.framework.AssertionFailedError: Should NOT use name 'AnnotatedName' but 'Pojo282', xml = <AnnotatedName><a>3</a></AnnotatedName>"
JacksonXml_6,"com.fasterxml.jackson.databind.JsonMappingException: Operation not supported by generator of type com.fasterxml.jackson.dataformat.xml.ser.ToXmlGenerator (through reference chain: com.fasterxml.jackson.dataformat.xml.ser.TestBinaryStreamToXMLSerialization$TestPojo[""field""])"
Jsoup_1,junit.framework.AssertionFailedError: expected:<[foo bar baz]> but was:<[bar baz foo]>
Jsoup_2,junit.framework.AssertionFailedError: expected:<...dy>pre <script>inner[</script> aft]</body></html>> but was:<...dy>pre <script>inner[ aft</script>]</body></html>>
Jsoup_3,junit.framework.AssertionFailedError: expected:<...tr><td>1</td></tr><t[r><td>2</td></tr]></table>> but was:<...tr><td>1</td></tr><t[able><tr><td>2</td></tr></table]></table>>
Jsoup_3,junit.framework.AssertionFailedError: expected:<...> <tr><td> <table><t[r><td>3</td> <td>4</td></tr></table> </td></tr><tr><td>5]</td></tr></table>> but was:<...> <tr><td> <table><t[d>3</td> <td>4</td></table> <tr><td>5</td></tr>]</td></tr></table>>
Jsoup_4,junit.framework.AssertionFailedError: expected:<...ello &amp;&lt;&gt; &[A]ring; &aring; &#960;...> but was:<...ello &amp;&lt;&gt; &[a]ring; &aring; &#960;...>
Jsoup_5,java.lang.StringIndexOutOfBoundsException: String index out of range: 14
Jsoup_6,java.lang.IllegalArgumentException: Illegal group reference: group index is missing
Jsoup_6,java.lang.IllegalArgumentException: character to be escaped is missing
Jsoup_7,junit.framework.AssertionFailedError: expected:<...</script><noscript><[/noscript></head><body><p>two</p><p>three</p></body]></html>> but was:<...</script><noscript><[body><p>two</p><body><p>three</p></body></body></noscript></head]></html>>
Jsoup_8,java.lang.NullPointerException
Jsoup_9,junit.framework.AssertionFailedError: expected:<...<> Å π π 新 there &! [¾]> but was:<...<> Å π π 新 there &! [&frac34;]>
Jsoup_10,junit.framework.AssertionFailedError: expected:<...tp://jsoup.org/path/[file]?foo> but was:<...tp://jsoup.org/path/[]?foo>
Jsoup_11,org.jsoup.select.Selector$SelectorParseException: Could not parse query ':not(p)': unexpected token at ':not(p)'
Jsoup_12,org.jsoup.select.Selector$SelectorParseException: Could not parse query '=x|y]': unexpected token at '=x|y]'
Jsoup_13,junit.framework.AssertionFailedError
Jsoup_13,junit.framework.AssertionFailedError: expected:<[http://jsoup.org]> but was:<[]>
Jsoup_14,junit.framework.AssertionFailedError: expected:<one[]> but was:<one[<p>two]>
Jsoup_15,junit.framework.AssertionFailedError: expected:<Hello []There> but was:<Hello ['); i++; ]There>
Jsoup_16,"junit.framework.AssertionFailedError: expected:<<!DOCTYPE html [""]http://www.ibm.com/d...> but was:<<!DOCTYPE html []http://www.ibm.com/d...>"
Jsoup_17,junit.framework.AssertionFailedError: expected:<[0
Jsoup_18,junit.framework.AssertionFailedError: expected:<one []> but was:<one [
Jsoup_18,"junit.framework.AssertionFailedError: expected:<<a href=""one"" []id=""two""></a>> but was:<<a href=""one"" [="""" ]id=""two""></a>>"
Jsoup_19,"junit.framework.AssertionFailedError: expected:<<img [src=""cid:12345"" /> "
Jsoup_20,junit.framework.AssertionFailedError: expected:<[One]> but was:<[]>
Jsoup_21,java.util.regex.PatternSyntaxException: Unclosed character class near index 3
Jsoup_22,junit.framework.AssertionFailedError: expected:<2> but was:<3>
Jsoup_23,junit.framework.AssertionFailedError: expected:<[&sup1;&sup2;&sup3;&frac14;&frac12;&]frac34;> but was:<[⊃1;⊃2;⊃3;&amp;frac14;&amp;frac12;&amp;]frac34;>
Jsoup_24,junit.framework.AssertionFailedError: expected:<...ocument.write('</scr['] + 'ipt>');
Jsoup_25,junit.framework.AssertionFailedError: expected:<One[
Jsoup_26,java.lang.NullPointerException
Jsoup_27,junit.framework.AssertionFailedError: expected:<[utf]-8> but was:<[UTF]-8>
Jsoup_28,junit.framework.AssertionFailedError: expected:<One [&amp;clubsuit]e; ♣> but was:<One [♣]e; ♣>
Jsoup_28,junit.framework.AssertionFailedError: expected:<Hello &<> ® Å [&angst] π π 新 there &! ¾ © ...> but was:<Hello &<> ® Å [Å] π π 新 there &! ¾ © ...>
Jsoup_28,junit.framework.AssertionFailedError: expected:<...23&mid-size=true&ok=[&wr]> but was:<...23&mid-size=true&ok=[≀]>
Jsoup_29,junit.framework.AssertionFailedError: expected:<Hello[ there] now> but was:<Hello[
Jsoup_30,junit.framework.AssertionFailedError
Jsoup_31,junit.framework.AssertionFailedError: expected:<<[?xml encoding='UTF-8' ?]> <body> One </body>...> but was:<<[!--?xml encoding='UTF-8' ?--]> <body> One </body>...>
Jsoup_32,junit.framework.AssertionFailedError
Jsoup_33,"junit.framework.AssertionFailedError: expected:<...src=""/foo""></script>[<div id=""2""><img /><img /></div><a id=""3""></a><i></i><foo /><foo>One</foo> <hr /> hr text <hr />] hr text two> but was:<...src=""/foo""></script>[&lt;div id=2&gt;&lt;img /&gt;&lt;img&gt;&lt;/div&gt;&lt;a id=3 /&gt;&lt;i /&gt;&lt;foo /&gt;&lt;foo&gt;One&lt;/foo&gt; &lt;hr /&gt; hr text &lt;hr&gt;] hr text two>"
Jsoup_34,java.lang.ArrayIndexOutOfBoundsException: 11
Jsoup_34,java.lang.ArrayIndexOutOfBoundsException: 8
Jsoup_35,"junit.framework.AssertionFailedError: expected:<...com/"">Link</a>"
Jsoup_36,java.nio.charset.IllegalCharsetNameException: charset=iso-8859-1
Jsoup_36,"java.nio.charset.IllegalCharsetNameException: UTF-8"""
Jsoup_37,junit.framework.AssertionFailedError: expected:<[   
Jsoup_38,junit.framework.AssertionFailedError: expected:<<img />
Jsoup_39,junit.framework.AssertionFailedError: expected:<[One]> but was:<[]>
Jsoup_40,java.lang.IllegalArgumentException: String must not be empty
Jsoup_41,"junit.framework.AssertionFailedError: expected: org.jsoup.nodes.Element<<p class=""one"">One</p>> but was: org.jsoup.nodes.Element<<p class=""one"">One</p>>"
Jsoup_42,junit.framework.AssertionFailedError: expected:<6> but was:<7>
Jsoup_43,junit.framework.AssertionFailedError
Jsoup_44,junit.framework.AssertionFailedError: Search text did not come after comment
Jsoup_45,junit.framework.AssertionFailedError: expected:<1> but was:<5>
Jsoup_46,junit.framework.AssertionFailedError: Should not have contained a '?'.
Jsoup_47,"junit.framework.AssertionFailedError: expected:<<a title=""[&lt;p>One&lt;]/p>"">One</a>> but was:<<a title=""[<p>One<]/p>"">One</a>>"
Jsoup_48,"junit.framework.AssertionFailedError: expected:<no-cache[, no-store]> but was:<no-cache[]>"
Jsoup_49,junit.framework.AssertionFailedError: expected:<...><div3>Check</div3><[div4></div4><div1></div1><div2></div2><]/body>> but was:<...><div3>Check</div3><[]/body>>
Jsoup_50,junit.framework.AssertionFailedError
Jsoup_51,junit.framework.AssertionFailedError: expected:<[Yes]> but was:<[]>
Jsoup_52,"junit.framework.AssertionFailedError: expected:<....0"" encoding=""UTF-8""[?]>"
Jsoup_52,"junit.framework.AssertionFailedError: expected:<<?xml encoding=[""UTF-8""]?> <body> One </body...> but was:<<?xml encoding=['UTF-8' ]?> <body> One </body...>"
Jsoup_53,org.jsoup.select.Selector$SelectorParseException: Could not parse query 'div[data='End]'': unexpected token at '''
Jsoup_54,org.w3c.dom.DOMException: INVALID_CHARACTER_ERR: An invalid or illegal XML character is specified. 
Jsoup_55,junit.framework.AssertionFailedError: SelfClosingStartTag ignores last character
Jsoup_56,"junit.framework.AssertionFailedError: expected:<<!DOCTYPE html [SYSTEM ]""exampledtdfile.dtd""...> but was:<<!DOCTYPE html []""exampledtdfile.dtd""...>"
Jsoup_57,java.util.ConcurrentModificationException
Jsoup_58,junit.framework.AssertionFailedError
Jsoup_59,java.lang.IllegalArgumentException: String must not be empty
Jsoup_60,junit.framework.AssertionFailedError: Expected exception: org.jsoup.select.Selector$SelectorParseException
Jsoup_61,junit.framework.AssertionFailedError: expected:<3> but was:<1>
Jsoup_61,junit.framework.AssertionFailedError
Jsoup_62,junit.framework.AssertionFailedError: expected:<<r> <X> A <[/X> <y> B </y]> </r>> but was:<<r> <X> A <[y> B </y> </X]> </r>>
Jsoup_63,junit.framework.AssertionFailedError: expected:<18: [Tag cannot be self closing; not a void tag]> but was:<18: [Self closing flag not acknowledged]>
Jsoup_64,"junit.framework.AssertionFailedError: expected:<...ead><style></style><[meta name=""foo""></head><body>One]</body></html>> but was:<...ead><style></style><[/head><body>&lt;meta name=foo&gt;&lt;/head&gt;&lt;body&gt;One&lt;/body&gt;&lt;/html&gt;]</body></html>>"
Jsoup_65,junit.framework.AssertionFailedError
Jsoup_66,java.lang.NullPointerException
Jsoup_67,junit.framework.AssertionFailedError
Jsoup_68,java.lang.StackOverflowError
Jsoup_69,junit.framework.AssertionFailedError: expected:<2> but was:<3>
Jsoup_70,junit.framework.AssertionFailedError: expected:<code[
Jsoup_71,org.jsoup.select.Selector$SelectorParseException: Could not parse query 'p:matchText': unexpected token at ':matchText'
Jsoup_72,java.lang.StringIndexOutOfBoundsException: String index out of range: -1
Jsoup_73,junit.framework.AssertionFailedError: expected:<http://[www.w3.org/1999/xhtml]> but was:<http://[example.com/clip]>
Jsoup_74,junit.framework.AssertionFailedError: expected:<This[isonelong]word> but was:<This[­is​one‌long‍]word>
Jsoup_75,"junit.framework.AssertionFailedError: expected:<...mg src=""foo"" noshade[] nohref async autofo...> but was:<...mg src=""foo"" noshade[=""""] nohref async autofo...>"
Jsoup_76,junit.framework.AssertionFailedError: expected:<
Jsoup_77,junit.framework.AssertionFailedError: expected:<<div>
Jsoup_78,org.jsoup.UncheckedIOException: java.io.IOException: Underlying input stream returned zero bytes
Jsoup_79,java.lang.UnsupportedOperationException: Leaf Nodes do not have child nodes.
Jsoup_80,"java.lang.IndexOutOfBoundsException: Index: 0, Size: 0"
Jsoup_81,junit.framework.AssertionFailedError: expected:<Hell[ö Wö]rld!> but was:<Hell[� W�]rld!>
Jsoup_82,junit.framework.AssertionFailedError: expected:<[UTF-8]> but was:<[ISO-2022-CN]>
Jsoup_83,"junit.framework.AssertionFailedError: expected:<<p[></p><p></p><div id=""one""><span>Two</span></div]>> but was:<<p[ <p<div id=""one"" <span>Two</p]>>"
Jsoup_83,junit.framework.AssertionFailedError: expected:<<p =a>One<a[></a></p><p><a>Something</a></p><a]>Else</a>> but was:<<p =a>One<a[ <p>Something</a></p><a <p]>Else</a>>
Jsoup_84,org.w3c.dom.DOMException: NAMESPACE_ERR: An attempt is made to create or change an object in a way which is incorrect with regard to namespaces.
Jsoup_85,junit.framework.AssertionFailedError: Expected exception: java.lang.IllegalArgumentException
Jsoup_86,"java.lang.IndexOutOfBoundsException: Index: 0, Size: 0"
Jsoup_87,junit.framework.AssertionFailedError: expected:<<A> ONE <[/A> <A> Two] </A>> but was:<<A> ONE <[A> Two </A>] </A>>
Jsoup_88,junit.framework.AssertionFailedError: expected:<> but was:<null>
Jsoup_89,java.lang.NullPointerException
Jsoup_90,java.lang.ArrayIndexOutOfBoundsException: 1
Jsoup_91,junit.framework.AssertionFailedError
Jsoup_92,"junit.framework.AssertionFailedError: expected:<<p One=""[One"" one=""Three"" two=""Four]"" Two=""Six"">Text</p>> but was:<<p One=""[Two"" one=""Three"" two=""Five]"" Two=""Six"">Text</p>>"
Jsoup_92,"junit.framework.AssertionFailedError: expected:<<p One=""[One"" ONE=""Two"" one=""Three"" two=""Six]"" Two=""Eight"">Text</...> but was:<<p One=""[Four"" ONE=""Five"" one=""Three"" two=""Seven]"" Two=""Eight"">Text</...>"
Jsoup_93,junit.framework.AssertionFailedError: expected:<6> but was:<7>
JxPath_1,java.lang.NullPointerException
JxPath_2,"junit.framework.AssertionFailedError: Evaluating value iterator <test:nodeSet()> expected:<[Nested: Name 1, Nested: Name 2]> but was:<[[/beans[1], /beans[2]]]>"
JxPath_3,junit.framework.AssertionFailedError
JxPath_4,junit.framework.AssertionFailedError: expected:<foo> but was:< foo >
JxPath_5,org.apache.commons.jxpath.JXPathException: Cannot compare pointers that do not belong to the same tree: '' and '$var'
JxPath_6,junit.framework.AssertionFailedError: Evaluating <$d = 'a'> expected:<true> but was:<false>
JxPath_7,junit.framework.AssertionFailedError: Evaluating <$array > 0> expected:<true> but was:<false>
JxPath_8,junit.framework.AssertionFailedError: Evaluating <$nan > $nan> expected:<false> but was:<true>
JxPath_9,junit.framework.AssertionFailedError: Evaluating <$nan = $nan> expected:<false> but was:<true>
JxPath_10,junit.framework.AssertionFailedError: Evaluating </idonotexist >= 0> expected:<false> but was:<true>
JxPath_11,junit.framework.AssertionFailedError: Evaluating <vendor[1]/product[1]/rate:amount[1]/@rate:discount> expected:<10%> but was:<20%>
JxPath_11,org.apache.commons.jxpath.JXPathNotFoundException: No value for xpath: vendor[1]/product[1]/rate:amount[1]/@rate:discount
JxPath_12,org.apache.commons.jxpath.JXPathNotFoundException: No value for xpath: /ElementA/B:ElementB
JxPath_13,org.apache.commons.jxpath.JXPathException: Unknown namespace prefix: A
JxPath_14,junit.framework.AssertionFailedError: Evaluating <round('NaN')> expected:<NaN> but was:<0.0>
JxPath_15,junit.framework.AssertionFailedError: Evaluating </vendor[1]/contact[4] | /vendor[1]/contact[1]> expected:<John> but was:<Jack Black>
JxPath_16,junit.framework.ComparisonFailure: Evaluating pointer <//location[2]/following::node()[2]> expected:<...vendor[1]/product[1][]> but was:<...vendor[1]/product[1][/product:name[1]]>
JxPath_16,junit.framework.ComparisonFailure: Evaluating pointer <//location[2]/preceding::node()[3]> expected:<...ndor[1]/location[1]/[employeeCount[1]/text()][1]> but was:<...ndor[1]/location[1]/[address][1]>
JxPath_17,"junit.framework.AssertionFailedError: Evaluating value iterator <vendor/product/price:amount/@*> expected:<[10%, 20%]> but was:<[20%]>"
JxPath_18,"junit.framework.AssertionFailedError: Evaluating value iterator <vendor/product/price:amount/attribute::node()> expected:<[10%, 20%]> but was:<[]>"
JxPath_19,"junit.framework.AssertionFailedError: Evaluating pointer iterator </a:doc/a:elem> expected:<[/a:doc[1]/a:elem[1], /a:doc[1]/a:elem[2]]> but was:<[/a:doc[1]/a:elem[1], /a:doc[1]/a:elem[1]]>"
JxPath_20,junit.framework.AssertionFailedError: Evaluating <$a + $b <= $c> expected:<true> but was:<false>
JxPath_21,junit.framework.AssertionFailedError: Evaluating value iterator <$testnull/nothing[1]> expected:<[null]> but was:<[]>
JxPath_21,junit.framework.AssertionFailedError: Evaluating <map/b != map/a> expected:<true> but was:<false>
JxPath_22,junit.framework.ComparisonFailure: expected:</b:foo[1]/[test[1]]> but was:</b:foo[1]/[node()[2]]>
Lang_1,"java.lang.NumberFormatException: For input string: ""80000000"""
Lang_3,junit.framework.AssertionFailedError
Lang_4,junit.framework.AssertionFailedError: Incorrect codepoint consumption expected:<3> but was:<0>
Lang_5,java.lang.IllegalArgumentException: Invalid locale format: _GB
Lang_6,java.lang.StringIndexOutOfBoundsException: String index out of range: 2
Lang_7,junit.framework.AssertionFailedError: Expected NumberFormatException
Lang_8,	at sun.reflect.NativeMethodAccessorImpl.invoke0(Native Method)
Lang_9,	at org.apache.commons.lang3.time.FastDateParserTest.testLANG_832(FastDateParserTest.java:348)
Lang_10,	at org.apache.commons.lang3.time.FastDateParserTest.testLANG_831(FastDateParserTest.java:348)
Lang_11,junit.framework.AssertionFailedError: Message (bound must be positive) must contain 'start'
Lang_12,java.lang.ArrayIndexOutOfBoundsException: 292402521
Lang_13,org.apache.commons.lang3.SerializationException: ClassNotFoundException while reading cloned object data
Lang_14,junit.framework.AssertionFailedError
Lang_15,junit.framework.AssertionFailedError: expected:<2> but was:<0>
Lang_16,java.lang.NumberFormatException: 0Xfade is not a valid number.
Lang_17,junit.framework.ComparisonFailure: expected:<𠮷[A]> but was:<𠮷[?]>
Lang_19,java.lang.StringIndexOutOfBoundsException: String index out of range: 19
Lang_20,java.lang.NullPointerException
Lang_21,junit.framework.AssertionFailedError: LANG-677
Lang_22,junit.framework.AssertionFailedError: expected:<-1073741824> but was:<-2147483648>
Lang_23,"junit.framework.AssertionFailedError: registry, hashcode()"
Lang_24,junit.framework.AssertionFailedError: isNumber(String) LANG-664 failed
Lang_26,"junit.framework.ComparisonFailure: expected:<fredag, week [53]> but was:<fredag, week [01]>"
Lang_27,java.lang.StringIndexOutOfBoundsException: String index out of range: 4
Lang_28,junit.framework.ComparisonFailure: Failed to unescape numeric entities supplementary characters expected:<[𐰢]> but was:<[ఢ]>
Lang_29,junit.framework.AssertionFailedError: expected:<0> but was:<0.0>
Lang_30,junit.framework.AssertionFailedError: expected:<true> but was:<false>
Lang_31,junit.framework.AssertionFailedError: expected:<false> but was:<true>
Lang_32,junit.framework.AssertionFailedError: Expected: <null> but was: []
Lang_33,java.lang.NullPointerException
Lang_34,junit.framework.AssertionFailedError: Expected: <null> but was: {}
Lang_35,java.lang.ClassCastException: [Ljava.lang.Object; cannot be cast to [Ljava.lang.String;
Lang_36,java.lang.NumberFormatException: 2. is not a valid number.
Lang_37,java.lang.ArrayStoreException
Lang_38,junit.framework.ComparisonFailure: dateTime expected:<2009-10-16T[16]:42:16.000Z> but was:<2009-10-16T[08]:42:16.000Z>
Lang_39,java.lang.NullPointerException
Lang_40,junit.framework.AssertionFailedError: en: 0 ß SS
Lang_41,junit.framework.ComparisonFailure: expected:<String[[]]> but was:<String[;]>
Lang_42,junit.framework.ComparisonFailure: High unicode was not escaped correctly expected:<&#[119650];> but was:<&#[55348;&#57186];>
Lang_43,java.lang.OutOfMemoryError: Requested array size exceeds VM limit
Lang_44,java.lang.StringIndexOutOfBoundsException: String index out of range: 0
Lang_45,java.lang.StringIndexOutOfBoundsException: String index out of range: 15
Lang_46,junit.framework.ComparisonFailure: expected:<...tring with a slash ([]/) in it> but was:<...tring with a slash ([\]/) in it>
Lang_47,java.lang.NullPointerException
Lang_49,junit.framework.AssertionFailedError: expected:<1> but was:<100>
Lang_50,junit.framework.AssertionFailedError: expected same:<de_DE> was not:<en_US>
Lang_51,java.lang.StringIndexOutOfBoundsException: String index out of range: 3
Lang_52,junit.framework.ComparisonFailure: expected:<...ipt>alert(\'aaa\');<[\]/script>\';> but was:<...ipt>alert(\'aaa\');<[]/script>\';>
Lang_53,junit.framework.AssertionFailedError: Minute Round Up Failed expected:<Mon Jul 02 08:09:00 PDT 2007> but was:<Mon Jul 02 08:01:00 PDT 2007>
Lang_54,java.lang.IllegalArgumentException: Invalid locale format: fr__POSIX
Lang_55,junit.framework.AssertionFailedError
Lang_56,org.apache.commons.lang.SerializationException: java.io.NotSerializableException: org.apache.commons.lang.time.FastDateFormat$PaddedNumberField
Lang_57,java.lang.NullPointerException
Lang_58,java.lang.NumberFormatException: 1l is not a valid number.
Lang_59,java.lang.ArrayIndexOutOfBoundsException
Lang_60,junit.framework.AssertionFailedError: The contains(char) method is looking beyond the end of the string
Lang_61,junit.framework.AssertionFailedError: expected:<-1> but was:<6>
Lang_62,junit.framework.ComparisonFailure: expected:<[&#12345678;]> but was:<[慎]>
Lang_63,junit.framework.ComparisonFailure: expected:<[09]> but was:<[-2]>
Lang_64,junit.framework.AssertionFailedError
Lang_65,junit.framework.AssertionFailedError: Truncate Calendar.SECOND expected:<Sun Oct 31 01:02:03 MDT 2004> but was:<Sun Oct 31 01:02:03 MST 2004>
Math_1,"org.apache.commons.math3.fraction.FractionConversionException: illegal state: Overflow trying to convert 0.5 to fraction (2,499,999,794/4,999,999,587)"
Math_2,junit.framework.AssertionFailedError
Math_2,junit.framework.AssertionFailedError: sample=-50
Math_3,java.lang.ArrayIndexOutOfBoundsException: 1
Math_4,java.lang.NullPointerException
Math_5,"junit.framework.AssertionFailedError: expected:<(NaN, NaN)> but was:<(Infinity, Infinity)>"
Math_6,junit.framework.AssertionFailedError
Math_7,junit.framework.AssertionFailedError
Math_8,java.lang.ArrayStoreException: org.apache.commons.math3.distribution.DiscreteRealDistributionTest$2
Math_9,junit.framework.AssertionFailedError: arrays first differed at element [0]; expected:<0.028581782127907646> but was:<0.028581782243293483>
Math_10,junit.framework.AssertionFailedError: expected:<0.0> but was:<NaN>
Math_11,junit.framework.AssertionFailedError: expected:<0.1732841149422468> but was:<0.434358862058644>
Math_12,junit.framework.AssertionFailedError: expected:<10.688186123440644> but was:<13.675503685260901>
Math_12,junit.framework.AssertionFailedError: expected:<3.176024051402272> but was:<0.6542132477988758>
Math_12,junit.framework.AssertionFailedError: expected:<23.951334711900845> but was:<1.9236285029185378>
Math_13,java.lang.OutOfMemoryError: Java heap space
Math_14,java.lang.OutOfMemoryError: Java heap space
Math_15,junit.framework.AssertionFailedError: expected:<-1.0> but was:<1.0>
Math_15,junit.framework.AssertionFailedError
Math_16,junit.framework.AssertionFailedError: expected:<0.0> but was:<Infinity>
Math_16,junit.framework.AssertionFailedError
Math_17,junit.framework.AssertionFailedError: assersion failed Multiply #37 x = NaN flags = 1
Math_18,junit.framework.AssertionFailedError: expected:<11.10000000142497> but was:<8.0>
Math_19,"java.lang.Exception: Unexpected exception, expected<org.apache.commons.math3.exception.NumberIsTooLargeException> but was<org.apache.commons.math3.exception.MathIllegalStateException>"
Math_19,junit.framework.AssertionFailedError
Math_20,junit.framework.AssertionFailedError: Out of bounds (0.562780738226138 > 0.5)
Math_21,junit.framework.AssertionFailedError: expected:<0.0> but was:<0.0180652917341963>
Math_21,junit.framework.AssertionFailedError
Math_22,junit.framework.AssertionFailedError: expected:<true> but was:<false>
Math_22,junit.framework.AssertionFailedError: expected:<false> but was:<true>
Math_23,junit.framework.AssertionFailedError
Math_23,junit.framework.AssertionFailedError: Best point not reported
Math_24,junit.framework.AssertionFailedError: Best point not reported
Math_25,junit.framework.AssertionFailedError: Expected exception: org.apache.commons.math3.exception.MathIllegalStateException
Math_26,junit.framework.AssertionFailedError: an exception should have been thrown
Math_27,junit.framework.AssertionFailedError: expected:<2.1691754E9> but was:<-2.125791896E9>
Math_28,org.apache.commons.math3.exception.MaxCountExceededException: illegal state: maximal count (100) exceeded
Math_29,"junit.framework.AssertionFailedError: entry #0, left = 0.0, right = 0.0 expected:<NaN> but was:<0.0>"
Math_29,"junit.framework.AssertionFailedError: entry #5, left = 0.0, right = Infinity expected:<NaN> but was:<0.0>"
Math_30,junit.framework.AssertionFailedError
Math_31,junit.framework.AssertionFailedError: Failing to calculate inverse cumulative probability
Math_31,org.apache.commons.math3.exception.ConvergenceException: illegal state: Continued fraction diverged to NaN for value 0.5
Math_32,java.lang.ClassCastException: org.apache.commons.math3.geometry.partitioning.BoundaryAttribute cannot be cast to java.lang.Boolean
Math_33,junit.framework.AssertionFailedError
Math_34,junit.framework.AssertionFailedError: Expected exception: java.lang.UnsupportedOperationException
Math_35,junit.framework.AssertionFailedError: Expected exception: org.apache.commons.math3.exception.OutOfRangeException
Math_36,junit.framework.AssertionFailedError: expected:<5.0> but was:<NaN>
Math_37,junit.framework.AssertionFailedError: expected:<1.0> but was:<NaN>
Math_38,"org.apache.commons.math.optimization.direct.BOBYQAOptimizer$PathIsExploredException: If this exception is thrown, just remove it from the code prelim (at line 1752)"
Math_39,junit.framework.AssertionFailedError
Math_40,org.apache.commons.math.exception.TooManyEvaluationsException: illegal state: maximal count (100) exceeded: evaluations
Math_41,junit.framework.AssertionFailedError: expected:<1.6644508338125354> but was:<0.31909161062727365>
Math_42,junit.framework.AssertionFailedError
Math_43,junit.framework.AssertionFailedError: expected:<2.5> but was:<NaN>
Math_44,junit.framework.AssertionFailedError: going backard in time! (7.796578226186635 < 10.99)
Math_45,junit.framework.AssertionFailedError: Expected exception: org.apache.commons.math.exception.NumberIsTooLargeException
Math_46,junit.framework.AssertionFailedError
Math_47,junit.framework.AssertionFailedError
Math_48,"java.lang.Exception: Unexpected exception, expected<org.apache.commons.math.exception.ConvergenceException> but was<org.apache.commons.math.exception.TooManyEvaluationsException>"
Math_49,org.apache.commons.math.MathRuntimeException$6: map has been modified while iterating
Math_50,junit.framework.AssertionFailedError: Expected exception: org.apache.commons.math.exception.TooManyEvaluationsException
Math_51,"org.apache.commons.math.exception.TooManyEvaluationsException: illegal state: maximal count (3,624) exceeded: evaluations"
Math_52,junit.framework.AssertionFailedError: expected:<0.6228370359608201> but was:<NaN>
Math_53,junit.framework.AssertionFailedError
Math_54,junit.framework.AssertionFailedError: expected:<0.0> but was:<-Infinity>
Math_55,junit.framework.AssertionFailedError: expected:<1.0> but was:<0.0>
Math_56,junit.framework.AssertionFailedError: Wrong multidimensional index for [3][2] expected:<3> but was:<2>
Math_57,junit.framework.AssertionFailedError
Math_58,"org.apache.commons.math.exception.NotStrictlyPositiveException: -1.277 is smaller than, or equal to, the minimum (0)"
Math_59,"junit.framework.AssertionFailedError: max(50.0, -50.0) expected:<50.0> but was:<-50.0>"
Math_60,org.apache.commons.math.ConvergenceException: Continued fraction diverged to NaN for value ∞
Math_61,org.apache.commons.math.MathRuntimeException$4: the Poisson mean must be positive (-1)
Math_62,junit.framework.AssertionFailedError: expected:<-0.2719561293> but was:<-0.2719561278056452>
Math_63,junit.framework.AssertionFailedError
Math_64,junit.framework.AssertionFailedError: expected:<0.2578199266368004> but was:<0.2578330049004441>
Math_65,junit.framework.AssertionFailedError: expected:<0.004> but was:<0.0019737107108948474>
Math_66,junit.framework.AssertionFailedError: expected:<1880.5> but was:<18.0>
Math_66,junit.framework.AssertionFailedError: expected:<-0.2719561270319131> but was:<-0.2719561299044896>
Math_67,junit.framework.AssertionFailedError: expected:<-0.27195612846834> but was:<-0.27194301946870036>
Math_68,junit.framework.AssertionFailedError: expected:<0.2578330049> but was:<0.257819926636807>
Math_69,junit.framework.AssertionFailedError
Math_70,java.lang.NullPointerException
Math_71,junit.framework.AssertionFailedError: expected:<1.8782503799999986E9> but was:<1.878250479999994E9>
Math_71,junit.framework.AssertionFailedError: expected:<1.8782503799999986E9> but was:<1.878250439999994E9>
Math_72,junit.framework.AssertionFailedError: expected:<3.141592653589793> but was:<1.2246467991473532E-16>
Math_73,junit.framework.AssertionFailedError: Expecting IllegalArgumentException - non-bracketing
Math_74,junit.framework.AssertionFailedError
Math_75,junit.framework.AssertionFailedError: three (Object) pct expected:<0.5> but was:<1.0>
Math_76,junit.framework.AssertionFailedError: expected:<0.0> but was:<0.09336767546650937>
Math_77,junit.framework.AssertionFailedError: compare values   expected:<6.0> but was:<128.0>
Math_77,junit.framework.AssertionFailedError: compare values   expected:<6.0> but was:<-3.0>
Math_78,"org.apache.commons.math.MathRuntimeException$4: function values at endpoints do not have different signs.  Endpoints: [89.999, 153.1], Values: [-0.066, -1,142.11]"
Math_79,java.lang.NullPointerException
Math_80,junit.framework.AssertionFailedError: expected:<16828.208208485466> but was:<20654.74511575945>
Math_81,java.lang.ArrayIndexOutOfBoundsException: -1
Math_82,junit.framework.AssertionFailedError: expected:<10.0> but was:<11.5>
Math_83,junit.framework.AssertionFailedError: expected:<6.9> but was:<4.6000000000000005>
Math_84,junit.framework.AssertionFailedError
Math_85,"org.apache.commons.math.MathException: org.apache.commons.math.ConvergenceException: number of iterations=1, maximum iterations=2,147,483,647, initial=1, lower bound=0, upper bound=179,769,313,486,231,570,000,000,000,000,000,000,000,000,000,000,000,000,000,000,000,000,000,000,000,000,000,000,000,000,000,000,000,000,000,000,000,000,000,000,000,000,000,000,000,000,000,000,000,000,000,000,000,000,000,000,000,000,000,000,000,000,000,000,000,000,000,000,000,000,000,000,000,000,000,000,000,000,000,000,000,000,000,000,000,000,000,000,000,000,000,000,000,000,000,000,000,000,000,000,000,000,000, final a value=0, final b value=2, f(a)=-0.477, f(b)=0"
Math_86,junit.framework.AssertionFailedError: Expected exception: org.apache.commons.math.linear.NotPositiveDefiniteMatrixException
Math_87,junit.framework.AssertionFailedError: expected:<10.0> but was:<0.0>
Math_88,junit.framework.AssertionFailedError: expected:<1.0> but was:<0.0>
Math_89,java.lang.ClassCastException: java.lang.Object cannot be cast to java.lang.Comparable
Math_90,java.lang.IllegalArgumentException: Value not comparable to existing values.
Math_91,junit.framework.AssertionFailedError: expected:<-1> but was:<0>
Math_92,"junit.framework.AssertionFailedError: 48,22 expected:<27385657281648> but was:<27385657281647>"
Math_93,junit.framework.AssertionFailedError: 17!  expected:<3.55687428096E14> but was:<3.55687428096001E14>
Math_94,junit.framework.AssertionFailedError: expected:<98304> but was:<3440640>
Math_95,java.lang.IllegalArgumentException: Invalid endpoint parameters:  lowerBound=0.0 initial=-1.0 upperBound=1.7976931348623157E308
Math_96,junit.framework.AssertionFailedError: expected:<org.apache.commons.math.complex.Complex@98b00000> but was:<org.apache.commons.math.complex.Complex@18b00000>
Math_97,"java.lang.IllegalArgumentException: Function values at endpoints do not have different signs.  Endpoints: [3.0,3.141592653589793]  Values: [0.1411200080598672,1.2246467991473532E-16]"
Math_98,java.lang.ArrayIndexOutOfBoundsException: 2
Math_99,junit.framework.AssertionFailedError: expecting ArithmeticException
Math_100,java.lang.ArrayIndexOutOfBoundsException: 6
Math_101,"java.lang.StringIndexOutOfBoundsException: begin 5, end 6, length 5"
Math_102,	at sun.reflect.NativeMethodAccessorImpl.invoke0(Native Method)
Math_102,junit.framework.AssertionFailedError: chi-square test statistic expected:<114875.90421929007> but was:<3624883.3429077636>
Math_103,"org.apache.commons.math.MaxIterationsExceededException: Maximal number of iterations (10,000) exceeded"
Math_104,junit.framework.AssertionFailedError: expected:<0.632120558828558> but was:<0.6321205587649603>
Math_105,junit.framework.AssertionFailedError
Math_106,junit.framework.AssertionFailedError: invalid minus in improper fraction.
Mockito_1,java.lang.UnsupportedOperationException
Mockito_2,junit.framework.AssertionFailedError: It is forbidden to invoke Mockito.timeout() with negative value.
Mockito_2,junit.framework.AssertionFailedError: It is forbidden to create timer with negative value of timer's duration.
Mockito_3,java.lang.ArrayIndexOutOfBoundsException: 2
Mockito_3,"junit.framework.AssertionFailedError: expected:<[['a', 'b', 'c', 'again ?!']]> but was:<[[42, 42]]>"
Mockito_3,java.lang.ArrayIndexOutOfBoundsException: 1
Mockito_3,"junit.framework.AssertionFailedError: expected:<[['a', 'b']]> but was:<[[1]]>"
Mockito_4,"java.lang.Exception: Unexpected exception, expected<org.mockito.exceptions.verification.NoInteractionsWanted> but was<java.lang.ClassCastException>"
Mockito_4,"java.lang.Exception: Unexpected exception, expected<org.mockito.exceptions.verification.VerificationInOrderFailure> but was<java.lang.ClassCastException>"
Mockito_5,Argument(s) are different! Wanted:
Mockito_5,junit.framework.AssertionFailedError: 'org.mockito.internal.verification.VerificationOverTimeImpl' has some dependency to JUnit
Mockito_6,junit.framework.ComparisonFailure: expected:<null> but was:<0>
Mockito_6,junit.framework.ComparisonFailure: expected:<null> but was:<matched>
Mockito_7,org.mockito.exceptions.base.MockitoException: Raw extraction not supported for : 'null'
Mockito_8,java.lang.StackOverflowError
Mockito_9,org.mockito.exceptions.base.MockitoException: 
Mockito_10,org.mockito.exceptions.base.MockitoException: 
Mockito_11,junit.framework.AssertionFailedError
Mockito_12,java.lang.ClassCastException: sun.reflect.generics.reflectiveObjects.ParameterizedTypeImpl cannot be cast to java.lang.Class
Mockito_13,junit.framework.AssertionFailedError
Mockito_14,junit.framework.AssertionFailedError: 
Mockito_15,junit.framework.AssertionFailedError
Mockito_16,org.mockito.exceptions.misusing.MissingMethodInvocationException: 
Mockito_17,java.io.NotSerializableException: org.mockitousage.IMethods$$EnhancerByMockitoWithCGLIB$$a67cc788
Mockito_18,java.lang.NullPointerException
Mockito_19,junit.framework.AssertionFailedError: Expected: <null> but was: candidate2
Mockito_20,junit.framework.ComparisonFailure: expected:<hey!> but was:<null>
Mockito_20,junit.framework.ComparisonFailure: expected:<[inner] strength> but was:<[null] strength>
Mockito_21,Argument(s) are different! Wanted:
Mockito_21,org.mockito.internal.creation.instance.InstantationException: Unable to create mock instance of 'SomeInnerClass'.
Mockito_22,java.lang.RuntimeException
Mockito_22,junit.framework.AssertionFailedError: 
Mockito_23,java.io.NotSerializableException: org.mockito.internal.stubbing.defaultanswers.ReturnsDeepStubs$2
Mockito_24,junit.framework.AssertionFailedError: expected:<0> but was:<1>
Mockito_24,junit.framework.AssertionFailedError: expected:<1> but was:<2>
Mockito_25,java.lang.ClassCastException: org.mockito.internal.creation.jmock.ClassImposterizer$ClassWithSuperclassToWorkAroundCglibBug$$EnhancerByMockitoWithCGLIB$$7206ffd0 cannot be cast to java.lang.String
Mockito_26,junit.framework.AssertionFailedError: expected:<0.0> but was:<0>
Mockito_26,java.lang.ClassCastException: java.lang.Integer cannot be cast to java.lang.Double
Mockito_27,junit.framework.AssertionFailedError: 
Mockito_28,junit.framework.AssertionFailedError: expected same:<java.lang.Object@65ff5d53> was not:<mockedBean>
Mockito_29,"java.lang.Exception: Unexpected exception, expected<java.lang.AssertionError> but was<java.lang.NullPointerException>"
Mockito_30,"junit.framework.AssertionFailedError: Exception message should include oompa and lumpa, but was: "
Mockito_31,"junit.framework.ComparisonFailure: expected:<... unstubbed withArgs([oompa, lumpa]) method on mock> but was:<... unstubbed withArgs([]) method on mock>"
Mockito_32,junit.framework.AssertionFailedError: <'
Mockito_33,junit.framework.AssertionFailedError
Mockito_34,java.lang.ArrayIndexOutOfBoundsException: 0
Mockito_35,java.lang.NullPointerException
Mockito_36,java.lang.NullPointerException
Mockito_36,java.lang.NoSuchMethodError: java.lang.Object.get(I)Ljava/lang/Object;
Mockito_37,junit.framework.AssertionFailedError
Mockito_38,java.lang.NullPointerException
Time_1,junit.framework.AssertionFailedError
Time_2,java.lang.IllegalArgumentException: Types array must not contain duplicate: era and year
Time_3,junit.framework.ComparisonFailure: expected:<...10-30T02:30:00.000+0[1]:00> but was:<...10-30T02:30:00.000+0[2]:00>
Time_4,junit.framework.AssertionFailedError
Time_5,java.lang.UnsupportedOperationException: Field is not supported
Time_6,junit.framework.AssertionFailedError
Time_7,"org.joda.time.IllegalFieldValueException: Cannot parse ""2 29"": Value 29 for dayOfMonth must be in the range [1,28]"
Time_8,java.lang.IllegalArgumentException: Minutes out of range: -15
Time_9,junit.framework.AssertionFailedError
Time_10,"org.joda.time.IllegalFieldValueException: Value 29 for dayOfMonth must be in the range [1,28]"
Time_11,junit.framework.AssertionFailedError
Time_12,junit.framework.AssertionFailedError: expected:<0000-02-03> but was:<0001-02-03>
Time_12,junit.framework.AssertionFailedError: expected:<0000-02-03T04:05:06.007> but was:<0001-02-03T04:05:06.007>
Time_13,junit.framework.ComparisonFailure: expected:<PT[-]0.008S> but was:<PT[]0.008S>
Time_14,"org.joda.time.IllegalFieldValueException: Value 29 for dayOfMonth must be in the range [1,28]"
Time_15,junit.framework.AssertionFailedError
Time_16,junit.framework.AssertionFailedError: expected:<2004-05-01T12:20:30.000+09:00> but was:<2000-05-01T12:20:30.000+09:00>
Time_17,junit.framework.AssertionFailedError: expected:<2012-02-25T23:15:00.000-03:00> but was:<2012-02-25T23:15:00.000-02:00>
Time_18,"org.joda.time.IllegalFieldValueException: Value 29 for dayOfMonth must be in the range [1,28]"
Time_19,junit.framework.ComparisonFailure: expected:<...1-10-30T01:15:00.000[+01:00]> but was:<...1-10-30T01:15:00.000[Z]>
Time_20,"java.lang.IllegalArgumentException: Invalid format: ""2007-03-04 12:30 America/Dawson_Creek"" is malformed at ""_Creek"""
Time_22,junit.framework.AssertionFailedError: expected:<0> but was:<64>
Time_23,junit.framework.ComparisonFailure: expected:<[WET]> but was:<[Europe/London]>
Time_24,junit.framework.AssertionFailedError: expected:<2010-01-04> but was:<2008-12-29>
Time_25,junit.framework.ComparisonFailure: expected:<...10-28T02:30:00.000+0[4]:00> but was:<...10-28T02:30:00.000+0[3]:00>
Time_26,junit.framework.ComparisonFailure: expected:<...10-31T02:30:00.123+0[2]:00> but was:<...10-31T02:30:00.123+0[1]:00>
Time_27,"java.lang.IllegalArgumentException: Invalid format: ""PT1003199059S"" is malformed at ""1003199059S"""
