
=== Debug Info for Test: org.jfree.data.time.junit.TimeSeriesTests::testBug1832432 ===
Exception: java.lang.IllegalArgumentException: Requires start <= end.

org.jfree.data.time.TimeSeries:clone:857->[Method Call] Call Stack: org.jfree.data.time.TimeSeries.clone:857 -> org.jfree.data.time.TimeSeries.getItemCount
org.jfree.data.time.TimeSeries:clone:857->[Method Call] Call Stack: org.jfree.data.time.TimeSeries.clone:857 -> org.jfree.data.time.TimeSeries.createCopy
