
=== Debug Info for Test: org.jfree.chart.util.junit.ShapeListTests::testSerialization ===
Exception: junit.framework.AssertionFailedError: expected:<org.jfree.chart.util.ShapeList@1bb37866> but was:<org.jfree.chart.util.ShapeList@e55b209>

org.jfree.chart.util.ShapeList:<init>:59->[Method Call] Call Stack: org.jfree.chart.util.ShapeList.<init>:59 -> org.jfree.chart.util.AbstractObjectList.<init>

=== Debug Info for Test: org.jfree.chart.util.junit.ShapeListTests::testEquals ===
Exception: junit.framework.AssertionFailedError

org.jfree.chart.util.ShapeList:<init>:59->[Method Call] Call Stack: org.jfree.chart.util.ShapeList.<init>:59 -> org.jfree.chart.util.AbstractObjectList.<init>
org.jfree.chart.util.ShapeList:<init>:59->[Method Call] Call Stack: org.jfree.chart.util.ShapeList.<init>:59 -> org.jfree.chart.util.AbstractObjectList.<init>
