
=== Debug Info for Test: org.jfree.chart.util.junit.ShapeListTests::testSerialization ===
Exception: junit.framework.AssertionFailedError: expected:<org.jfree.chart.util.ShapeList@b75d3db8> but was:<org.jfree.chart.util.ShapeList@adfbb2a1>

org.jfree.chart.util.ShapeList:getShape:69->[Local Variables] {"index":0}
org.jfree.chart.util.ShapeList:getShape:70->[Method Call] Call Stack: org.jfree.chart.util.ShapeList.getShape:70 -> org.jfree.chart.util.ShapeList.get
org.jfree.chart.util.ShapeList:getShape:69->[Local Variables] {"index":1}
org.jfree.chart.util.ShapeList:getShape:70->[Method Call] Call Stack: org.jfree.chart.util.ShapeList.getShape:70 -> org.jfree.chart.util.ShapeList.get
org.jfree.chart.util.ShapeList:getShape:69->[Local Variables] {"index":2}
org.jfree.chart.util.ShapeList:getShape:70->[Method Call] Call Stack: org.jfree.chart.util.ShapeList.getShape:70 -> org.jfree.chart.util.ShapeList.get

=== Debug Info for Test: org.jfree.chart.util.junit.ShapeListTests::testEquals ===
Exception: junit.framework.AssertionFailedError

