
=== Debug Info for Test: com.google.javascript.jscomp.InlineFunctionsTest::testBug4944818 ===
Exception: junit.framework.AssertionFailedError:

com.google.javascript.jscomp.FunctionInjector:maybePrepareCall:445->[Local Variables] "{callNode\u003dCALL 15 [free_call: 1] [source_file: testcode]}"
com.google.javascript.jscomp.FunctionInjector:maybePrepareCall:446->[Method Call] Call Stack: com.google.javascript.jscomp.FunctionInjector.maybePrepareCall:446 -> com.google.javascript.jscomp.FunctionInjector.classifyCallSite
com.google.javascript.jscomp.FunctionInjector:maybePrepareCall:446->[Local Variables] {"callSiteType":"DECOMPOSABLE_EXPRESSION"}
com.google.javascript.jscomp.FunctionInjector:maybePrepareCall:447->[Method Call] Call Stack: com.google.javascript.jscomp.FunctionInjector.maybePrepareCall:447 -> com.google.javascript.jscomp.FunctionInjector$CallSiteType.prepare
com.google.javascript.jscomp.FunctionInjector:maybePrepareCall:445->[Local Variables] "{callNode\u003dCALL 10 [free_call: 1] [source_file: testcode]}"
com.google.javascript.jscomp.FunctionInjector:maybePrepareCall:446->[Method Call] Call Stack: com.google.javascript.jscomp.FunctionInjector.maybePrepareCall:446 -> com.google.javascript.jscomp.FunctionInjector.classifyCallSite
com.google.javascript.jscomp.FunctionInjector:maybePrepareCall:446->[Local Variables] {"callSiteType":"EXPRESSION"}
com.google.javascript.jscomp.FunctionInjector:maybePrepareCall:447->[Method Call] Call Stack: com.google.javascript.jscomp.FunctionInjector.maybePrepareCall:447 -> com.google.javascript.jscomp.FunctionInjector$CallSiteType.prepare

=== Debug Info for Test: com.google.javascript.jscomp.InlineFunctionsTest::testDoubleInlining1 ===
Exception: junit.framework.AssertionFailedError:


=== Debug Info for Test: com.google.javascript.jscomp.InlineFunctionsTest::testNoInlineIfParametersModified8 ===
Exception: junit.framework.AssertionFailedError:


=== Debug Info for Test: com.google.javascript.jscomp.InlineFunctionsTest::testNoInlineIfParametersModified9 ===
Exception: junit.framework.AssertionFailedError:


=== Debug Info for Test: com.google.javascript.jscomp.InlineFunctionsTest::testInlineFunctions6 ===
Exception: junit.framework.AssertionFailedError:

com.google.javascript.jscomp.FunctionInjector:maybePrepareCall:445->[Local Variables] "{callNode\u003dCALL 1 [free_call: 1] [source_file: testcode]}"
com.google.javascript.jscomp.FunctionInjector:maybePrepareCall:446->[Method Call] Call Stack: com.google.javascript.jscomp.FunctionInjector.maybePrepareCall:446 -> com.google.javascript.jscomp.FunctionInjector.classifyCallSite
com.google.javascript.jscomp.FunctionInjector:maybePrepareCall:446->[Local Variables] {"callSiteType":"DECOMPOSABLE_EXPRESSION"}
com.google.javascript.jscomp.FunctionInjector:maybePrepareCall:447->[Method Call] Call Stack: com.google.javascript.jscomp.FunctionInjector.maybePrepareCall:447 -> com.google.javascript.jscomp.FunctionInjector$CallSiteType.prepare
