
=== Debug Info for Test: com.google.javascript.jscomp.parsing.JsDocInfoParserTest::testStructuralConstructor2 ===
Exception: junit.framework.AssertionFailedError: extra warning: Bad type annotation. type not recognized due to syntax error

com.google.javascript.jscomp.parsing.JsDocInfoParser:parseTypeName:1947->[Local Variables] {"token":"QMARK"}
com.google.javascript.jscomp.parsing.JsDocInfoParser:parseTypeName:1948->[Control Flow] Branch Info: Line: 1948, Condition: if (unknown_condition_165), Executed: true
com.google.javascript.jscomp.parsing.JsDocInfoParser:parseTypeName:1949->[Method Call] Call Stack: com.google.javascript.jscomp.parsing.JsDocInfoParser.parseTypeName:1949 -> com.google.javascript.jscomp.parsing.JsDocInfoParser.reportGenericTypeSyntaxWarning

=== Debug Info for Test: com.google.javascript.jscomp.parsing.JsDocInfoParserTest::testStructuralConstructor3 ===
Exception: junit.framework.AssertionFailedError: extra warning: Bad type annotation. type not recognized due to syntax error

com.google.javascript.jscomp.parsing.JsDocInfoParser:parseTypeName:1947->[Local Variables] {"token":"STAR"}
com.google.javascript.jscomp.parsing.JsDocInfoParser:parseTypeName:1948->[Control Flow] Branch Info: Line: 1948, Condition: if (unknown_condition_165), Executed: true
com.google.javascript.jscomp.parsing.JsDocInfoParser:parseTypeName:1949->[Method Call] Call Stack: com.google.javascript.jscomp.parsing.JsDocInfoParser.parseTypeName:1949 -> com.google.javascript.jscomp.parsing.JsDocInfoParser.reportGenericTypeSyntaxWarning
