
=== Debug Info for Test: com.google.javascript.jscomp.TypeInferenceTest::testNoThisInference ===
Exception: java.lang.IllegalArgumentException: Node cannot be refined.

com.google.javascript.jscomp.type.ChainableReverseAbstractInterpreter:getNativeType:679->[Local Variables] {"typeId":"NULL_TYPE"}
com.google.javascript.jscomp.type.ChainableReverseAbstractInterpreter:getNativeType:680->[Method Call] Call Stack: com.google.javascript.jscomp.type.ChainableReverseAbstractInterpreter.getNativeType:680 -> com.google.javascript.rhino.jstype.JSTypeRegistry.getNativeType
