
=== Debug Info for Test: com.google.javascript.jscomp.parsing.JsDocInfoParserTest::testStructuralConstructor2 ===
Exception: junit.framework.AssertionFailedError: extra warning: Bad type annotation. type not recognized due to syntax error

com.google.javascript.jscomp.parsing.JsDocInfoParser:parseContextTypeExpression:1907->[Local Variables] {"token":"QMARK"}
com.google.javascript.jscomp.parsing.JsDocInfoParser:parseContextTypeExpression:1908->[Method Call] Call Stack: com.google.javascript.jscomp.parsing.JsDocInfoParser.parseContextTypeExpression:1908 -> com.google.javascript.jscomp.parsing.JsDocInfoParser.parseTypeName

=== Debug Info for Test: com.google.javascript.jscomp.parsing.JsDocInfoParserTest::testStructuralConstructor3 ===
Exception: junit.framework.AssertionFailedError: extra warning: Bad type annotation. type not recognized due to syntax error

com.google.javascript.jscomp.parsing.JsDocInfoParser:parseContextTypeExpression:1907->[Local Variables] {"token":"STAR"}
com.google.javascript.jscomp.parsing.JsDocInfoParser:parseContextTypeExpression:1908->[Method Call] Call Stack: com.google.javascript.jscomp.parsing.JsDocInfoParser.parseContextTypeExpression:1908 -> com.google.javascript.jscomp.parsing.JsDocInfoParser.parseTypeName
