
=== Debug Info for Test: com.google.javascript.jscomp.InlineFunctionsTest::testBug4944818 ===
Exception: junit.framework.AssertionFailedError:

com.google.javascript.jscomp.FunctionInjector:getDecomposer:437->[Method Call] Call Stack: com.google.javascript.jscomp.FunctionInjector.getDecomposer:437 -> com.google.javascript.jscomp.ExpressionDecomposer.<init>
com.google.javascript.jscomp.FunctionInjector:getDecomposer:437->[Method Call] Call Stack: com.google.javascript.jscomp.FunctionInjector.getDecomposer:437 -> com.google.javascript.jscomp.ExpressionDecomposer.<init>
com.google.javascript.jscomp.FunctionInjector:getDecomposer:437->[Method Call] Call Stack: com.google.javascript.jscomp.FunctionInjector.getDecomposer:437 -> com.google.javascript.jscomp.ExpressionDecomposer.<init>

=== Debug Info for Test: com.google.javascript.jscomp.InlineFunctionsTest::testDoubleInlining1 ===
Exception: junit.framework.AssertionFailedError:


=== Debug Info for Test: com.google.javascript.jscomp.InlineFunctionsTest::testNoInlineIfParametersModified8 ===
Exception: junit.framework.AssertionFailedError:


=== Debug Info for Test: com.google.javascript.jscomp.InlineFunctionsTest::testNoInlineIfParametersModified9 ===
Exception: junit.framework.AssertionFailedError:


=== Debug Info for Test: com.google.javascript.jscomp.InlineFunctionsTest::testInlineFunctions6 ===
Exception: junit.framework.AssertionFailedError:

com.google.javascript.jscomp.FunctionInjector:getDecomposer:437->[Method Call] Call Stack: com.google.javascript.jscomp.FunctionInjector.getDecomposer:437 -> com.google.javascript.jscomp.ExpressionDecomposer.<init>
com.google.javascript.jscomp.FunctionInjector:getDecomposer:437->[Method Call] Call Stack: com.google.javascript.jscomp.FunctionInjector.getDecomposer:437 -> com.google.javascript.jscomp.ExpressionDecomposer.<init>
