
=== Debug Info for Test: com.google.javascript.jscomp.TypeCheckTest::testIssue301 ===
Exception: junit.framework.AssertionFailedError: expected a warning


=== Debug Info for Test: com.google.javascript.rhino.jstype.FunctionTypeTest::testEmptyFunctionTypes ===
Exception: junit.framework.AssertionFailedError

