
=== Debug Info for Test: com.google.javascript.jscomp.DisambiguatePropertiesTest::testOneType4 ===
Exception: junit.framework.ComparisonFailure: expected:<{[]}> but was:<{[a=[[Foo.prototype]]]}>

com.google.javascript.jscomp.DisambiguateProperties:forJSTypeSystem:285->[Local Variables] "{propertiesToErrorFor\u003d{foobar\u003dERROR}, compiler\u003dcom.google.javascript.jscomp.Compiler@78ec89a6}"
com.google.javascript.jscomp.DisambiguateProperties:forJSTypeSystem:286->[Method Call] Call Stack: com.google.javascript.jscomp.DisambiguateProperties.forJSTypeSystem:286 -> com.google.javascript.jscomp.DisambiguateProperties$JSTypeSystem.<init>
com.google.javascript.jscomp.DisambiguateProperties:forJSTypeSystem:286->[Method Call] Call Stack: com.google.javascript.jscomp.DisambiguateProperties.forJSTypeSystem:286 -> com.google.javascript.jscomp.DisambiguateProperties.<init>

=== Debug Info for Test: com.google.javascript.jscomp.DisambiguatePropertiesTest::testTwoTypes4 ===
Exception: junit.framework.AssertionFailedError:

com.google.javascript.jscomp.DisambiguateProperties:forJSTypeSystem:285->[Local Variables] "{propertiesToErrorFor\u003d{foobar\u003dERROR}, compiler\u003dcom.google.javascript.jscomp.Compiler@4ed5a1b0}"
com.google.javascript.jscomp.DisambiguateProperties:forJSTypeSystem:286->[Method Call] Call Stack: com.google.javascript.jscomp.DisambiguateProperties.forJSTypeSystem:286 -> com.google.javascript.jscomp.DisambiguateProperties$JSTypeSystem.<init>
com.google.javascript.jscomp.DisambiguateProperties:forJSTypeSystem:286->[Method Call] Call Stack: com.google.javascript.jscomp.DisambiguateProperties.forJSTypeSystem:286 -> com.google.javascript.jscomp.DisambiguateProperties.<init>
