
=== Debug Info for Test: com.google.javascript.jscomp.TypeCheckTest::testImplementsExtendsLoop ===
Exception: junit.framework.AssertionFailedError: unexpected warning(s) : JSC_IMPLEMENTS_NON_INTERFACE. can only implement interfaces at [testcode] line 2 : 29, JSC_IMPLEMENTS_NON_INTERFACE. can only implement interfaces at [testcode] line 3 : 26 expected:<1> but was:<2>


=== Debug Info for Test: com.google.javascript.jscomp.TypeCheckTest::testImplementsLoop ===
Exception: junit.framework.AssertionFailedError: expected:<[Parse error. Cycle detected in inheritance chain of type T]> but was:<[can only implement interfaces]>


=== Debug Info for Test: com.google.javascript.jscomp.TypeCheckTest::testConversionFromInterfaceToRecursiveConstructor ===
Exception: java.lang.StackOverflowError

