
=== Debug Info for Test: com.google.javascript.jscomp.JSCompilerSourceExcerptProviderTest::testExceptNoNewLine ===
Exception: junit.framework.ComparisonFailure: expected:<foo2:third line> but was:<null>


=== Debug Info for Test: com.google.javascript.jscomp.JsMessageExtractorTest::testSyntaxError1 ===
Exception: junit.framework.AssertionFailedError


=== Debug Info for Test: com.google.javascript.jscomp.JsMessageExtractorTest::testSyntaxError2 ===
Exception: junit.framework.AssertionFailedError

