
=== Debug Info for Test: com.google.javascript.jscomp.JSCompilerSourceExcerptProviderTest::testExceptNoNewLine ===
Exception: junit.framework.ComparisonFailure: expected:<foo2:third line> but was:<null>

com.google.javascript.jscomp.SourceFile:setOriginalPath:163->[Local Variables] {"originalPath":"foo"}
com.google.javascript.jscomp.SourceFile:setOriginalPath:163->[Local Variables] {"originalPath":"bar"}
com.google.javascript.jscomp.SourceFile:setOriginalPath:163->[Local Variables] {"originalPath":"foo2"}

=== Debug Info for Test: com.google.javascript.jscomp.JsMessageExtractorTest::testSyntaxError1 ===
Exception: junit.framework.AssertionFailedError

com.google.javascript.jscomp.SourceFile:setOriginalPath:163->[Local Variables] {"originalPath":"testcode"}

=== Debug Info for Test: com.google.javascript.jscomp.JsMessageExtractorTest::testSyntaxError2 ===
Exception: junit.framework.AssertionFailedError

com.google.javascript.jscomp.SourceFile:setOriginalPath:163->[Local Variables] {"originalPath":"testcode"}
