
=== Debug Info for Test: com.google.javascript.jscomp.InlineObjectLiteralsTest::testBug545 ===
Exception: java.lang.RuntimeException: INTERNAL COMPILER ERROR.

com.google.javascript.jscomp.InlineObjectLiterals:<init>:56->[Local Variables] "{safeNameIdSupplier\u003dcom.google.javascript.jscomp.Compiler$4@149b0577, compiler\u003dcom.google.javascript.jscomp.Compiler@5740ff5e}"
com.google.javascript.jscomp.InlineObjectLiterals:<init>:56->[Local Variables] "{compiler\u003dcom.google.javascript.jscomp.Compiler@7219ac49}"
