
=== Debug Info for Test: com.google.javascript.rhino.jstype.RecordTypeTest::testRecursiveRecord ===
Exception: junit.framework.ComparisonFailure: expected:<{loop: [?], number: number, st...> but was:<{loop: [{...}], number: number, st...>

com.google.javascript.rhino.jstype.PrototypeObjectType:getOwnPropertyNames:179->[Method Call] Call Stack: com.google.javascript.rhino.jstype.PrototypeObjectType.getOwnPropertyNames:179 -> java.util.Map.keySet
com.google.javascript.rhino.jstype.PrototypeObjectType:getOwnPropertyNames:179->[Method Call] Call Stack: com.google.javascript.rhino.jstype.PrototypeObjectType.getOwnPropertyNames:179 -> java.util.Map.keySet
com.google.javascript.rhino.jstype.PrototypeObjectType:getOwnPropertyNames:179->[Method Call] Call Stack: com.google.javascript.rhino.jstype.PrototypeObjectType.getOwnPropertyNames:179 -> java.util.Map.keySet

=== Debug Info for Test: com.google.javascript.rhino.jstype.RecordTypeTest::testLongToString ===
Exception: junit.framework.ComparisonFailure: expected:<...number, a4: number, [a5: number, a6: number]}> but was:<...number, a4: number, [...]}>

com.google.javascript.rhino.jstype.PrototypeObjectType:getOwnPropertyNames:179->[Method Call] Call Stack: com.google.javascript.rhino.jstype.PrototypeObjectType.getOwnPropertyNames:179 -> java.util.Map.keySet
com.google.javascript.rhino.jstype.PrototypeObjectType:getOwnPropertyNames:179->[Method Call] Call Stack: com.google.javascript.rhino.jstype.PrototypeObjectType.getOwnPropertyNames:179 -> java.util.Map.keySet
