
=== Debug Info for Test: com.google.javascript.jscomp.CommandLineRunnerTest::testIssue297 ===
Exception: junit.framework.AssertionFailedError:

com.google.javascript.jscomp.DeadAssignmentsElimination:<init>:57->[Local Variables] "{compiler\u003dcom.google.javascript.jscomp.Compiler@57849ca1}"
com.google.javascript.jscomp.DeadAssignmentsElimination:<init>:58->[Method Call] Call Stack: com.google.javascript.jscomp.DeadAssignmentsElimination.<init>:58 -> com.google.javascript.jscomp.NodeTraversal$AbstractPostOrderCallback.<init>
com.google.javascript.jscomp.DeadAssignmentsElimination:<init>:58->[Method Call] Call Stack: com.google.javascript.jscomp.DeadAssignmentsElimination.<init>:58 -> com.google.javascript.jscomp.NodeTraversal$AbstractPostOrderCallback.<init>

=== Debug Info for Test: com.google.javascript.jscomp.DeadAssignmentsEliminationTest::testIssue297a ===
Exception: junit.framework.AssertionFailedError:

com.google.javascript.jscomp.DeadAssignmentsElimination:<init>:57->[Local Variables] "{compiler\u003dcom.google.javascript.jscomp.Compiler@11dee337}"
com.google.javascript.jscomp.DeadAssignmentsElimination:<init>:58->[Method Call] Call Stack: com.google.javascript.jscomp.DeadAssignmentsElimination.<init>:58 -> com.google.javascript.jscomp.NodeTraversal$AbstractPostOrderCallback.<init>

=== Debug Info for Test: com.google.javascript.jscomp.DeadAssignmentsEliminationTest::testIssue297b ===
Exception: junit.framework.AssertionFailedError:

com.google.javascript.jscomp.DeadAssignmentsElimination:<init>:57->[Local Variables] "{compiler\u003dcom.google.javascript.jscomp.Compiler@7997b197}"
com.google.javascript.jscomp.DeadAssignmentsElimination:<init>:58->[Method Call] Call Stack: com.google.javascript.jscomp.DeadAssignmentsElimination.<init>:58 -> com.google.javascript.jscomp.NodeTraversal$AbstractPostOrderCallback.<init>

=== Debug Info for Test: com.google.javascript.jscomp.DeadAssignmentsEliminationTest::testIssue297c ===
Exception: junit.framework.AssertionFailedError:

com.google.javascript.jscomp.DeadAssignmentsElimination:<init>:57->[Local Variables] "{compiler\u003dcom.google.javascript.jscomp.Compiler@6b5176f2}"
com.google.javascript.jscomp.DeadAssignmentsElimination:<init>:58->[Method Call] Call Stack: com.google.javascript.jscomp.DeadAssignmentsElimination.<init>:58 -> com.google.javascript.jscomp.NodeTraversal$AbstractPostOrderCallback.<init>

=== Debug Info for Test: com.google.javascript.jscomp.DeadAssignmentsEliminationTest::testIssue297d ===
Exception: junit.framework.AssertionFailedError:

com.google.javascript.jscomp.DeadAssignmentsElimination:<init>:57->[Local Variables] "{compiler\u003dcom.google.javascript.jscomp.Compiler@6b5176f2}"
com.google.javascript.jscomp.DeadAssignmentsElimination:<init>:58->[Method Call] Call Stack: com.google.javascript.jscomp.DeadAssignmentsElimination.<init>:58 -> com.google.javascript.jscomp.NodeTraversal$AbstractPostOrderCallback.<init>

=== Debug Info for Test: com.google.javascript.jscomp.DeadAssignmentsEliminationTest::testIssue297e ===
Exception: junit.framework.AssertionFailedError:

com.google.javascript.jscomp.DeadAssignmentsElimination:<init>:57->[Local Variables] "{compiler\u003dcom.google.javascript.jscomp.Compiler@6b5176f2}"
com.google.javascript.jscomp.DeadAssignmentsElimination:<init>:58->[Method Call] Call Stack: com.google.javascript.jscomp.DeadAssignmentsElimination.<init>:58 -> com.google.javascript.jscomp.NodeTraversal$AbstractPostOrderCallback.<init>

=== Debug Info for Test: com.google.javascript.jscomp.DeadAssignmentsEliminationTest::testIssue297f ===
Exception: junit.framework.AssertionFailedError:

com.google.javascript.jscomp.DeadAssignmentsElimination:<init>:57->[Local Variables] "{compiler\u003dcom.google.javascript.jscomp.Compiler@6b5176f2}"
com.google.javascript.jscomp.DeadAssignmentsElimination:<init>:58->[Method Call] Call Stack: com.google.javascript.jscomp.DeadAssignmentsElimination.<init>:58 -> com.google.javascript.jscomp.NodeTraversal$AbstractPostOrderCallback.<init>
