
=== Debug Info for Test: com.google.javascript.jscomp.TypeCheckTest::testGetTypedPercent5 ===
Exception: junit.framework.AssertionFailedError: expected:<100.0> but was:<62.5>

com.google.javascript.jscomp.TypeCheck:getTypedPercent:1913->[Local Variables] {"total":8}
com.google.javascript.jscomp.TypeCheck:getTypedPercent:1914->[Control Flow] Branch Info: Line: 1914, Condition: if (total == 0), Executed: false

=== Debug Info for Test: com.google.javascript.jscomp.TypeCheckTest::testGetTypedPercent6 ===
Exception: junit.framework.AssertionFailedError: expected:<100.0> but was:<66.66666666666667>

com.google.javascript.jscomp.TypeCheck:getTypedPercent:1913->[Local Variables] {"total":6}
com.google.javascript.jscomp.TypeCheck:getTypedPercent:1914->[Control Flow] Branch Info: Line: 1914, Condition: if (total == 0), Executed: false
