
=== Debug Info for Test: com.google.javascript.jscomp.NodeUtilTest::testLocalValue1 ===
Exception: junit.framework.AssertionFailedError

com.google.javascript.jscomp.NodeUtil:evaluatesToLocalValue:2416->[Method Call] Call Stack: com.google.javascript.jscomp.NodeUtil.evaluatesToLocalValue:2416 -> com.google.common.base.Predicates.alwaysFalse
com.google.javascript.jscomp.NodeUtil:evaluatesToLocalValue:2425->[Method Call] Call Stack: com.google.javascript.jscomp.NodeUtil.evaluatesToLocalValue:2425 -> com.google.javascript.rhino.Node.getType
com.google.javascript.jscomp.NodeUtil:evaluatesToLocalValue:2415->[Local Variables] "{value\u003dNAME x 1 [sourcename:  [testcode] ]}"
com.google.javascript.jscomp.NodeUtil:evaluatesToLocalValue:2416->[Method Call] Call Stack: com.google.javascript.jscomp.NodeUtil.evaluatesToLocalValue:2416 -> com.google.common.base.Predicates.alwaysFalse
com.google.javascript.jscomp.NodeUtil:evaluatesToLocalValue:2424->[Local Variables] {"locals":"ALWAYS_FALSE"}
com.google.javascript.jscomp.NodeUtil:evaluatesToLocalValue:2425->[Method Call] Call Stack: com.google.javascript.jscomp.NodeUtil.evaluatesToLocalValue:2425 -> com.google.javascript.rhino.Node.getType
com.google.javascript.jscomp.NodeUtil:evaluatesToLocalValue:2452->[Method Call] Call Stack: com.google.javascript.jscomp.NodeUtil.evaluatesToLocalValue:2452 -> com.google.javascript.jscomp.NodeUtil.isImmutableValue
com.google.javascript.jscomp.NodeUtil:evaluatesToLocalValue:2452->[Control Flow] Branch Info: Line: 2452, Condition: if (value == 0), Executed: true
com.google.javascript.jscomp.NodeUtil:evaluatesToLocalValue:2452->[Method Call] Call Stack: com.google.javascript.jscomp.NodeUtil.evaluatesToLocalValue:2452 -> com.google.common.base.Predicate.apply
com.google.javascript.jscomp.NodeUtil:evaluatesToLocalValue:2452->[Control Flow] Branch Info: Line: 2452, Condition: if (value != 0), Executed: false
com.google.javascript.jscomp.NodeUtil:evaluatesToLocalValue:2415->[Local Variables] "{value\u003dCALL 1 [sourcename:  [testcode] ] [free_call: 1]}"
com.google.javascript.jscomp.NodeUtil:evaluatesToLocalValue:2416->[Method Call] Call Stack: com.google.javascript.jscomp.NodeUtil.evaluatesToLocalValue:2416 -> com.google.common.base.Predicates.alwaysFalse
com.google.javascript.jscomp.NodeUtil:evaluatesToLocalValue:2425->[Method Call] Call Stack: com.google.javascript.jscomp.NodeUtil.evaluatesToLocalValue:2425 -> com.google.javascript.rhino.Node.getType
com.google.javascript.jscomp.NodeUtil:evaluatesToLocalValue:2458->[Method Call] Call Stack: com.google.javascript.jscomp.NodeUtil.evaluatesToLocalValue:2458 -> com.google.javascript.jscomp.NodeUtil.callHasLocalResult
com.google.javascript.jscomp.NodeUtil:evaluatesToLocalValue:2458->[Control Flow] Branch Info: Line: 2458, Condition: if (value == 0), Executed: true
com.google.javascript.jscomp.NodeUtil:evaluatesToLocalValue:2459->[Method Call] Call Stack: com.google.javascript.jscomp.NodeUtil.evaluatesToLocalValue:2459 -> com.google.javascript.jscomp.NodeUtil.isToStringMethodCall
com.google.javascript.jscomp.NodeUtil:evaluatesToLocalValue:2459->[Control Flow] Branch Info: Line: 2459, Condition: if (value == 0), Executed: true
com.google.javascript.jscomp.NodeUtil:evaluatesToLocalValue:2460->[Method Call] Call Stack: com.google.javascript.jscomp.NodeUtil.evaluatesToLocalValue:2460 -> com.google.common.base.Predicate.apply
com.google.javascript.jscomp.NodeUtil:evaluatesToLocalValue:2460->[Control Flow] Branch Info: Line: 2460, Condition: if (value != 0), Executed: false
com.google.javascript.jscomp.NodeUtil:evaluatesToLocalValue:2415->[Local Variables] "{value\u003dTHIS 1 [sourcename:  [testcode] ]}"
com.google.javascript.jscomp.NodeUtil:evaluatesToLocalValue:2416->[Method Call] Call Stack: com.google.javascript.jscomp.NodeUtil.evaluatesToLocalValue:2416 -> com.google.common.base.Predicates.alwaysFalse
com.google.javascript.jscomp.NodeUtil:evaluatesToLocalValue:2425->[Method Call] Call Stack: com.google.javascript.jscomp.NodeUtil.evaluatesToLocalValue:2425 -> com.google.javascript.rhino.Node.getType
com.google.javascript.jscomp.NodeUtil:evaluatesToLocalValue:2450->[Method Call] Call Stack: com.google.javascript.jscomp.NodeUtil.evaluatesToLocalValue:2450 -> com.google.common.base.Predicate.apply
com.google.javascript.jscomp.NodeUtil:evaluatesToLocalValue:2415->[Local Variables] "{value\u003dNAME arguments 1 [sourcename:  [testcode] ]}"
com.google.javascript.jscomp.NodeUtil:evaluatesToLocalValue:2416->[Method Call] Call Stack: com.google.javascript.jscomp.NodeUtil.evaluatesToLocalValue:2416 -> com.google.common.base.Predicates.alwaysFalse
com.google.javascript.jscomp.NodeUtil:evaluatesToLocalValue:2425->[Method Call] Call Stack: com.google.javascript.jscomp.NodeUtil.evaluatesToLocalValue:2425 -> com.google.javascript.rhino.Node.getType
com.google.javascript.jscomp.NodeUtil:evaluatesToLocalValue:2452->[Method Call] Call Stack: com.google.javascript.jscomp.NodeUtil.evaluatesToLocalValue:2452 -> com.google.javascript.jscomp.NodeUtil.isImmutableValue
com.google.javascript.jscomp.NodeUtil:evaluatesToLocalValue:2452->[Control Flow] Branch Info: Line: 2452, Condition: if (value == 0), Executed: true
com.google.javascript.jscomp.NodeUtil:evaluatesToLocalValue:2452->[Method Call] Call Stack: com.google.javascript.jscomp.NodeUtil.evaluatesToLocalValue:2452 -> com.google.common.base.Predicate.apply
com.google.javascript.jscomp.NodeUtil:evaluatesToLocalValue:2452->[Control Flow] Branch Info: Line: 2452, Condition: if (value != 0), Executed: false
com.google.javascript.jscomp.NodeUtil:evaluatesToLocalValue:2415->[Local Variables] "{value\u003dNEW 1 [sourcename:  [testcode] ]}"

=== Debug Info for Test: com.google.javascript.jscomp.PureFunctionIdentifierTest::testLocalizedSideEffects8 ===
Exception: junit.framework.AssertionFailedError: expected:<[A]> but was:<[A, f]>

com.google.javascript.jscomp.NodeUtil:evaluatesToLocalValue:2415->[Local Variables] "{value\u003dNEW 1 [sourcename: testcode] : A}"
com.google.javascript.jscomp.NodeUtil:evaluatesToLocalValue:2416->[Method Call] Call Stack: com.google.javascript.jscomp.NodeUtil.evaluatesToLocalValue:2416 -> com.google.common.base.Predicates.alwaysFalse
com.google.javascript.jscomp.NodeUtil:evaluatesToLocalValue:2424->[Local Variables] {"locals":"ALWAYS_FALSE"}
com.google.javascript.jscomp.NodeUtil:evaluatesToLocalValue:2425->[Method Call] Call Stack: com.google.javascript.jscomp.NodeUtil.evaluatesToLocalValue:2425 -> com.google.javascript.rhino.Node.getType
com.google.javascript.jscomp.NodeUtil:evaluatesToLocalValue:2415->[Local Variables] "{value\u003dNAME a 1 [sourcename: testcode] : A}"
com.google.javascript.jscomp.NodeUtil:evaluatesToLocalValue:2416->[Method Call] Call Stack: com.google.javascript.jscomp.NodeUtil.evaluatesToLocalValue:2416 -> com.google.common.base.Predicates.alwaysFalse
com.google.javascript.jscomp.NodeUtil:evaluatesToLocalValue:2425->[Method Call] Call Stack: com.google.javascript.jscomp.NodeUtil.evaluatesToLocalValue:2425 -> com.google.javascript.rhino.Node.getType
com.google.javascript.jscomp.NodeUtil:evaluatesToLocalValue:2452->[Method Call] Call Stack: com.google.javascript.jscomp.NodeUtil.evaluatesToLocalValue:2452 -> com.google.javascript.jscomp.NodeUtil.isImmutableValue
com.google.javascript.jscomp.NodeUtil:evaluatesToLocalValue:2452->[Control Flow] Branch Info: Line: 2452, Condition: if (value == 0), Executed: true
com.google.javascript.jscomp.NodeUtil:evaluatesToLocalValue:2452->[Method Call] Call Stack: com.google.javascript.jscomp.NodeUtil.evaluatesToLocalValue:2452 -> com.google.common.base.Predicate.apply
com.google.javascript.jscomp.NodeUtil:evaluatesToLocalValue:2452->[Control Flow] Branch Info: Line: 2452, Condition: if (value != 0), Executed: false

=== Debug Info for Test: com.google.javascript.jscomp.PureFunctionIdentifierTest::testLocalizedSideEffects9 ===
Exception: junit.framework.AssertionFailedError: expected:<[A]> but was:<[A, f]>

com.google.javascript.jscomp.NodeUtil:evaluatesToLocalValue:2415->[Local Variables] "{value\u003dNEW 1 [sourcename: testcode] : A}"
com.google.javascript.jscomp.NodeUtil:evaluatesToLocalValue:2416->[Method Call] Call Stack: com.google.javascript.jscomp.NodeUtil.evaluatesToLocalValue:2416 -> com.google.common.base.Predicates.alwaysFalse
com.google.javascript.jscomp.NodeUtil:evaluatesToLocalValue:2424->[Local Variables] {"locals":"ALWAYS_FALSE"}
com.google.javascript.jscomp.NodeUtil:evaluatesToLocalValue:2425->[Method Call] Call Stack: com.google.javascript.jscomp.NodeUtil.evaluatesToLocalValue:2425 -> com.google.javascript.rhino.Node.getType
com.google.javascript.jscomp.NodeUtil:evaluatesToLocalValue:2415->[Local Variables] "{value\u003dNAME a 1 [sourcename: testcode] : A}"
com.google.javascript.jscomp.NodeUtil:evaluatesToLocalValue:2416->[Method Call] Call Stack: com.google.javascript.jscomp.NodeUtil.evaluatesToLocalValue:2416 -> com.google.common.base.Predicates.alwaysFalse
com.google.javascript.jscomp.NodeUtil:evaluatesToLocalValue:2425->[Method Call] Call Stack: com.google.javascript.jscomp.NodeUtil.evaluatesToLocalValue:2425 -> com.google.javascript.rhino.Node.getType
com.google.javascript.jscomp.NodeUtil:evaluatesToLocalValue:2452->[Method Call] Call Stack: com.google.javascript.jscomp.NodeUtil.evaluatesToLocalValue:2452 -> com.google.javascript.jscomp.NodeUtil.isImmutableValue
com.google.javascript.jscomp.NodeUtil:evaluatesToLocalValue:2452->[Control Flow] Branch Info: Line: 2452, Condition: if (value == 0), Executed: true
com.google.javascript.jscomp.NodeUtil:evaluatesToLocalValue:2452->[Method Call] Call Stack: com.google.javascript.jscomp.NodeUtil.evaluatesToLocalValue:2452 -> com.google.common.base.Predicate.apply
com.google.javascript.jscomp.NodeUtil:evaluatesToLocalValue:2452->[Control Flow] Branch Info: Line: 2452, Condition: if (value != 0), Executed: false

=== Debug Info for Test: com.google.javascript.jscomp.PureFunctionIdentifierTest::testAnnotationInExterns_new4 ===
Exception: junit.framework.AssertionFailedError: expected:<[externObjSEThis]> but was:<[externObjSEThis, NEW STRING externObjSEThisMethod]>

com.google.javascript.jscomp.NodeUtil:evaluatesToLocalValue:2415->[Local Variables] "{value\u003dNEW 1 [sourcename: testcode] [side_effect_flags: 15] : externObjSEThis}"
com.google.javascript.jscomp.NodeUtil:evaluatesToLocalValue:2416->[Method Call] Call Stack: com.google.javascript.jscomp.NodeUtil.evaluatesToLocalValue:2416 -> com.google.common.base.Predicates.alwaysFalse
com.google.javascript.jscomp.NodeUtil:evaluatesToLocalValue:2424->[Local Variables] {"locals":"ALWAYS_FALSE"}
com.google.javascript.jscomp.NodeUtil:evaluatesToLocalValue:2425->[Method Call] Call Stack: com.google.javascript.jscomp.NodeUtil.evaluatesToLocalValue:2425 -> com.google.javascript.rhino.Node.getType

=== Debug Info for Test: com.google.javascript.jscomp.PureFunctionIdentifierTest::testAnnotationInExterns_new6 ===
Exception: junit.framework.AssertionFailedError: expected:<[externObjSEThis]> but was:<[externObjSEThis, NEW STRING externObjSEThisMethod, f]>

com.google.javascript.jscomp.NodeUtil:evaluatesToLocalValue:2415->[Local Variables] "{value\u003dNEW 1 [sourcename: testcode] : externObjSEThis}"
com.google.javascript.jscomp.NodeUtil:evaluatesToLocalValue:2416->[Method Call] Call Stack: com.google.javascript.jscomp.NodeUtil.evaluatesToLocalValue:2416 -> com.google.common.base.Predicates.alwaysFalse
com.google.javascript.jscomp.NodeUtil:evaluatesToLocalValue:2424->[Local Variables] {"locals":"ALWAYS_FALSE"}
com.google.javascript.jscomp.NodeUtil:evaluatesToLocalValue:2425->[Method Call] Call Stack: com.google.javascript.jscomp.NodeUtil.evaluatesToLocalValue:2425 -> com.google.javascript.rhino.Node.getType
com.google.javascript.jscomp.NodeUtil:evaluatesToLocalValue:2415->[Local Variables] "{value\u003dNEW 1 [sourcename: testcode] [side_effect_flags: 15] : externObjSEThis}"
com.google.javascript.jscomp.NodeUtil:evaluatesToLocalValue:2416->[Method Call] Call Stack: com.google.javascript.jscomp.NodeUtil.evaluatesToLocalValue:2416 -> com.google.common.base.Predicates.alwaysFalse
com.google.javascript.jscomp.NodeUtil:evaluatesToLocalValue:2425->[Method Call] Call Stack: com.google.javascript.jscomp.NodeUtil.evaluatesToLocalValue:2425 -> com.google.javascript.rhino.Node.getType

=== Debug Info for Test: com.google.javascript.jscomp.PureFunctionIdentifierTest::testIssue303b ===
com.google.javascript.jscomp.NodeUtil:evaluatesToLocalValue:2415->[Local Variables] "{value\u003dTHIS 1 [sourcename: testcode] : F}"
com.google.javascript.jscomp.NodeUtil:evaluatesToLocalValue:2416->[Method Call] Call Stack: com.google.javascript.jscomp.NodeUtil.evaluatesToLocalValue:2416 -> com.google.common.base.Predicates.alwaysFalse
com.google.javascript.jscomp.NodeUtil:evaluatesToLocalValue:2424->[Local Variables] {"locals":"ALWAYS_FALSE"}
com.google.javascript.jscomp.NodeUtil:evaluatesToLocalValue:2425->[Method Call] Call Stack: com.google.javascript.jscomp.NodeUtil.evaluatesToLocalValue:2425 -> com.google.javascript.rhino.Node.getType
com.google.javascript.jscomp.NodeUtil:evaluatesToLocalValue:2450->[Method Call] Call Stack: com.google.javascript.jscomp.NodeUtil.evaluatesToLocalValue:2450 -> com.google.common.base.Predicate.apply
com.google.javascript.jscomp.NodeUtil:evaluatesToLocalValue:2415->[Local Variables] "{value\u003dNEW 1 [sourcename: testcode] [parenthesized: true] : F}"
com.google.javascript.jscomp.NodeUtil:evaluatesToLocalValue:2416->[Method Call] Call Stack: com.google.javascript.jscomp.NodeUtil.evaluatesToLocalValue:2416 -> com.google.common.base.Predicates.alwaysFalse
com.google.javascript.jscomp.NodeUtil:evaluatesToLocalValue:2425->[Method Call] Call Stack: com.google.javascript.jscomp.NodeUtil.evaluatesToLocalValue:2425 -> com.google.javascript.rhino.Node.getType
com.google.javascript.jscomp.NodeUtil:evaluatesToLocalValue:2415->[Local Variables] "{value\u003dNEW 1 [sourcename: testcode] [parenthesized: true] [side_effect_flags: 24] : F}"
com.google.javascript.jscomp.NodeUtil:evaluatesToLocalValue:2416->[Method Call] Call Stack: com.google.javascript.jscomp.NodeUtil.evaluatesToLocalValue:2416 -> com.google.common.base.Predicates.alwaysFalse
com.google.javascript.jscomp.NodeUtil:evaluatesToLocalValue:2425->[Method Call] Call Stack: com.google.javascript.jscomp.NodeUtil.evaluatesToLocalValue:2425 -> com.google.javascript.rhino.Node.getType

=== Debug Info for Test: com.google.javascript.jscomp.PureFunctionIdentifierTest::testIssue303 ===
com.google.javascript.jscomp.NodeUtil:evaluatesToLocalValue:2415->[Local Variables] "{value\u003dTHIS 1 [sourcename: testcode] : F}"
com.google.javascript.jscomp.NodeUtil:evaluatesToLocalValue:2416->[Method Call] Call Stack: com.google.javascript.jscomp.NodeUtil.evaluatesToLocalValue:2416 -> com.google.common.base.Predicates.alwaysFalse
com.google.javascript.jscomp.NodeUtil:evaluatesToLocalValue:2424->[Local Variables] {"locals":"ALWAYS_FALSE"}
com.google.javascript.jscomp.NodeUtil:evaluatesToLocalValue:2425->[Method Call] Call Stack: com.google.javascript.jscomp.NodeUtil.evaluatesToLocalValue:2425 -> com.google.javascript.rhino.Node.getType
com.google.javascript.jscomp.NodeUtil:evaluatesToLocalValue:2450->[Method Call] Call Stack: com.google.javascript.jscomp.NodeUtil.evaluatesToLocalValue:2450 -> com.google.common.base.Predicate.apply
com.google.javascript.jscomp.NodeUtil:evaluatesToLocalValue:2415->[Local Variables] "{value\u003dNEW 1 [sourcename: testcode] [parenthesized: true] [side_effect_flags: 24] : F}"
com.google.javascript.jscomp.NodeUtil:evaluatesToLocalValue:2416->[Method Call] Call Stack: com.google.javascript.jscomp.NodeUtil.evaluatesToLocalValue:2416 -> com.google.common.base.Predicates.alwaysFalse
com.google.javascript.jscomp.NodeUtil:evaluatesToLocalValue:2425->[Method Call] Call Stack: com.google.javascript.jscomp.NodeUtil.evaluatesToLocalValue:2425 -> com.google.javascript.rhino.Node.getType
