
=== Debug Info for Test: com.google.javascript.jscomp.NodeUtilTest::testValidDefine ===
Exception: junit.framework.AssertionFailedError


=== Debug Info for Test: com.google.javascript.jscomp.ProcessDefinesTest::testOverridingString1 ===
Exception: junit.framework.AssertionFailedError: Unexpected error(s): JSC_INVALID_DEFINE_INIT_ERROR. illegal initialization of @define variable DEF_OVERRIDE_STRING at testcode line 1 : 54 expected:<0> but was:<1>

com.google.javascript.jscomp.NodeUtil:isControlStructure:1129->[Local Variables] "{n\u003dBLOCK [synthetic: 1]}"
com.google.javascript.jscomp.NodeUtil:isControlStructure:1130->[Method Call] Call Stack: com.google.javascript.jscomp.NodeUtil.isControlStructure:1130 -> com.google.javascript.rhino.Node.getType
com.google.javascript.jscomp.NodeUtil:isControlStructure:1129->[Local Variables] "{n\u003dSCRIPT 1 [sourcename: testcode] [synthetic: 1]}"
com.google.javascript.jscomp.NodeUtil:isControlStructure:1130->[Method Call] Call Stack: com.google.javascript.jscomp.NodeUtil.isControlStructure:1130 -> com.google.javascript.rhino.Node.getType

=== Debug Info for Test: com.google.javascript.jscomp.ProcessDefinesTest::testOverridingString3 ===
Exception: junit.framework.AssertionFailedError: Unexpected error(s): JSC_INVALID_DEFINE_INIT_ERROR. illegal initialization of @define variable DEF_OVERRIDE_STRING at testcode line 1 : 54 expected:<0> but was:<1>

com.google.javascript.jscomp.NodeUtil:isControlStructure:1129->[Local Variables] "{n\u003dBLOCK [synthetic: 1]}"
com.google.javascript.jscomp.NodeUtil:isControlStructure:1130->[Method Call] Call Stack: com.google.javascript.jscomp.NodeUtil.isControlStructure:1130 -> com.google.javascript.rhino.Node.getType
com.google.javascript.jscomp.NodeUtil:isControlStructure:1129->[Local Variables] "{n\u003dSCRIPT 1 [sourcename: testcode] [synthetic: 1]}"
com.google.javascript.jscomp.NodeUtil:isControlStructure:1130->[Method Call] Call Stack: com.google.javascript.jscomp.NodeUtil.isControlStructure:1130 -> com.google.javascript.rhino.Node.getType
