
=== Debug Info for Test: com.google.javascript.jscomp.TypeCheckTest::testIssue1058 ===
Exception: java.lang.UnsupportedOperationException


=== Debug Info for Test: com.google.javascript.jscomp.TypeCheckTest::testTemplatized11 ===
Exception: java.lang.UnsupportedOperationException

