
=== Debug Info for Test: org.apache.commons.lang.text.StrBuilderTest::testIndexOfLang294 ===
Exception: junit.framework.AssertionFailedError: expected:<-1> but was:<6>

org.apache.commons.lang.text.StrBuilder:<init>:120->[Local Variables] {"str":"onetwothree"}
org.apache.commons.lang.text.StrBuilder:<init>:122->[Control Flow] Branch Info: Line: 122, Condition: if (str == null), Executed: false
org.apache.commons.lang.text.StrBuilder:<init>:125->[Method Call] Call Stack: org.apache.commons.lang.text.StrBuilder.<init>:125 -> java.lang.String.length
org.apache.commons.lang.text.StrBuilder:<init>:126->[Method Call] Call Stack: org.apache.commons.lang.text.StrBuilder.<init>:126 -> org.apache.commons.lang.text.StrBuilder.append

=== Debug Info for Test: org.apache.commons.lang.text.StrBuilderTest::testLang294 ===
Exception: java.lang.ArrayIndexOutOfBoundsException: arraycopy: length -6 is negative

org.apache.commons.lang.text.StrBuilder:<init>:120->[Local Variables] {"str":"\n%BLAH%\nDo more stuff\neven more stuff\n%BLAH%\n"}
org.apache.commons.lang.text.StrBuilder:<init>:122->[Control Flow] Branch Info: Line: 122, Condition: if (str == null), Executed: false
org.apache.commons.lang.text.StrBuilder:<init>:125->[Method Call] Call Stack: org.apache.commons.lang.text.StrBuilder.<init>:125 -> java.lang.String.length
org.apache.commons.lang.text.StrBuilder:<init>:126->[Method Call] Call Stack: org.apache.commons.lang.text.StrBuilder.<init>:126 -> org.apache.commons.lang.text.StrBuilder.append
