
=== Debug Info for Test: org.apache.commons.lang.text.StrBuilderTest::testIndexOfLang294 ===
Exception: junit.framework.AssertionFailedError: expected:<-1> but was:<6>

org.apache.commons.lang.text.StrBuilder:deleteImpl:1113->[Local Variables] {"startIndex":6,"len":5,"endIndex":11}
org.apache.commons.lang.text.StrBuilder:deleteImpl:1114->[Method Call] Call Stack: org.apache.commons.lang.text.StrBuilder.deleteImpl:1114 -> java.lang.System.arraycopy

=== Debug Info for Test: org.apache.commons.lang.text.StrBuilderTest::testLang294 ===
Exception: java.lang.ArrayIndexOutOfBoundsException: arraycopy: length -6 is negative

org.apache.commons.lang.text.StrBuilder:deleteImpl:1113->[Local Variables] {"startIndex":0,"len":7,"endIndex":7}
org.apache.commons.lang.text.StrBuilder:deleteImpl:1114->[Method Call] Call Stack: org.apache.commons.lang.text.StrBuilder.deleteImpl:1114 -> java.lang.System.arraycopy
org.apache.commons.lang.text.StrBuilder:deleteImpl:1113->[Local Variables] {"startIndex":30,"endIndex":37}
org.apache.commons.lang.text.StrBuilder:deleteImpl:1114->[Method Call] Call Stack: org.apache.commons.lang.text.StrBuilder.deleteImpl:1114 -> java.lang.System.arraycopy
org.apache.commons.lang.text.StrBuilder:deleteImpl:1114->[Method Call] Call Stack: org.apache.commons.lang.text.StrBuilder.deleteImpl:1114 -> java.lang.System.arraycopy
