
=== Debug Info for Test: org.apache.commons.math3.distribution.BinomialDistributionTest::testMath718 ===
Exception: org.apache.commons.math3.exception.ConvergenceException: illegal state: Continued fraction diverged to NaN for value 0.5


=== Debug Info for Test: org.apache.commons.math3.distribution.FDistributionTest::testMath785 ===
Exception: junit.framework.AssertionFailedError: Failing to calculate inverse cumulative probability

