
=== Debug Info for Test: org.apache.commons.math3.linear.RectangularCholeskyDecompositionTest::testMath789 ===
Exception: junit.framework.AssertionFailedError: expected:<0.0> but was:<0.0180652917341963>


=== Debug Info for Test: org.apache.commons.math3.linear.RectangularCholeskyDecompositionTest::testFullRank ===
Exception: junit.framework.AssertionFailedError

