
=== Debug Info for Test: org.apache.commons.math.stat.descriptive.SummaryStatisticsTest::testOverrideMeanWithMathClass ===
Exception: junit.framework.AssertionFailedError: expected:<2.5> but was:<NaN>


=== Debug Info for Test: org.apache.commons.math.stat.descriptive.SummaryStatisticsTest::testOverrideGeoMeanWithMathClass ===
Exception: junit.framework.AssertionFailedError: expected:<2.213363839400643> but was:<NaN>

org.apache.commons.math.stat.descriptive.SummaryStatistics:setGeoMeanImpl:576->[Local Variables] {"geoMeanImpl":{"sumOfLogs":{"n":0,"value":0.0}}}
org.apache.commons.math.stat.descriptive.SummaryStatistics:setGeoMeanImpl:577->[Method Call] Call Stack: org.apache.commons.math.stat.descriptive.SummaryStatistics.setGeoMeanImpl:577 -> org.apache.commons.math.stat.descriptive.SummaryStatistics.checkEmpty

=== Debug Info for Test: org.apache.commons.math.stat.descriptive.SummaryStatisticsTest::testOverrideVarianceWithMathClass ===
Exception: junit.framework.AssertionFailedError: expected:<1.25> but was:<NaN>


=== Debug Info for Test: org.apache.commons.math.stat.descriptive.SynchronizedSummaryStatisticsTest::testOverrideMeanWithMathClass ===
Exception: junit.framework.AssertionFailedError: expected:<2.5> but was:<NaN>


=== Debug Info for Test: org.apache.commons.math.stat.descriptive.SynchronizedSummaryStatisticsTest::testOverrideGeoMeanWithMathClass ===
Exception: junit.framework.AssertionFailedError: expected:<2.213363839400643> but was:<NaN>

org.apache.commons.math.stat.descriptive.SummaryStatistics:setGeoMeanImpl:576->[Local Variables] {"geoMeanImpl":{"sumOfLogs":{"n":0,"value":0.0}}}
org.apache.commons.math.stat.descriptive.SummaryStatistics:setGeoMeanImpl:577->[Method Call] Call Stack: org.apache.commons.math.stat.descriptive.SummaryStatistics.setGeoMeanImpl:577 -> org.apache.commons.math.stat.descriptive.SummaryStatistics.checkEmpty

=== Debug Info for Test: org.apache.commons.math.stat.descriptive.SynchronizedSummaryStatisticsTest::testOverrideVarianceWithMathClass ===
Exception: junit.framework.AssertionFailedError: expected:<1.25> but was:<NaN>

