
=== Debug Info for Test: org.apache.commons.math.stat.inference.ChiSquareFactoryTest::testChiSquareLargeTestStatistic ===
Exception: junit.framework.AssertionFailedError: chi-square test statistic expected:<114875.90421929007> but was:<3624883.3429077636>

org.apache.commons.math.stat.inference.ChiSquareTestImpl:<init>:39->[Method Call] Call Stack: org.apache.commons.math.stat.inference.ChiSquareTestImpl.<init>:39 -> org.apache.commons.math.distribution.ChiSquaredDistributionImpl.<init>
org.apache.commons.math.stat.inference.ChiSquareTestImpl:<init>:48->[Local Variables] {"x":{"gamma":{"alpha":0.5,"beta":2.0}}}
org.apache.commons.math.stat.inference.ChiSquareTestImpl:<init>:50->[Method Call] Call Stack: org.apache.commons.math.stat.inference.ChiSquareTestImpl.<init>:50 -> org.apache.commons.math.stat.inference.ChiSquareTestImpl.setDistribution
org.apache.commons.math.stat.inference.ChiSquareTestImpl:<init>:39->[Method Call] Call Stack: org.apache.commons.math.stat.inference.ChiSquareTestImpl.<init>:39 -> org.apache.commons.math.distribution.ChiSquaredDistributionImpl.<init>
org.apache.commons.math.stat.inference.ChiSquareTestImpl:<init>:50->[Method Call] Call Stack: org.apache.commons.math.stat.inference.ChiSquareTestImpl.<init>:50 -> org.apache.commons.math.stat.inference.ChiSquareTestImpl.setDistribution
org.apache.commons.math.stat.inference.ChiSquareTestImpl:<init>:39->[Method Call] Call Stack: org.apache.commons.math.stat.inference.ChiSquareTestImpl.<init>:39 -> org.apache.commons.math.distribution.ChiSquaredDistributionImpl.<init>
org.apache.commons.math.stat.inference.ChiSquareTestImpl:<init>:50->[Method Call] Call Stack: org.apache.commons.math.stat.inference.ChiSquareTestImpl.<init>:50 -> org.apache.commons.math.stat.inference.ChiSquareTestImpl.setDistribution
org.apache.commons.math.stat.inference.ChiSquareTestImpl:<init>:39->[Method Call] Call Stack: org.apache.commons.math.stat.inference.ChiSquareTestImpl.<init>:39 -> org.apache.commons.math.distribution.ChiSquaredDistributionImpl.<init>
org.apache.commons.math.stat.inference.ChiSquareTestImpl:<init>:50->[Method Call] Call Stack: org.apache.commons.math.stat.inference.ChiSquareTestImpl.<init>:50 -> org.apache.commons.math.stat.inference.ChiSquareTestImpl.setDistribution

=== Debug Info for Test: org.apache.commons.math.stat.inference.ChiSquareFactoryTest::testChiSquare ===
Exception: junit.framework.AssertionFailedError: chi-square test statistic expected:<9.023307936427388> but was:<16.413107036160778>

org.apache.commons.math.stat.inference.ChiSquareTestImpl:<init>:39->[Method Call] Call Stack: org.apache.commons.math.stat.inference.ChiSquareTestImpl.<init>:39 -> org.apache.commons.math.distribution.ChiSquaredDistributionImpl.<init>
org.apache.commons.math.stat.inference.ChiSquareTestImpl:<init>:48->[Local Variables] {"x":{"gamma":{"alpha":0.5,"beta":2.0}}}
org.apache.commons.math.stat.inference.ChiSquareTestImpl:<init>:50->[Method Call] Call Stack: org.apache.commons.math.stat.inference.ChiSquareTestImpl.<init>:50 -> org.apache.commons.math.stat.inference.ChiSquareTestImpl.setDistribution
org.apache.commons.math.stat.inference.ChiSquareTestImpl:<init>:39->[Method Call] Call Stack: org.apache.commons.math.stat.inference.ChiSquareTestImpl.<init>:39 -> org.apache.commons.math.distribution.ChiSquaredDistributionImpl.<init>
org.apache.commons.math.stat.inference.ChiSquareTestImpl:<init>:50->[Method Call] Call Stack: org.apache.commons.math.stat.inference.ChiSquareTestImpl.<init>:50 -> org.apache.commons.math.stat.inference.ChiSquareTestImpl.setDistribution
org.apache.commons.math.stat.inference.ChiSquareTestImpl:<init>:39->[Method Call] Call Stack: org.apache.commons.math.stat.inference.ChiSquareTestImpl.<init>:39 -> org.apache.commons.math.distribution.ChiSquaredDistributionImpl.<init>
org.apache.commons.math.stat.inference.ChiSquareTestImpl:<init>:50->[Method Call] Call Stack: org.apache.commons.math.stat.inference.ChiSquareTestImpl.<init>:50 -> org.apache.commons.math.stat.inference.ChiSquareTestImpl.setDistribution

=== Debug Info for Test: org.apache.commons.math.stat.inference.ChiSquareTestTest::testChiSquareLargeTestStatistic ===
Exception: junit.framework.AssertionFailedError: chi-square test statistic expected:<114875.90421929007> but was:<3624883.3429077636>

org.apache.commons.math.stat.inference.ChiSquareTestImpl:<init>:39->[Method Call] Call Stack: org.apache.commons.math.stat.inference.ChiSquareTestImpl.<init>:39 -> org.apache.commons.math.distribution.ChiSquaredDistributionImpl.<init>
org.apache.commons.math.stat.inference.ChiSquareTestImpl:<init>:48->[Local Variables] {"x":{"gamma":{"alpha":0.5,"beta":2.0}}}
org.apache.commons.math.stat.inference.ChiSquareTestImpl:<init>:50->[Method Call] Call Stack: org.apache.commons.math.stat.inference.ChiSquareTestImpl.<init>:50 -> org.apache.commons.math.stat.inference.ChiSquareTestImpl.setDistribution
org.apache.commons.math.stat.inference.ChiSquareTestImpl:<init>:39->[Method Call] Call Stack: org.apache.commons.math.stat.inference.ChiSquareTestImpl.<init>:39 -> org.apache.commons.math.distribution.ChiSquaredDistributionImpl.<init>
org.apache.commons.math.stat.inference.ChiSquareTestImpl:<init>:50->[Method Call] Call Stack: org.apache.commons.math.stat.inference.ChiSquareTestImpl.<init>:50 -> org.apache.commons.math.stat.inference.ChiSquareTestImpl.setDistribution

=== Debug Info for Test: org.apache.commons.math.stat.inference.ChiSquareTestTest::testChiSquare ===
Exception: junit.framework.AssertionFailedError: chi-square test statistic expected:<9.023307936427388> but was:<16.413107036160778>

org.apache.commons.math.stat.inference.ChiSquareTestImpl:<init>:39->[Method Call] Call Stack: org.apache.commons.math.stat.inference.ChiSquareTestImpl.<init>:39 -> org.apache.commons.math.distribution.ChiSquaredDistributionImpl.<init>
org.apache.commons.math.stat.inference.ChiSquareTestImpl:<init>:48->[Local Variables] {"x":{"gamma":{"alpha":0.5,"beta":2.0}}}
org.apache.commons.math.stat.inference.ChiSquareTestImpl:<init>:50->[Method Call] Call Stack: org.apache.commons.math.stat.inference.ChiSquareTestImpl.<init>:50 -> org.apache.commons.math.stat.inference.ChiSquareTestImpl.setDistribution

=== Debug Info for Test: org.apache.commons.math.stat.inference.TestUtilsTest::testChiSquareLargeTestStatistic ===
Exception: junit.framework.AssertionFailedError: chi-square test statistic expected:<114875.90421929007> but was:<3624883.3429077636>

org.apache.commons.math.stat.inference.ChiSquareTestImpl:<init>:39->[Method Call] Call Stack: org.apache.commons.math.stat.inference.ChiSquareTestImpl.<init>:39 -> org.apache.commons.math.distribution.ChiSquaredDistributionImpl.<init>
org.apache.commons.math.stat.inference.ChiSquareTestImpl:<init>:48->[Local Variables] {"x":{"gamma":{"alpha":0.5,"beta":2.0}}}
org.apache.commons.math.stat.inference.ChiSquareTestImpl:<init>:50->[Method Call] Call Stack: org.apache.commons.math.stat.inference.ChiSquareTestImpl.<init>:50 -> org.apache.commons.math.stat.inference.ChiSquareTestImpl.setDistribution
org.apache.commons.math.stat.inference.ChiSquareTestImpl:<init>:39->[Method Call] Call Stack: org.apache.commons.math.stat.inference.ChiSquareTestImpl.<init>:39 -> org.apache.commons.math.distribution.ChiSquaredDistributionImpl.<init>
org.apache.commons.math.stat.inference.ChiSquareTestImpl:<init>:50->[Method Call] Call Stack: org.apache.commons.math.stat.inference.ChiSquareTestImpl.<init>:50 -> org.apache.commons.math.stat.inference.ChiSquareTestImpl.setDistribution
org.apache.commons.math.stat.inference.ChiSquareTestImpl:<init>:39->[Method Call] Call Stack: org.apache.commons.math.stat.inference.ChiSquareTestImpl.<init>:39 -> org.apache.commons.math.distribution.ChiSquaredDistributionImpl.<init>
org.apache.commons.math.stat.inference.ChiSquareTestImpl:<init>:50->[Method Call] Call Stack: org.apache.commons.math.stat.inference.ChiSquareTestImpl.<init>:50 -> org.apache.commons.math.stat.inference.ChiSquareTestImpl.setDistribution

=== Debug Info for Test: org.apache.commons.math.stat.inference.TestUtilsTest::testChiSquare ===
Exception: junit.framework.AssertionFailedError: chi-square test statistic expected:<9.023307936427388> but was:<16.413107036160778>

org.apache.commons.math.stat.inference.ChiSquareTestImpl:<init>:39->[Method Call] Call Stack: org.apache.commons.math.stat.inference.ChiSquareTestImpl.<init>:39 -> org.apache.commons.math.distribution.ChiSquaredDistributionImpl.<init>
org.apache.commons.math.stat.inference.ChiSquareTestImpl:<init>:48->[Local Variables] {"x":{"gamma":{"alpha":0.5,"beta":2.0}}}
org.apache.commons.math.stat.inference.ChiSquareTestImpl:<init>:50->[Method Call] Call Stack: org.apache.commons.math.stat.inference.ChiSquareTestImpl.<init>:50 -> org.apache.commons.math.stat.inference.ChiSquareTestImpl.setDistribution
org.apache.commons.math.stat.inference.ChiSquareTestImpl:<init>:39->[Method Call] Call Stack: org.apache.commons.math.stat.inference.ChiSquareTestImpl.<init>:39 -> org.apache.commons.math.distribution.ChiSquaredDistributionImpl.<init>
org.apache.commons.math.stat.inference.ChiSquareTestImpl:<init>:50->[Method Call] Call Stack: org.apache.commons.math.stat.inference.ChiSquareTestImpl.<init>:50 -> org.apache.commons.math.stat.inference.ChiSquareTestImpl.setDistribution
