
=== Debug Info for Test: org.apache.commons.math.stat.descriptive.SummaryStatisticsTest::testOverrideMeanWithMathClass ===
Exception: junit.framework.AssertionFailedError: expected:<2.5> but was:<NaN>

org.apache.commons.math.stat.descriptive.SummaryStatistics:setMeanImpl:605->[Local Variables] "{meanImpl\u003dorg.apache.commons.math.stat.descriptive.moment.Mean@7f0803c1}"
org.apache.commons.math.stat.descriptive.SummaryStatistics:setMeanImpl:606->[Method Call] Call Stack: org.apache.commons.math.stat.descriptive.SummaryStatistics.setMeanImpl:606 -> org.apache.commons.math.stat.descriptive.SummaryStatistics.checkEmpty

=== Debug Info for Test: org.apache.commons.math.stat.descriptive.SummaryStatisticsTest::testOverrideGeoMeanWithMathClass ===
Exception: junit.framework.AssertionFailedError: expected:<2.213363839400643> but was:<NaN>


=== Debug Info for Test: org.apache.commons.math.stat.descriptive.SummaryStatisticsTest::testOverrideVarianceWithMathClass ===
Exception: junit.framework.AssertionFailedError: expected:<1.25> but was:<NaN>


=== Debug Info for Test: org.apache.commons.math.stat.descriptive.SynchronizedSummaryStatisticsTest::testOverrideMeanWithMathClass ===
Exception: junit.framework.AssertionFailedError: expected:<2.5> but was:<NaN>

org.apache.commons.math.stat.descriptive.SummaryStatistics:setMeanImpl:605->[Local Variables] "{meanImpl\u003dorg.apache.commons.math.stat.descriptive.moment.Mean@7f0803c1}"
org.apache.commons.math.stat.descriptive.SummaryStatistics:setMeanImpl:606->[Method Call] Call Stack: org.apache.commons.math.stat.descriptive.SummaryStatistics.setMeanImpl:606 -> org.apache.commons.math.stat.descriptive.SummaryStatistics.checkEmpty

=== Debug Info for Test: org.apache.commons.math.stat.descriptive.SynchronizedSummaryStatisticsTest::testOverrideGeoMeanWithMathClass ===
Exception: junit.framework.AssertionFailedError: expected:<2.213363839400643> but was:<NaN>


=== Debug Info for Test: org.apache.commons.math.stat.descriptive.SynchronizedSummaryStatisticsTest::testOverrideVarianceWithMathClass ===
Exception: junit.framework.AssertionFailedError: expected:<1.25> but was:<NaN>

