
=== Debug Info for Test: org.apache.commons.math.stat.descriptive.SummaryStatisticsTest::testOverrideMeanWithMathClass ===
Exception: junit.framework.AssertionFailedError: expected:<2.5> but was:<NaN>

org.apache.commons.math.stat.descriptive.SummaryStatistics:checkEmpty:643->[Control Flow] Branch Info: Line: 643, Condition: if (this.n > 0), Executed: false

=== Debug Info for Test: org.apache.commons.math.stat.descriptive.SummaryStatisticsTest::testOverrideGeoMeanWithMathClass ===
Exception: junit.framework.AssertionFailedError: expected:<2.213363839400643> but was:<NaN>

org.apache.commons.math.stat.descriptive.SummaryStatistics:checkEmpty:643->[Control Flow] Branch Info: Line: 643, Condition: if (this.n > 0), Executed: false

=== Debug Info for Test: org.apache.commons.math.stat.descriptive.SummaryStatisticsTest::testOverrideVarianceWithMathClass ===
Exception: junit.framework.AssertionFailedError: expected:<1.25> but was:<NaN>

org.apache.commons.math.stat.descriptive.SummaryStatistics:checkEmpty:643->[Control Flow] Branch Info: Line: 643, Condition: if (this.n > 0), Executed: false

=== Debug Info for Test: org.apache.commons.math.stat.descriptive.SynchronizedSummaryStatisticsTest::testOverrideMeanWithMathClass ===
Exception: junit.framework.AssertionFailedError: expected:<2.5> but was:<NaN>

org.apache.commons.math.stat.descriptive.SummaryStatistics:checkEmpty:643->[Control Flow] Branch Info: Line: 643, Condition: if (this.n > 0), Executed: false

=== Debug Info for Test: org.apache.commons.math.stat.descriptive.SynchronizedSummaryStatisticsTest::testOverrideGeoMeanWithMathClass ===
Exception: junit.framework.AssertionFailedError: expected:<2.213363839400643> but was:<NaN>

org.apache.commons.math.stat.descriptive.SummaryStatistics:checkEmpty:643->[Control Flow] Branch Info: Line: 643, Condition: if (this.n > 0), Executed: false

=== Debug Info for Test: org.apache.commons.math.stat.descriptive.SynchronizedSummaryStatisticsTest::testOverrideVarianceWithMathClass ===
Exception: junit.framework.AssertionFailedError: expected:<1.25> but was:<NaN>

org.apache.commons.math.stat.descriptive.SummaryStatistics:checkEmpty:643->[Control Flow] Branch Info: Line: 643, Condition: if (this.n > 0), Executed: false
