
=== Debug Info for Test: org.apache.commons.math.stat.inference.ChiSquareFactoryTest::testChiSquareLargeTestStatistic ===
Exception: junit.framework.AssertionFailedError: chi-square test statistic expected:<114875.90421929007> but was:<3624883.3429077636>

org.apache.commons.math.stat.inference.ChiSquareTestImpl:chiSquareTest:96->[Local Variables] {"expected":[3389119.5,649136.6,285745.4,2.535736476E7,1.129118978E7,543628.0,232921.0,437665.75],"observed":[2372383,584222,257170,17750155,7903832,489265,209628,393899]}
org.apache.commons.math.stat.inference.ChiSquareTestImpl:chiSquareTest:97->[Method Call] Call Stack: org.apache.commons.math.stat.inference.ChiSquareTestImpl.chiSquareTest:97 -> org.apache.commons.math.distribution.ChiSquaredDistribution.setDegreesOfFreedom
org.apache.commons.math.stat.inference.ChiSquareTestImpl:chiSquareTest:99->[Method Call] Call Stack: org.apache.commons.math.stat.inference.ChiSquareTestImpl.chiSquareTest:99 -> org.apache.commons.math.stat.inference.ChiSquareTestImpl.chiSquare
org.apache.commons.math.stat.inference.ChiSquareTestImpl:chiSquareTest:98->[Method Call] Call Stack: org.apache.commons.math.stat.inference.ChiSquareTestImpl.chiSquareTest:98 -> org.apache.commons.math.distribution.ChiSquaredDistribution.cumulativeProbability

=== Debug Info for Test: org.apache.commons.math.stat.inference.ChiSquareFactoryTest::testChiSquare ===
Exception: junit.framework.AssertionFailedError: chi-square test statistic expected:<9.023307936427388> but was:<16.413107036160778>

org.apache.commons.math.stat.inference.ChiSquareTestImpl:chiSquareTest:96->[Local Variables] {"expected":[10.0,10.0,10.0],"observed":[10,9,11]}
org.apache.commons.math.stat.inference.ChiSquareTestImpl:chiSquareTest:97->[Method Call] Call Stack: org.apache.commons.math.stat.inference.ChiSquareTestImpl.chiSquareTest:97 -> org.apache.commons.math.distribution.ChiSquaredDistribution.setDegreesOfFreedom
org.apache.commons.math.stat.inference.ChiSquareTestImpl:chiSquareTest:99->[Method Call] Call Stack: org.apache.commons.math.stat.inference.ChiSquareTestImpl.chiSquareTest:99 -> org.apache.commons.math.stat.inference.ChiSquareTestImpl.chiSquare
org.apache.commons.math.stat.inference.ChiSquareTestImpl:chiSquareTest:98->[Method Call] Call Stack: org.apache.commons.math.stat.inference.ChiSquareTestImpl.chiSquareTest:98 -> org.apache.commons.math.distribution.ChiSquaredDistribution.cumulativeProbability

=== Debug Info for Test: org.apache.commons.math.stat.inference.ChiSquareTestTest::testChiSquareLargeTestStatistic ===
Exception: junit.framework.AssertionFailedError: chi-square test statistic expected:<114875.90421929007> but was:<3624883.3429077636>

org.apache.commons.math.stat.inference.ChiSquareTestImpl:chiSquareTest:96->[Local Variables] {"expected":[3389119.5,649136.6,285745.4,2.535736476E7,1.129118978E7,543628.0,232921.0,437665.75],"observed":[2372383,584222,257170,17750155,7903832,489265,209628,393899]}
org.apache.commons.math.stat.inference.ChiSquareTestImpl:chiSquareTest:97->[Method Call] Call Stack: org.apache.commons.math.stat.inference.ChiSquareTestImpl.chiSquareTest:97 -> org.apache.commons.math.distribution.ChiSquaredDistribution.setDegreesOfFreedom
org.apache.commons.math.stat.inference.ChiSquareTestImpl:chiSquareTest:99->[Method Call] Call Stack: org.apache.commons.math.stat.inference.ChiSquareTestImpl.chiSquareTest:99 -> org.apache.commons.math.stat.inference.ChiSquareTestImpl.chiSquare
org.apache.commons.math.stat.inference.ChiSquareTestImpl:chiSquareTest:98->[Method Call] Call Stack: org.apache.commons.math.stat.inference.ChiSquareTestImpl.chiSquareTest:98 -> org.apache.commons.math.distribution.ChiSquaredDistribution.cumulativeProbability

=== Debug Info for Test: org.apache.commons.math.stat.inference.ChiSquareTestTest::testChiSquare ===
Exception: junit.framework.AssertionFailedError: chi-square test statistic expected:<9.023307936427388> but was:<16.413107036160778>

org.apache.commons.math.stat.inference.ChiSquareTestImpl:chiSquareTest:96->[Local Variables] {"expected":[10.0,10.0,10.0],"observed":[10,9,11]}
org.apache.commons.math.stat.inference.ChiSquareTestImpl:chiSquareTest:97->[Method Call] Call Stack: org.apache.commons.math.stat.inference.ChiSquareTestImpl.chiSquareTest:97 -> org.apache.commons.math.distribution.ChiSquaredDistribution.setDegreesOfFreedom
org.apache.commons.math.stat.inference.ChiSquareTestImpl:chiSquareTest:99->[Method Call] Call Stack: org.apache.commons.math.stat.inference.ChiSquareTestImpl.chiSquareTest:99 -> org.apache.commons.math.stat.inference.ChiSquareTestImpl.chiSquare
org.apache.commons.math.stat.inference.ChiSquareTestImpl:chiSquareTest:98->[Method Call] Call Stack: org.apache.commons.math.stat.inference.ChiSquareTestImpl.chiSquareTest:98 -> org.apache.commons.math.distribution.ChiSquaredDistribution.cumulativeProbability

=== Debug Info for Test: org.apache.commons.math.stat.inference.TestUtilsTest::testChiSquareLargeTestStatistic ===
Exception: junit.framework.AssertionFailedError: chi-square test statistic expected:<114875.90421929007> but was:<3624883.3429077636>

org.apache.commons.math.stat.inference.ChiSquareTestImpl:chiSquareTest:96->[Local Variables] {"expected":[3389119.5,649136.6,285745.4,2.535736476E7,1.129118978E7,543628.0,232921.0,437665.75],"observed":[2372383,584222,257170,17750155,7903832,489265,209628,393899]}
org.apache.commons.math.stat.inference.ChiSquareTestImpl:chiSquareTest:97->[Method Call] Call Stack: org.apache.commons.math.stat.inference.ChiSquareTestImpl.chiSquareTest:97 -> org.apache.commons.math.distribution.ChiSquaredDistribution.setDegreesOfFreedom
org.apache.commons.math.stat.inference.ChiSquareTestImpl:chiSquareTest:99->[Method Call] Call Stack: org.apache.commons.math.stat.inference.ChiSquareTestImpl.chiSquareTest:99 -> org.apache.commons.math.stat.inference.ChiSquareTestImpl.chiSquare
org.apache.commons.math.stat.inference.ChiSquareTestImpl:chiSquareTest:98->[Method Call] Call Stack: org.apache.commons.math.stat.inference.ChiSquareTestImpl.chiSquareTest:98 -> org.apache.commons.math.distribution.ChiSquaredDistribution.cumulativeProbability

=== Debug Info for Test: org.apache.commons.math.stat.inference.TestUtilsTest::testChiSquare ===
Exception: junit.framework.AssertionFailedError: chi-square test statistic expected:<9.023307936427388> but was:<16.413107036160778>

org.apache.commons.math.stat.inference.ChiSquareTestImpl:chiSquareTest:96->[Local Variables] {"expected":[10.0,10.0,10.0],"observed":[10,9,11]}
org.apache.commons.math.stat.inference.ChiSquareTestImpl:chiSquareTest:97->[Method Call] Call Stack: org.apache.commons.math.stat.inference.ChiSquareTestImpl.chiSquareTest:97 -> org.apache.commons.math.distribution.ChiSquaredDistribution.setDegreesOfFreedom
org.apache.commons.math.stat.inference.ChiSquareTestImpl:chiSquareTest:99->[Method Call] Call Stack: org.apache.commons.math.stat.inference.ChiSquareTestImpl.chiSquareTest:99 -> org.apache.commons.math.stat.inference.ChiSquareTestImpl.chiSquare
org.apache.commons.math.stat.inference.ChiSquareTestImpl:chiSquareTest:98->[Method Call] Call Stack: org.apache.commons.math.stat.inference.ChiSquareTestImpl.chiSquareTest:98 -> org.apache.commons.math.distribution.ChiSquaredDistribution.cumulativeProbability
