
=== Debug Info for Test: org.joda.time.chrono.TestGJChronology::testLeapYearRulesConstruction ===
Exception: org.joda.time.IllegalFieldValueException: Value 29 for dayOfMonth must be in the range [1,28]

org.joda.time.chrono.GJChronology:getInstanceUTC:123->[Method Call] Call Stack: org.joda.time.chrono.GJChronology.getInstanceUTC:123 -> org.joda.time.chrono.GJChronology.getInstance
