
=== Debug Info for Test: org.joda.time.TestMonthDay_Basics::testPlusMonths_int_negativeFromLeap ===
Exception: org.joda.time.IllegalFieldValueException: Value 29 for dayOfMonth must be in the range [1,28]


=== Debug Info for Test: org.joda.time.TestMonthDay_Basics::testMinusDays_int_negativeFromLeap ===
Exception: org.joda.time.IllegalFieldValueException: Value 29 for dayOfMonth must be in the range [1,28]


=== Debug Info for Test: org.joda.time.TestMonthDay_Basics::testPlusMonths_int_fromLeap ===
Exception: org.joda.time.IllegalFieldValueException: Value 29 for dayOfMonth must be in the range [1,28]


=== Debug Info for Test: org.joda.time.TestMonthDay_Basics::testPlusMonths_int_negativeEndOfMonthAdjust ===
Exception: junit.framework.AssertionFailedError: expected:<--02-29> but was:<--02-28>


=== Debug Info for Test: org.joda.time.TestMonthDay_Basics::testMinusMonths_int_endOfMonthAdjust ===
Exception: junit.framework.AssertionFailedError: expected:<--02-29> but was:<--02-28>


=== Debug Info for Test: org.joda.time.TestMonthDay_Basics::testMinusMonths_int_negativeFromLeap ===
Exception: org.joda.time.IllegalFieldValueException: Value 29 for dayOfMonth must be in the range [1,28]


=== Debug Info for Test: org.joda.time.TestMonthDay_Basics::testMinusMonths_int_fromLeap ===
Exception: org.joda.time.IllegalFieldValueException: Value 29 for dayOfMonth must be in the range [1,28]


=== Debug Info for Test: org.joda.time.TestMonthDay_Basics::testPlusDays_int_fromLeap ===
Exception: org.joda.time.IllegalFieldValueException: Value 29 for dayOfMonth must be in the range [1,28]

