
=== Debug Info for Test: com.google.javascript.jscomp.InlineObjectLiteralsTest::testBug545 ===
Exception: java.lang.RuntimeException: INTERNAL COMPILER ERROR.

=== stdout ===
Failing tests: 1
  - com.google.javascript.jscomp.InlineObjectLiteralsTest::testBug545

=== stderr ===
Running ant (compile.tests)................................................ OK
Running ant (run.dev.tests)................................................ OK
