
=== Debug Info for Test: com.fasterxml.jackson.core.base64.Base64GenerationTest::testBinaryAsEmbeddedObject ===
Exception: com.fasterxml.jackson.core.JsonGenerationException: No native support for writing embedded objects

com.fasterxml.jackson.core.JsonGenerator:writeEmbeddedObject:1332->[Local Variables] {"TransVarO":[77,97,110,32,105,115,32,100,105,115,116,105,110,103,117,105,115,104,101,100,44,32,110,111,116,32,111,110,108,121,32,98,"..."]}
com.fasterxml.jackson.core.JsonGenerator:writeEmbeddedObject:1333->[Method Call] Call Stack: com.fasterxml.jackson.core.JsonGenerator.writeEmbeddedObject:1333 -> com.fasterxml.jackson.core.JsonGenerationException.<init>

=== Debug Info for Test: com.fasterxml.jackson.core.main.TestGeneratorMisc::testAsEmbedded ===
Exception: com.fasterxml.jackson.core.JsonGenerationException: No native support for writing embedded objects

com.fasterxml.jackson.core.JsonGenerator:writeEmbeddedObject:1333->[Method Call] Call Stack: com.fasterxml.jackson.core.JsonGenerator.writeEmbeddedObject:1333 -> com.fasterxml.jackson.core.JsonGenerationException.<init>
