
=== Debug Info for Test: org.jsoup.helper.W3CDomTest::handlesInvalidAttributeNames ===
Exception: org.w3c.dom.DOMException: INVALID_CHARACTER_ERR: An invalid or illegal XML character is specified.

=== stdout ===
Failing tests: 1
  - org.jsoup.helper.W3CDomTest::handlesInvalidAttributeNames

=== stderr ===
Running ant (compile.tests)................................................ OK
Running ant (run.dev.tests)................................................ OK
