
=== Debug Info for Test: org.jsoup.nodes.NodeTest::handlesAbsPrefixOnHasAttr ===
Exception: junit.framework.AssertionFailedError

org.jsoup.nodes.Node:hasAttr:107->[Local Variables] {"TransVarAttributeKeyNew":"abs:href"}
org.jsoup.nodes.Node:hasAttr:108->[Method Call] Call Stack: org.jsoup.nodes.Node.hasAttr:108 -> org.jsoup.helper.Validate.notNull
org.jsoup.nodes.Node:hasAttr:110->[Method Call] Call Stack: org.jsoup.nodes.Node.hasAttr:110 -> org.jsoup.nodes.Attributes.hasKey
org.jsoup.nodes.Node:hasAttr:107->[Local Variables] {"TransVarAttributeKeyNew":"href"}
org.jsoup.nodes.Node:hasAttr:108->[Method Call] Call Stack: org.jsoup.nodes.Node.hasAttr:108 -> org.jsoup.helper.Validate.notNull
org.jsoup.nodes.Node:hasAttr:110->[Method Call] Call Stack: org.jsoup.nodes.Node.hasAttr:110 -> org.jsoup.nodes.Attributes.hasKey
org.jsoup.nodes.Node:hasAttr:108->[Method Call] Call Stack: org.jsoup.nodes.Node.hasAttr:108 -> org.jsoup.helper.Validate.notNull
org.jsoup.nodes.Node:hasAttr:110->[Method Call] Call Stack: org.jsoup.nodes.Node.hasAttr:110 -> org.jsoup.nodes.Attributes.hasKey
org.jsoup.nodes.Node:hasAttr:107->[Local Variables] {"TransVarAttributeKeyNew":"abs:href"}
org.jsoup.nodes.Node:hasAttr:108->[Method Call] Call Stack: org.jsoup.nodes.Node.hasAttr:108 -> org.jsoup.helper.Validate.notNull
org.jsoup.nodes.Node:hasAttr:110->[Method Call] Call Stack: org.jsoup.nodes.Node.hasAttr:110 -> org.jsoup.nodes.Attributes.hasKey

=== Debug Info for Test: org.jsoup.nodes.NodeTest::handlesAbsPrefix ===
Exception: junit.framework.AssertionFailedError

org.jsoup.nodes.Node:hasAttr:107->[Local Variables] {"TransVarAttributeKeyNew":"href"}
org.jsoup.nodes.Node:hasAttr:108->[Method Call] Call Stack: org.jsoup.nodes.Node.hasAttr:108 -> org.jsoup.helper.Validate.notNull
org.jsoup.nodes.Node:hasAttr:110->[Method Call] Call Stack: org.jsoup.nodes.Node.hasAttr:110 -> org.jsoup.nodes.Attributes.hasKey
org.jsoup.nodes.Node:hasAttr:107->[Local Variables] {"TransVarAttributeKeyNew":"abs:href"}
org.jsoup.nodes.Node:hasAttr:108->[Method Call] Call Stack: org.jsoup.nodes.Node.hasAttr:108 -> org.jsoup.helper.Validate.notNull
org.jsoup.nodes.Node:hasAttr:110->[Method Call] Call Stack: org.jsoup.nodes.Node.hasAttr:110 -> org.jsoup.nodes.Attributes.hasKey

=== Debug Info for Test: org.jsoup.select.ElementsTest::absAttr ===
Exception: junit.framework.AssertionFailedError: expected:<[http://jsoup.org]> but was:<[]>

org.jsoup.nodes.Node:hasAttr:107->[Local Variables] {"TransVarAttributeKeyNew":"abs:href"}
org.jsoup.nodes.Node:hasAttr:108->[Method Call] Call Stack: org.jsoup.nodes.Node.hasAttr:108 -> org.jsoup.helper.Validate.notNull
org.jsoup.nodes.Node:hasAttr:110->[Method Call] Call Stack: org.jsoup.nodes.Node.hasAttr:110 -> org.jsoup.nodes.Attributes.hasKey
org.jsoup.nodes.Node:hasAttr:108->[Method Call] Call Stack: org.jsoup.nodes.Node.hasAttr:108 -> org.jsoup.helper.Validate.notNull
org.jsoup.nodes.Node:hasAttr:110->[Method Call] Call Stack: org.jsoup.nodes.Node.hasAttr:110 -> org.jsoup.nodes.Attributes.hasKey

=== Debug Info for Test: org.jsoup.select.ElementsTest::hasAbsAttr ===
Exception: junit.framework.AssertionFailedError

org.jsoup.nodes.Node:hasAttr:107->[Local Variables] {"TransVarAttributeKeyNew":"abs:href"}
org.jsoup.nodes.Node:hasAttr:108->[Method Call] Call Stack: org.jsoup.nodes.Node.hasAttr:108 -> org.jsoup.helper.Validate.notNull
org.jsoup.nodes.Node:hasAttr:110->[Method Call] Call Stack: org.jsoup.nodes.Node.hasAttr:110 -> org.jsoup.nodes.Attributes.hasKey
org.jsoup.nodes.Node:hasAttr:108->[Method Call] Call Stack: org.jsoup.nodes.Node.hasAttr:108 -> org.jsoup.helper.Validate.notNull
org.jsoup.nodes.Node:hasAttr:110->[Method Call] Call Stack: org.jsoup.nodes.Node.hasAttr:110 -> org.jsoup.nodes.Attributes.hasKey
