
=== Debug Info for Test: org.mockitousage.annotation.SpyAnnotationTest::should_spy_inner_class ===
=== stdout ===

=== stderr ===
Running ant (compile.tests)................................................ FAIL
Executed command:  cd /home/guji/ReflectFix/defects4j_buggy_trans/Mockito_20_buggy && ant -f /home/guji/ReflectFix_Add/defects4j_trans/framework/projects/defects4j.build.xml -Dd4j.home=/home/guji/ReflectFix_Add/defects4j_trans -Dd4j.dir.projects=/home/guji/ReflectFix_Add/defects4j_trans/framework/projects -Dbasedir=/home/guji/ReflectFix/defects4j_buggy_trans/Mockito_20_buggy -Dbuild.compiler=javac1.7  compile.tests 2>&1
Buildfile: /home/guji/ReflectFix_Add/defects4j_trans/framework/projects/defects4j.build.xml

compile:

gradle.compile:
     [exec] Parallel execution is an incubating feature.
     [exec] Download https://jcenter.bintray.com/com/googlecode/json-simple/json-simple/1.1.1/json-simple-1.1.1.pom
     [exec] Download https://jcenter.bintray.com/com/googlecode/json-simple/json-simple/1.1.1/json-simple-1.1.1.jar
     [exec] :buildSrc:compileJava UP-TO-DATE
     [exec] Note: Some input files use unchecked or unsafe operations.
     [exec] Note: Recompile with -Xlint:unchecked for details.
     [exec] :buildSrc:compileGroovy
     [exec] :buildSrc:processResources UP-TO-DATE
     [exec] :buildSrc:classes
     [exec] :buildSrc:jar
     [exec] :buildSrc:assemble
     [exec] :buildSrc:compileTestJava UP-TO-DATE
     [exec] :buildSrc:compileTestGroovy
     [exec] Download https://jcenter.bintray.com/org/spockframework/spock-core/0.7-groovy-2.0/spock-core-0.7-groovy-2.0.pom
     [exec] Download https://jcenter.bintray.com/cglib/cglib-nodep/2.2.2/cglib-nodep-2.2.2.pom
     [exec] Download https://jcenter.bintray.com/junit/junit-dep/4.10/junit-dep-4.10.pom
     [exec] Download https://jcenter.bintray.com/org/spockframework/spock-core/0.7-groovy-2.0/spock-core-0.7-groovy-2.0.jar
     [exec] Download https://jcenter.bintray.com/cglib/cglib-nodep/2.2.2/cglib-nodep-2.2.2.jar
     [exec] Download https://jcenter.bintray.com/junit/junit-dep/4.10/junit-dep-4.10.jar
     [exec] :buildSrc:processTestResources UP-TO-DATE
     [exec] :buildSrc:testClasses
     [exec] :buildSrc:test
     [exec] :buildSrc:check
     [exec] :buildSrc:build
     [exec] Download https://jcenter.bintray.com/net/saliman/gradle-cobertura-plugin/2.0.0/gradle-cobertura-plugin-2.0.0.pom
     [exec] Download https://jcenter.bintray.com/org/kt3k/gradle/plugin/coveralls-gradle-plugin/0.6.1/coveralls-gradle-plugin-0.6.1.pom
     [exec] Download https://jcenter.bintray.com/org/codehaus/groovy/modules/http-builder/http-builder/0.5.2/http-builder-0.5.2.pom
     [exec] Download https://jcenter.bintray.com/net/sourceforge/cobertura/cobertura/2.0.3/cobertura-2.0.3.pom
     [exec] Download https://jcenter.bintray.com/org/codehaus/groovy/groovy-all/2.0.6/groovy-all-2.0.6.pom
     [exec] Download https://jcenter.bintray.com/org/apache/httpcomponents/httpmime/4.3/httpmime-4.3.pom
     [exec] Download https://jcenter.bintray.com/org/apache/httpcomponents/httpcomponents-client/4.3/httpcomponents-client-4.3.pom
     [exec] Download https://jcenter.bintray.com/org/apache/httpcomponents/project/7/project-7.pom
     [exec] Download https://jcenter.bintray.com/org/ow2/asm/asm/4.1/asm-4.1.pom
     [exec] Download https://jcenter.bintray.com/org/ow2/asm/asm-parent/4.1/asm-parent-4.1.pom
     [exec] Download https://jcenter.bintray.com/org/ow2/ow2/1.3/ow2-1.3.pom
     [exec] Download https://jcenter.bintray.com/org/ow2/asm/asm-tree/4.1/asm-tree-4.1.pom
     [exec] Download https://jcenter.bintray.com/org/ow2/asm/asm-commons/4.1/asm-commons-4.1.pom
     [exec] Download https://jcenter.bintray.com/org/ow2/asm/asm-util/4.1/asm-util-4.1.pom
     [exec] Download https://jcenter.bintray.com/org/ow2/asm/asm-analysis/4.1/asm-analysis-4.1.pom
     [exec] Download https://jcenter.bintray.com/jaxen/jaxen/1.1-beta-8/jaxen-1.1-beta-8.pom
     [exec] Download https://jcenter.bintray.com/org/apache/ant/ant/1.8.3/ant-1.8.3.pom
     [exec] Download https://jcenter.bintray.com/org/apache/ant/ant-parent/1.8.3/ant-parent-1.8.3.pom
     [exec] Download https://jcenter.bintray.com/org/mortbay/jetty/servlet-api-2.5/6.1.14/servlet-api-2.5-6.1.14.pom
     [exec] Download https://jcenter.bintray.com/org/mortbay/jetty/project/6.1.14/project-6.1.14.pom
     [exec] Download https://jcenter.bintray.com/org/mortbay/jetty/jetty-parent/7/jetty-parent-7.pom
     [exec] Download https://jcenter.bintray.com/org/mortbay/jetty/jetty/6.1.14/jetty-6.1.14.pom
     [exec] Download https://jcenter.bintray.com/org/mortbay/jetty/jetty-util/6.1.14/jetty-util-6.1.14.pom
     [exec] Download https://jcenter.bintray.com/log4j/log4j/1.2.9/log4j-1.2.9.pom
     [exec] Download https://jcenter.bintray.com/org/apache/httpcomponents/httpclient/4.3/httpclient-4.3.pom
     [exec] Download https://jcenter.bintray.com/dom4j/dom4j/1.6.1/dom4j-1.6.1.pom
     [exec] Download https://jcenter.bintray.com/jdom/jdom/1.0/jdom-1.0.pom
     [exec] Download https://jcenter.bintray.com/xerces/xmlParserAPIs/2.6.2/xmlParserAPIs-2.6.2.pom
     [exec] Download https://jcenter.bintray.com/xerces/xercesImpl/2.6.2/xercesImpl-2.6.2.pom
     [exec] Download https://jcenter.bintray.com/xom/xom/1.0b3/xom-1.0b3.pom
     [exec] Download https://jcenter.bintray.com/org/apache/ant/ant-launcher/1.8.3/ant-launcher-1.8.3.pom
     [exec] Download https://jcenter.bintray.com/org/apache/httpcomponents/httpcore/4.3/httpcore-4.3.pom
     [exec] Download https://jcenter.bintray.com/org/apache/httpcomponents/httpcomponents-core/4.3/httpcomponents-core-4.3.pom
     [exec] Download https://jcenter.bintray.com/commons-logging/commons-logging/1.1.3/commons-logging-1.1.3.pom
     [exec] Download https://jcenter.bintray.com/commons-codec/commons-codec/1.6/commons-codec-1.6.pom
     [exec] Download https://jcenter.bintray.com/com/ibm/icu/icu4j/2.6.1/icu4j-2.6.1.pom
     [exec] Download https://jcenter.bintray.com/xalan/xalan/2.6.0/xalan-2.6.0.pom
     [exec] Download https://jcenter.bintray.com/org/ccil/cowan/tagsoup/tagsoup/0.9.7/tagsoup-0.9.7.pom
     [exec] Download https://jcenter.bintray.com/org/codehaus/groovy/modules/http-builder/http-builder/0.7.1/http-builder-0.7.1.pom
     [exec] Download https://jcenter.bintray.com/net/sf/json-lib/json-lib/2.3/json-lib-2.3.pom
     [exec] Download https://jcenter.bintray.com/net/sourceforge/nekohtml/nekohtml/1.9.16/nekohtml-1.9.16.pom
     [exec] Download https://jcenter.bintray.com/xml-resolver/xml-resolver/1.2/xml-resolver-1.2.pom
     [exec] Download https://jcenter.bintray.com/commons-beanutils/commons-beanutils/1.8.0/commons-beanutils-1.8.0.pom
     [exec] Download https://jcenter.bintray.com/net/sf/ezmorph/ezmorph/1.0.6/ezmorph-1.0.6.pom
     [exec] Download https://jcenter.bintray.com/xerces/xercesImpl/2.9.1/xercesImpl-2.9.1.pom
     [exec] POM relocation to an other version number is not fully supported in Gradle : xml-apis#xml-apis;2.0.2 relocated to xml-apis#xml-apis;1.0.b2.
     [exec] Download https://jcenter.bintray.com/xml-apis/xml-apis/2.0.2/xml-apis-2.0.2.pom
     [exec] Please update your dependency to directly use the correct version 'xml-apis#xml-apis;1.0.b2'.
     [exec] Resolution will only pick dependencies of the relocated element.  Artifacts and other metadata will be ignored.
     [exec] 
     [exec] FAILURE: Build failed with an exception.
     [exec] 
     [exec] * What went wrong:
     [exec] A problem occurred configuring root project 'mockito'.
     [exec] > Could not resolve all dependencies for configuration ':classpath'.
     [exec]    > Could not find com.jfrog.bintray.gradle:gradle-bintray-plugin:1.0.
     [exec]      Searched in the following locations:
     [exec]          file:/home/guji/ReflectFix_Add/defects4j/framework/lib/build_systems/gradle/deps/com/jfrog/bintray/gradle/gradle-bintray-plugin/1.0/gradle-bintray-plugin-1.0.pom
     [exec]          file:/home/guji/ReflectFix_Add/defects4j/framework/lib/build_systems/gradle/deps/com/jfrog/bintray/gradle/gradle-bintray-plugin/1.0/gradle-bintray-plugin-1.0.jar
     [exec]          https://jcenter.bintray.com/com/jfrog/bintray/gradle/gradle-bintray-plugin/1.0/gradle-bintray-plugin-1.0.pom
     [exec]          https://jcenter.bintray.com/com/jfrog/bintray/gradle/gradle-bintray-plugin/1.0/gradle-bintray-plugin-1.0.jar
     [exec]      Required by:
     [exec]          :mockito:unspecified
     [exec] 
     [exec] * Try:
     [exec] Run with --stacktrace option to get the stack trace. Run with --info or --debug option to get more log output.
     [exec] 
     [exec] BUILD FAILED
     [exec] 
     [exec] Total time: 55.681 secs

BUILD FAILED
/home/guji/ReflectFix_Add/defects4j_trans/framework/projects/Mockito/Mockito.build.xml:147: The following error occurred while executing this line:
/home/guji/ReflectFix_Add/defects4j_trans/framework/projects/Mockito/Mockito.build.xml:83: exec returned: 1

Total time: 56 seconds
Cannot compile test suite! at /home/guji/ReflectFix_Add/defects4j_trans/framework/bin/d4j/d4j-test line 134.
Compilation failed in require at /home/guji/ReflectFix_Add/defects4j_trans/framework/bin/defects4j line 195.

=== Debug Info for Test: org.mockitousage.annotation.SpyAnnotationTest::should_report_when_constructor_is_explosive ===
=== stdout ===

=== stderr ===
Running ant (compile.tests)................................................ FAIL
Executed command:  cd /home/guji/ReflectFix/defects4j_buggy_trans/Mockito_20_buggy && ant -f /home/guji/ReflectFix_Add/defects4j_trans/framework/projects/defects4j.build.xml -Dd4j.home=/home/guji/ReflectFix_Add/defects4j_trans -Dd4j.dir.projects=/home/guji/ReflectFix_Add/defects4j_trans/framework/projects -Dbasedir=/home/guji/ReflectFix/defects4j_buggy_trans/Mockito_20_buggy -Dbuild.compiler=javac1.7  compile.tests 2>&1
Buildfile: /home/guji/ReflectFix_Add/defects4j_trans/framework/projects/defects4j.build.xml

compile:

gradle.compile:
     [exec] Parallel execution is an incubating feature.
     [exec] :buildSrc:compileJava UP-TO-DATE
     [exec] :buildSrc:compileGroovy UP-TO-DATE
     [exec] :buildSrc:processResources UP-TO-DATE
     [exec] :buildSrc:classes UP-TO-DATE
     [exec] :buildSrc:jar UP-TO-DATE
     [exec] :buildSrc:assemble UP-TO-DATE
     [exec] :buildSrc:compileTestJava UP-TO-DATE
     [exec] :buildSrc:compileTestGroovy UP-TO-DATE
     [exec] :buildSrc:processTestResources UP-TO-DATE
     [exec] :buildSrc:testClasses UP-TO-DATE
     [exec] :buildSrc:test UP-TO-DATE
     [exec] :buildSrc:check UP-TO-DATE
     [exec] :buildSrc:build UP-TO-DATE
     [exec] 
     [exec] FAILURE: Build failed with an exception.
     [exec] 
     [exec] * What went wrong:
     [exec] A problem occurred configuring root project 'mockito'.
     [exec] > Could not resolve all dependencies for configuration ':classpath'.
     [exec]    > Could not find com.jfrog.bintray.gradle:gradle-bintray-plugin:1.0.
     [exec]      Searched in the following locations:
     [exec]          file:/home/guji/ReflectFix_Add/defects4j/framework/lib/build_systems/gradle/deps/com/jfrog/bintray/gradle/gradle-bintray-plugin/1.0/gradle-bintray-plugin-1.0.pom
     [exec]          file:/home/guji/ReflectFix_Add/defects4j/framework/lib/build_systems/gradle/deps/com/jfrog/bintray/gradle/gradle-bintray-plugin/1.0/gradle-bintray-plugin-1.0.jar
     [exec]          https://jcenter.bintray.com/com/jfrog/bintray/gradle/gradle-bintray-plugin/1.0/gradle-bintray-plugin-1.0.pom
     [exec]          https://jcenter.bintray.com/com/jfrog/bintray/gradle/gradle-bintray-plugin/1.0/gradle-bintray-plugin-1.0.jar
     [exec]      Required by:
     [exec]          :mockito:unspecified
     [exec] 
     [exec] * Try:
     [exec] Run with --stacktrace option to get the stack trace. Run with --info or --debug option to get more log output.
     [exec] 
     [exec] BUILD FAILED
     [exec] 
     [exec] Total time: 4.937 secs

BUILD FAILED
/home/guji/ReflectFix_Add/defects4j_trans/framework/projects/Mockito/Mockito.build.xml:147: The following error occurred while executing this line:
/home/guji/ReflectFix_Add/defects4j_trans/framework/projects/Mockito/Mockito.build.xml:83: exec returned: 1

Total time: 5 seconds
Cannot compile test suite! at /home/guji/ReflectFix_Add/defects4j_trans/framework/bin/d4j/d4j-test line 134.
Compilation failed in require at /home/guji/ReflectFix_Add/defects4j_trans/framework/bin/defects4j line 195.

=== Debug Info for Test: org.mockitousage.constructor.CreatingMocksWithConstructorTest::can_spy_abstract_classes ===
=== stdout ===

=== stderr ===
Running ant (compile.tests)................................................ FAIL
Executed command:  cd /home/guji/ReflectFix/defects4j_buggy_trans/Mockito_20_buggy && ant -f /home/guji/ReflectFix_Add/defects4j_trans/framework/projects/defects4j.build.xml -Dd4j.home=/home/guji/ReflectFix_Add/defects4j_trans -Dd4j.dir.projects=/home/guji/ReflectFix_Add/defects4j_trans/framework/projects -Dbasedir=/home/guji/ReflectFix/defects4j_buggy_trans/Mockito_20_buggy -Dbuild.compiler=javac1.7  compile.tests 2>&1
Buildfile: /home/guji/ReflectFix_Add/defects4j_trans/framework/projects/defects4j.build.xml

compile:

gradle.compile:
     [exec] Parallel execution is an incubating feature.
     [exec] :buildSrc:compileJava UP-TO-DATE
     [exec] :buildSrc:compileGroovy UP-TO-DATE
     [exec] :buildSrc:processResources UP-TO-DATE
     [exec] :buildSrc:classes UP-TO-DATE
     [exec] :buildSrc:jar UP-TO-DATE
     [exec] :buildSrc:assemble UP-TO-DATE
     [exec] :buildSrc:compileTestJava UP-TO-DATE
     [exec] :buildSrc:compileTestGroovy UP-TO-DATE
     [exec] :buildSrc:processTestResources UP-TO-DATE
     [exec] :buildSrc:testClasses UP-TO-DATE
     [exec] :buildSrc:test UP-TO-DATE
     [exec] :buildSrc:check UP-TO-DATE
     [exec] :buildSrc:build UP-TO-DATE
     [exec] 
     [exec] BUILD FAILED
     [exec] 
     [exec] Total time: 4.715 secs
     [exec] 
     [exec] FAILURE: Build failed with an exception.
     [exec] 
     [exec] * What went wrong:
     [exec] A problem occurred configuring root project 'mockito'.
     [exec] > Could not resolve all dependencies for configuration ':classpath'.
     [exec]    > Could not find com.jfrog.bintray.gradle:gradle-bintray-plugin:1.0.
     [exec]      Searched in the following locations:
     [exec]          file:/home/guji/ReflectFix_Add/defects4j/framework/lib/build_systems/gradle/deps/com/jfrog/bintray/gradle/gradle-bintray-plugin/1.0/gradle-bintray-plugin-1.0.pom
     [exec]          file:/home/guji/ReflectFix_Add/defects4j/framework/lib/build_systems/gradle/deps/com/jfrog/bintray/gradle/gradle-bintray-plugin/1.0/gradle-bintray-plugin-1.0.jar
     [exec]          https://jcenter.bintray.com/com/jfrog/bintray/gradle/gradle-bintray-plugin/1.0/gradle-bintray-plugin-1.0.pom
     [exec]          https://jcenter.bintray.com/com/jfrog/bintray/gradle/gradle-bintray-plugin/1.0/gradle-bintray-plugin-1.0.jar
     [exec]      Required by:
     [exec]          :mockito:unspecified
     [exec] 
     [exec] * Try:
     [exec] Run with --stacktrace option to get the stack trace. Run with --info or --debug option to get more log output.

BUILD FAILED
/home/guji/ReflectFix_Add/defects4j_trans/framework/projects/Mockito/Mockito.build.xml:147: The following error occurred while executing this line:
/home/guji/ReflectFix_Add/defects4j_trans/framework/projects/Mockito/Mockito.build.xml:83: exec returned: 1

Total time: 5 seconds
Cannot compile test suite! at /home/guji/ReflectFix_Add/defects4j_trans/framework/bin/d4j/d4j-test line 134.
Compilation failed in require at /home/guji/ReflectFix_Add/defects4j_trans/framework/bin/defects4j line 195.

=== Debug Info for Test: org.mockitousage.constructor.CreatingMocksWithConstructorTest::exception_message_when_constructor_not_found ===
=== stdout ===

=== stderr ===
Running ant (compile.tests)................................................ FAIL
Executed command:  cd /home/guji/ReflectFix/defects4j_buggy_trans/Mockito_20_buggy && ant -f /home/guji/ReflectFix_Add/defects4j_trans/framework/projects/defects4j.build.xml -Dd4j.home=/home/guji/ReflectFix_Add/defects4j_trans -Dd4j.dir.projects=/home/guji/ReflectFix_Add/defects4j_trans/framework/projects -Dbasedir=/home/guji/ReflectFix/defects4j_buggy_trans/Mockito_20_buggy -Dbuild.compiler=javac1.7  compile.tests 2>&1
Buildfile: /home/guji/ReflectFix_Add/defects4j_trans/framework/projects/defects4j.build.xml

compile:

gradle.compile:
     [exec] Parallel execution is an incubating feature.
     [exec] :buildSrc:compileJava UP-TO-DATE
     [exec] :buildSrc:compileGroovy UP-TO-DATE
     [exec] :buildSrc:processResources UP-TO-DATE
     [exec] :buildSrc:classes UP-TO-DATE
     [exec] :buildSrc:jar UP-TO-DATE
     [exec] :buildSrc:assemble UP-TO-DATE
     [exec] :buildSrc:compileTestJava UP-TO-DATE
     [exec] :buildSrc:compileTestGroovy UP-TO-DATE
     [exec] :buildSrc:processTestResources UP-TO-DATE
     [exec] :buildSrc:testClasses UP-TO-DATE
     [exec] :buildSrc:test UP-TO-DATE
     [exec] :buildSrc:check UP-TO-DATE
     [exec] :buildSrc:build UP-TO-DATE
     [exec] 
     [exec] FAILURE: Build failed with an exception.
     [exec] 
     [exec] * What went wrong:
     [exec] A problem occurred configuring root project 'mockito'.
     [exec] > Could not resolve all dependencies for configuration ':classpath'.
     [exec]    > Could not find com.jfrog.bintray.gradle:gradle-bintray-plugin:1.0.
     [exec]      Searched in the following locations:
     [exec]          file:/home/guji/ReflectFix_Add/defects4j/framework/lib/build_systems/gradle/deps/com/jfrog/bintray/gradle/gradle-bintray-plugin/1.0/gradle-bintray-plugin-1.0.pom
     [exec]          file:/home/guji/ReflectFix_Add/defects4j/framework/lib/build_systems/gradle/deps/com/jfrog/bintray/gradle/gradle-bintray-plugin/1.0/gradle-bintray-plugin-1.0.jar
     [exec]          https://jcenter.bintray.com/com/jfrog/bintray/gradle/gradle-bintray-plugin/1.0/gradle-bintray-plugin-1.0.pom
     [exec]          https://jcenter.bintray.com/com/jfrog/bintray/gradle/gradle-bintray-plugin/1.0/gradle-bintray-plugin-1.0.jar
     [exec]      Required by:
     [exec]          :mockito:unspecified
     [exec] 
     [exec] * Try:
     [exec] Run with --stacktrace option to get the stack trace. Run with --info or --debug option to get more log output.
     [exec] 
     [exec] BUILD FAILED
     [exec] 
     [exec] Total time: 4.95 secs

BUILD FAILED
/home/guji/ReflectFix_Add/defects4j_trans/framework/projects/Mockito/Mockito.build.xml:147: The following error occurred while executing this line:
/home/guji/ReflectFix_Add/defects4j_trans/framework/projects/Mockito/Mockito.build.xml:83: exec returned: 1

Total time: 5 seconds
Cannot compile test suite! at /home/guji/ReflectFix_Add/defects4j_trans/framework/bin/d4j/d4j-test line 134.
Compilation failed in require at /home/guji/ReflectFix_Add/defects4j_trans/framework/bin/defects4j line 195.

=== Debug Info for Test: org.mockitousage.constructor.CreatingMocksWithConstructorTest::can_create_mock_with_constructor ===
=== stdout ===

=== stderr ===
Running ant (compile.tests)................................................ FAIL
Executed command:  cd /home/guji/ReflectFix/defects4j_buggy_trans/Mockito_20_buggy && ant -f /home/guji/ReflectFix_Add/defects4j_trans/framework/projects/defects4j.build.xml -Dd4j.home=/home/guji/ReflectFix_Add/defects4j_trans -Dd4j.dir.projects=/home/guji/ReflectFix_Add/defects4j_trans/framework/projects -Dbasedir=/home/guji/ReflectFix/defects4j_buggy_trans/Mockito_20_buggy -Dbuild.compiler=javac1.7  compile.tests 2>&1
Buildfile: /home/guji/ReflectFix_Add/defects4j_trans/framework/projects/defects4j.build.xml

compile:

gradle.compile:
     [exec] Parallel execution is an incubating feature.
     [exec] :buildSrc:compileJava UP-TO-DATE
     [exec] :buildSrc:compileGroovy UP-TO-DATE
     [exec] :buildSrc:processResources UP-TO-DATE
     [exec] :buildSrc:classes UP-TO-DATE
     [exec] :buildSrc:jar UP-TO-DATE
     [exec] :buildSrc:assemble UP-TO-DATE
     [exec] :buildSrc:compileTestJava UP-TO-DATE
     [exec] :buildSrc:compileTestGroovy UP-TO-DATE
     [exec] :buildSrc:processTestResources UP-TO-DATE
     [exec] :buildSrc:testClasses UP-TO-DATE
     [exec] :buildSrc:test UP-TO-DATE
     [exec] :buildSrc:check UP-TO-DATE
     [exec] :buildSrc:build UP-TO-DATE
     [exec] 
     [exec] FAILURE: Build failed with an exception.
     [exec] 
     [exec] * What went wrong:
     [exec] A problem occurred configuring root project 'mockito'.
     [exec] > Could not resolve all dependencies for configuration ':classpath'.
     [exec]    > Could not find com.jfrog.bintray.gradle:gradle-bintray-plugin:1.0.
     [exec]      Searched in the following locations:
     [exec]          file:/home/guji/ReflectFix_Add/defects4j/framework/lib/build_systems/gradle/deps/com/jfrog/bintray/gradle/gradle-bintray-plugin/1.0/gradle-bintray-plugin-1.0.pom
     [exec]          file:/home/guji/ReflectFix_Add/defects4j/framework/lib/build_systems/gradle/deps/com/jfrog/bintray/gradle/gradle-bintray-plugin/1.0/gradle-bintray-plugin-1.0.jar
     [exec]          https://jcenter.bintray.com/com/jfrog/bintray/gradle/gradle-bintray-plugin/1.0/gradle-bintray-plugin-1.0.pom
     [exec]          https://jcenter.bintray.com/com/jfrog/bintray/gradle/gradle-bintray-plugin/1.0/gradle-bintray-plugin-1.0.jar
     [exec]      Required by:
     [exec]          :mockito:unspecified
     [exec] 
     [exec] * Try:
     [exec] Run with --stacktrace option to get the stack trace. Run with --info or --debug option to get more log output.
     [exec] 
     [exec] BUILD FAILED
     [exec] 
     [exec] Total time: 4.653 secs

BUILD FAILED
/home/guji/ReflectFix_Add/defects4j_trans/framework/projects/Mockito/Mockito.build.xml:147: The following error occurred while executing this line:
/home/guji/ReflectFix_Add/defects4j_trans/framework/projects/Mockito/Mockito.build.xml:83: exec returned: 1

Total time: 5 seconds
Cannot compile test suite! at /home/guji/ReflectFix_Add/defects4j_trans/framework/bin/d4j/d4j-test line 134.
Compilation failed in require at /home/guji/ReflectFix_Add/defects4j_trans/framework/bin/defects4j line 195.

=== Debug Info for Test: org.mockitousage.constructor.CreatingMocksWithConstructorTest::can_mock_inner_classes ===
=== stdout ===

=== stderr ===
Running ant (compile.tests)................................................ FAIL
Executed command:  cd /home/guji/ReflectFix/defects4j_buggy_trans/Mockito_20_buggy && ant -f /home/guji/ReflectFix_Add/defects4j_trans/framework/projects/defects4j.build.xml -Dd4j.home=/home/guji/ReflectFix_Add/defects4j_trans -Dd4j.dir.projects=/home/guji/ReflectFix_Add/defects4j_trans/framework/projects -Dbasedir=/home/guji/ReflectFix/defects4j_buggy_trans/Mockito_20_buggy -Dbuild.compiler=javac1.7  compile.tests 2>&1
Buildfile: /home/guji/ReflectFix_Add/defects4j_trans/framework/projects/defects4j.build.xml

compile:

gradle.compile:
     [exec] Parallel execution is an incubating feature.
     [exec] :buildSrc:compileJava UP-TO-DATE
     [exec] :buildSrc:compileGroovy UP-TO-DATE
     [exec] :buildSrc:processResources UP-TO-DATE
     [exec] :buildSrc:classes UP-TO-DATE
     [exec] :buildSrc:jar UP-TO-DATE
     [exec] :buildSrc:assemble UP-TO-DATE
     [exec] :buildSrc:compileTestJava UP-TO-DATE
     [exec] :buildSrc:compileTestGroovy UP-TO-DATE
     [exec] :buildSrc:processTestResources UP-TO-DATE
     [exec] :buildSrc:testClasses UP-TO-DATE
     [exec] :buildSrc:test UP-TO-DATE
     [exec] :buildSrc:check UP-TO-DATE
     [exec] :buildSrc:build UP-TO-DATE
     [exec] 
     [exec] 
     [exec] BUILD FAILED
     [exec] 
     [exec] Total time: 3.734 secs
     [exec] FAILURE: Build failed with an exception.
     [exec] 
     [exec] * What went wrong:
     [exec] A problem occurred configuring root project 'mockito'.
     [exec] > Could not resolve all dependencies for configuration ':classpath'.
     [exec]    > Could not find com.jfrog.bintray.gradle:gradle-bintray-plugin:1.0.
     [exec]      Searched in the following locations:
     [exec]          file:/home/guji/ReflectFix_Add/defects4j/framework/lib/build_systems/gradle/deps/com/jfrog/bintray/gradle/gradle-bintray-plugin/1.0/gradle-bintray-plugin-1.0.pom
     [exec]          file:/home/guji/ReflectFix_Add/defects4j/framework/lib/build_systems/gradle/deps/com/jfrog/bintray/gradle/gradle-bintray-plugin/1.0/gradle-bintray-plugin-1.0.jar
     [exec]          https://jcenter.bintray.com/com/jfrog/bintray/gradle/gradle-bintray-plugin/1.0/gradle-bintray-plugin-1.0.pom
     [exec]          https://jcenter.bintray.com/com/jfrog/bintray/gradle/gradle-bintray-plugin/1.0/gradle-bintray-plugin-1.0.jar
     [exec]      Required by:
     [exec]          :mockito:unspecified
     [exec] 
     [exec] * Try:
     [exec] Run with --stacktrace option to get the stack trace. Run with --info or --debug option to get more log output.

BUILD FAILED
/home/guji/ReflectFix_Add/defects4j_trans/framework/projects/Mockito/Mockito.build.xml:147: The following error occurred while executing this line:
/home/guji/ReflectFix_Add/defects4j_trans/framework/projects/Mockito/Mockito.build.xml:83: exec returned: 1

Total time: 4 seconds
Cannot compile test suite! at /home/guji/ReflectFix_Add/defects4j_trans/framework/bin/d4j/d4j-test line 134.
Compilation failed in require at /home/guji/ReflectFix_Add/defects4j_trans/framework/bin/defects4j line 195.

=== Debug Info for Test: org.mockitousage.constructor.CreatingMocksWithConstructorTest::mocking_inner_classes_with_wrong_outer_instance ===
=== stdout ===

=== stderr ===
Running ant (compile.tests)................................................ FAIL
Executed command:  cd /home/guji/ReflectFix/defects4j_buggy_trans/Mockito_20_buggy && ant -f /home/guji/ReflectFix_Add/defects4j_trans/framework/projects/defects4j.build.xml -Dd4j.home=/home/guji/ReflectFix_Add/defects4j_trans -Dd4j.dir.projects=/home/guji/ReflectFix_Add/defects4j_trans/framework/projects -Dbasedir=/home/guji/ReflectFix/defects4j_buggy_trans/Mockito_20_buggy -Dbuild.compiler=javac1.7  compile.tests 2>&1
Buildfile: /home/guji/ReflectFix_Add/defects4j_trans/framework/projects/defects4j.build.xml

compile:

gradle.compile:
     [exec] Parallel execution is an incubating feature.
     [exec] :buildSrc:compileJava UP-TO-DATE
     [exec] :buildSrc:compileGroovy UP-TO-DATE
     [exec] :buildSrc:processResources UP-TO-DATE
     [exec] :buildSrc:classes UP-TO-DATE
     [exec] :buildSrc:jar UP-TO-DATE
     [exec] :buildSrc:assemble UP-TO-DATE
     [exec] :buildSrc:compileTestJava UP-TO-DATE
     [exec] :buildSrc:compileTestGroovy UP-TO-DATE
     [exec] :buildSrc:processTestResources UP-TO-DATE
     [exec] :buildSrc:testClasses UP-TO-DATE
     [exec] :buildSrc:test UP-TO-DATE
     [exec] :buildSrc:check UP-TO-DATE
     [exec] :buildSrc:build UP-TO-DATE
     [exec] 
     [exec] FAILURE: Build failed with an exception.
     [exec] 
     [exec] * What went wrong:
     [exec] A problem occurred configuring root project 'mockito'.
     [exec] > Could not resolve all dependencies for configuration ':classpath'.
     [exec]    > Could not find com.jfrog.bintray.gradle:gradle-bintray-plugin:1.0.
     [exec]      Searched in the following locations:
     [exec]          file:/home/guji/ReflectFix_Add/defects4j/framework/lib/build_systems/gradle/deps/com/jfrog/bintray/gradle/gradle-bintray-plugin/1.0/gradle-bintray-plugin-1.0.pom
     [exec]          file:/home/guji/ReflectFix_Add/defects4j/framework/lib/build_systems/gradle/deps/com/jfrog/bintray/gradle/gradle-bintray-plugin/1.0/gradle-bintray-plugin-1.0.jar
     [exec]          https://jcenter.bintray.com/com/jfrog/bintray/gradle/gradle-bintray-plugin/1.0/gradle-bintray-plugin-1.0.pom
     [exec]          https://jcenter.bintray.com/com/jfrog/bintray/gradle/gradle-bintray-plugin/1.0/gradle-bintray-plugin-1.0.jar
     [exec]      Required by:
     [exec]          :mockito:unspecified
     [exec] 
     [exec] * Try:
     [exec] Run with --stacktrace option to get the stack trace. Run with --info or --debug option to get more log output.
     [exec] 
     [exec] BUILD FAILED
     [exec] 
     [exec] Total time: 4.652 secs

BUILD FAILED
/home/guji/ReflectFix_Add/defects4j_trans/framework/projects/Mockito/Mockito.build.xml:147: The following error occurred while executing this line:
/home/guji/ReflectFix_Add/defects4j_trans/framework/projects/Mockito/Mockito.build.xml:83: exec returned: 1

Total time: 5 seconds
Cannot compile test suite! at /home/guji/ReflectFix_Add/defects4j_trans/framework/bin/d4j/d4j-test line 134.
Compilation failed in require at /home/guji/ReflectFix_Add/defects4j_trans/framework/bin/defects4j line 195.

=== Debug Info for Test: org.mockitousage.constructor.CreatingMocksWithConstructorTest::can_mock_abstract_classes ===
=== stdout ===

=== stderr ===
Running ant (compile.tests)................................................ FAIL
Executed command:  cd /home/guji/ReflectFix/defects4j_buggy_trans/Mockito_20_buggy && ant -f /home/guji/ReflectFix_Add/defects4j_trans/framework/projects/defects4j.build.xml -Dd4j.home=/home/guji/ReflectFix_Add/defects4j_trans -Dd4j.dir.projects=/home/guji/ReflectFix_Add/defects4j_trans/framework/projects -Dbasedir=/home/guji/ReflectFix/defects4j_buggy_trans/Mockito_20_buggy -Dbuild.compiler=javac1.7  compile.tests 2>&1
Buildfile: /home/guji/ReflectFix_Add/defects4j_trans/framework/projects/defects4j.build.xml

compile:

gradle.compile:
     [exec] Parallel execution is an incubating feature.
     [exec] :buildSrc:compileJava UP-TO-DATE
     [exec] :buildSrc:compileGroovy UP-TO-DATE
     [exec] :buildSrc:processResources UP-TO-DATE
     [exec] :buildSrc:classes UP-TO-DATE
     [exec] :buildSrc:jar UP-TO-DATE
     [exec] :buildSrc:assemble UP-TO-DATE
     [exec] :buildSrc:compileTestJava UP-TO-DATE
     [exec] :buildSrc:compileTestGroovy UP-TO-DATE
     [exec] :buildSrc:processTestResources UP-TO-DATE
     [exec] :buildSrc:testClasses UP-TO-DATE
     [exec] :buildSrc:test UP-TO-DATE
     [exec] :buildSrc:check UP-TO-DATE
     [exec] :buildSrc:build UP-TO-DATE
     [exec] 
     [exec] FAILURE: Build failed with an exception.
     [exec] 
     [exec] * What went wrong:
     [exec] A problem occurred configuring root project 'mockito'.
     [exec] > Could not resolve all dependencies for configuration ':classpath'.
     [exec]    > Could not find com.jfrog.bintray.gradle:gradle-bintray-plugin:1.0.
     [exec]      Searched in the following locations:
     [exec]          file:/home/guji/ReflectFix_Add/defects4j/framework/lib/build_systems/gradle/deps/com/jfrog/bintray/gradle/gradle-bintray-plugin/1.0/gradle-bintray-plugin-1.0.pom
     [exec]          file:/home/guji/ReflectFix_Add/defects4j/framework/lib/build_systems/gradle/deps/com/jfrog/bintray/gradle/gradle-bintray-plugin/1.0/gradle-bintray-plugin-1.0.jar
     [exec]          https://jcenter.bintray.com/com/jfrog/bintray/gradle/gradle-bintray-plugin/1.0/gradle-bintray-plugin-1.0.pom
     [exec]          https://jcenter.bintray.com/com/jfrog/bintray/gradle/gradle-bintray-plugin/1.0/gradle-bintray-plugin-1.0.jar
     [exec]      Required by:
     [exec]          :mockito:unspecified
     [exec] 
     [exec] * Try:
     [exec] Run with --stacktrace option to get the stack trace. Run with --info or --debug option to get more log output.
     [exec] 
     [exec] BUILD FAILED
     [exec] 
     [exec] Total time: 4.693 secs

BUILD FAILED
/home/guji/ReflectFix_Add/defects4j_trans/framework/projects/Mockito/Mockito.build.xml:147: The following error occurred while executing this line:
/home/guji/ReflectFix_Add/defects4j_trans/framework/projects/Mockito/Mockito.build.xml:83: exec returned: 1

Total time: 5 seconds
Cannot compile test suite! at /home/guji/ReflectFix_Add/defects4j_trans/framework/bin/d4j/d4j-test line 134.
Compilation failed in require at /home/guji/ReflectFix_Add/defects4j_trans/framework/bin/defects4j line 195.
