
=== Debug Info for Test: org.joda.time.TestDuration_Basics::testToPeriod_fixedZone ===
=== stdout ===

=== stderr ===
Running ant (compile.tests)................................................ OK
Running ant (run.dev.tests)................................................ FAIL
Executed command:  cd /home/guji/ReflectFix/defects4j_buggy_trans/Time_22_buggy && /home/guji/ReflectFix_Add/defects4j_trans/major/bin/ant -f /home/guji/ReflectFix_Add/defects4j_trans/framework/projects/defects4j.build.xml -Dd4j.home=/home/guji/ReflectFix_Add/defects4j_trans -Dd4j.dir.projects=/home/guji/ReflectFix_Add/defects4j_trans/framework/projects -Dbasedir=/home/guji/ReflectFix/defects4j_buggy_trans/Time_22_buggy -Dbuild.compiler=javac1.7 -DOUTFILE=/home/guji/ReflectFix/defects4j_buggy_trans/Time_22_buggy/failing_tests -Dtest.entry.class=org.joda.time.TestDuration_Basics -Dtest.entry.method=testToPeriod_fixedZone run.dev.tests 2>&1
Buildfile: /home/guji/ReflectFix_Add/defects4j_trans/framework/projects/defects4j.build.xml

init:
     [echo] -------- joda-time 2.0 --------

getjunit:

installjunit:

getjodaconvert:

prepare:

static:

compile.main:

compile.zoneinfo:

joda-time.compile:

compile:
     [java] Writing zoneinfo files

BUILD FAILED
/home/guji/ReflectFix_Add/defects4j_trans/framework/projects/Time/Time.build.xml:97: java.lang.NoClassDefFoundError: com/github/xyzboom/DetectMonitor
	at org.joda.time.base.BasePeriod.<init>(BasePeriod.java)
	at org.joda.time.Period.<init>(Period.java:298)
	at org.joda.time.Period.<clinit>(Period.java:65)
	at org.joda.time.tz.DateTimeZoneBuilder$PrecalculatedZone.create(DateTimeZoneBuilder.java:1435)
	at org.joda.time.tz.DateTimeZoneBuilder.toDateTimeZone(DateTimeZoneBuilder.java:396)
	at org.joda.time.tz.ZoneInfoCompiler.compile(ZoneInfoCompiler.java:391)
	at org.joda.time.tz.ZoneInfoCompiler.main(ZoneInfoCompiler.java:136)
	at sun.reflect.NativeMethodAccessorImpl.invoke0(Native Method)
	at sun.reflect.NativeMethodAccessorImpl.invoke(NativeMethodAccessorImpl.java:62)
	at sun.reflect.DelegatingMethodAccessorImpl.invoke(DelegatingMethodAccessorImpl.java:43)
	at java.lang.reflect.Method.invoke(Method.java:498)
	at org.apache.tools.ant.taskdefs.ExecuteJava.run(ExecuteJava.java:217)
	at org.apache.tools.ant.taskdefs.ExecuteJava.execute(ExecuteJava.java:152)
	at org.apache.tools.ant.taskdefs.Java.run(Java.java:771)
	at org.apache.tools.ant.taskdefs.Java.executeJava(Java.java:221)
	at org.apache.tools.ant.taskdefs.Java.executeJava(Java.java:135)
	at org.apache.tools.ant.taskdefs.Java.execute(Java.java:108)
	at org.apache.tools.ant.UnknownElement.execute(UnknownElement.java:291)
	at sun.reflect.GeneratedMethodAccessor4.invoke(Unknown Source)
	at sun.reflect.DelegatingMethodAccessorImpl.invoke(DelegatingMethodAccessorImpl.java:43)
	at java.lang.reflect.Method.invoke(Method.java:498)
	at org.apache.tools.ant.dispatch.DispatchUtils.execute(DispatchUtils.java:106)
	at org.apache.tools.ant.Task.perform(Task.java:348)
	at org.apache.tools.ant.taskdefs.Sequential.execute(Sequential.java:68)
	at net.sf.antcontrib.logic.IfTask.execute(IfTask.java:217)
	at sun.reflect.NativeMethodAccessorImpl.invoke0(Native Method)
	at sun.reflect.NativeMethodAccessorImpl.invoke(NativeMethodAccessorImpl.java:62)
	at sun.reflect.DelegatingMethodAccessorImpl.invoke(DelegatingMethodAccessorImpl.java:43)
	at java.lang.reflect.Method.invoke(Method.java:498)
	at org.apache.tools.ant.dispatch.DispatchUtils.execute(DispatchUtils.java:106)
	at org.apache.tools.ant.TaskAdapter.execute(TaskAdapter.java:154)
	at org.apache.tools.ant.UnknownElement.execute(UnknownElement.java:291)
	at sun.reflect.GeneratedMethodAccessor4.invoke(Unknown Source)
	at sun.reflect.DelegatingMethodAccessorImpl.invoke(DelegatingMethodAccessorImpl.java:43)
	at java.lang.reflect.Method.invoke(Method.java:498)
	at org.apache.tools.ant.dispatch.DispatchUtils.execute(DispatchUtils.java:106)
	at org.apache.tools.ant.Task.perform(Task.java:348)
	at org.apache.tools.ant.Target.execute(Target.java:392)
	at org.apache.tools.ant.Target.performTasks(Target.java:413)
	at org.apache.tools.ant.Project.executeSortedTargets(Project.java:1399)
	at org.apache.tools.ant.Project.executeTarget(Project.java:1368)
	at org.apache.tools.ant.helper.DefaultExecutor.executeTargets(DefaultExecutor.java:41)
	at org.apache.tools.ant.Project.executeTargets(Project.java:1251)
	at org.apache.tools.ant.Main.runBuild(Main.java:811)
	at org.apache.tools.ant.Main.startAnt(Main.java:217)
	at org.apache.tools.ant.launch.Launcher.run(Launcher.java:280)
	at org.apache.tools.ant.launch.Launcher.main(Launcher.java:109)
Caused by: java.lang.ClassNotFoundException: com.github.xyzboom.DetectMonitor
	at org.apache.tools.ant.AntClassLoader.findClassInComponents(AntClassLoader.java:1365)
	at org.apache.tools.ant.AntClassLoader.findClass(AntClassLoader.java:1315)
	at org.apache.tools.ant.AntClassLoader.loadClass(AntClassLoader.java:1074)
	at java.lang.ClassLoader.loadClass(ClassLoader.java:351)
	... 47 more

Total time: 0 seconds
Cannot run tests! at /home/guji/ReflectFix_Add/defects4j_trans/framework/bin/d4j/d4j-test line 135.
Compilation failed in require at /home/guji/ReflectFix_Add/defects4j_trans/framework/bin/defects4j line 195.

=== Debug Info for Test: org.joda.time.TestPeriod_Constructors::testConstructor_long_fixedZone ===
=== stdout ===

=== stderr ===
Running ant (compile.tests)................................................ OK
Running ant (run.dev.tests)................................................ FAIL
Executed command:  cd /home/guji/ReflectFix/defects4j_buggy_trans/Time_22_buggy && /home/guji/ReflectFix_Add/defects4j_trans/major/bin/ant -f /home/guji/ReflectFix_Add/defects4j_trans/framework/projects/defects4j.build.xml -Dd4j.home=/home/guji/ReflectFix_Add/defects4j_trans -Dd4j.dir.projects=/home/guji/ReflectFix_Add/defects4j_trans/framework/projects -Dbasedir=/home/guji/ReflectFix/defects4j_buggy_trans/Time_22_buggy -Dbuild.compiler=javac1.7 -DOUTFILE=/home/guji/ReflectFix/defects4j_buggy_trans/Time_22_buggy/failing_tests -Dtest.entry.class=org.joda.time.TestPeriod_Constructors -Dtest.entry.method=testConstructor_long_fixedZone run.dev.tests 2>&1
Buildfile: /home/guji/ReflectFix_Add/defects4j_trans/framework/projects/defects4j.build.xml

init:
     [echo] -------- joda-time 2.0 --------

getjunit:

installjunit:

getjodaconvert:

prepare:

static:

compile.main:

compile.zoneinfo:

joda-time.compile:

compile:
     [java] Writing zoneinfo files

BUILD FAILED
/home/guji/ReflectFix_Add/defects4j_trans/framework/projects/Time/Time.build.xml:97: java.lang.NoClassDefFoundError: com/github/xyzboom/DetectMonitor
	at org.joda.time.base.BasePeriod.<init>(BasePeriod.java)
	at org.joda.time.Period.<init>(Period.java:298)
	at org.joda.time.Period.<clinit>(Period.java:65)
	at org.joda.time.tz.DateTimeZoneBuilder$PrecalculatedZone.create(DateTimeZoneBuilder.java:1435)
	at org.joda.time.tz.DateTimeZoneBuilder.toDateTimeZone(DateTimeZoneBuilder.java:396)
	at org.joda.time.tz.ZoneInfoCompiler.compile(ZoneInfoCompiler.java:391)
	at org.joda.time.tz.ZoneInfoCompiler.main(ZoneInfoCompiler.java:136)
	at sun.reflect.NativeMethodAccessorImpl.invoke0(Native Method)
	at sun.reflect.NativeMethodAccessorImpl.invoke(NativeMethodAccessorImpl.java:62)
	at sun.reflect.DelegatingMethodAccessorImpl.invoke(DelegatingMethodAccessorImpl.java:43)
	at java.lang.reflect.Method.invoke(Method.java:498)
	at org.apache.tools.ant.taskdefs.ExecuteJava.run(ExecuteJava.java:217)
	at org.apache.tools.ant.taskdefs.ExecuteJava.execute(ExecuteJava.java:152)
	at org.apache.tools.ant.taskdefs.Java.run(Java.java:771)
	at org.apache.tools.ant.taskdefs.Java.executeJava(Java.java:221)
	at org.apache.tools.ant.taskdefs.Java.executeJava(Java.java:135)
	at org.apache.tools.ant.taskdefs.Java.execute(Java.java:108)
	at org.apache.tools.ant.UnknownElement.execute(UnknownElement.java:291)
	at sun.reflect.GeneratedMethodAccessor4.invoke(Unknown Source)
	at sun.reflect.DelegatingMethodAccessorImpl.invoke(DelegatingMethodAccessorImpl.java:43)
	at java.lang.reflect.Method.invoke(Method.java:498)
	at org.apache.tools.ant.dispatch.DispatchUtils.execute(DispatchUtils.java:106)
	at org.apache.tools.ant.Task.perform(Task.java:348)
	at org.apache.tools.ant.taskdefs.Sequential.execute(Sequential.java:68)
	at net.sf.antcontrib.logic.IfTask.execute(IfTask.java:217)
	at sun.reflect.NativeMethodAccessorImpl.invoke0(Native Method)
	at sun.reflect.NativeMethodAccessorImpl.invoke(NativeMethodAccessorImpl.java:62)
	at sun.reflect.DelegatingMethodAccessorImpl.invoke(DelegatingMethodAccessorImpl.java:43)
	at java.lang.reflect.Method.invoke(Method.java:498)
	at org.apache.tools.ant.dispatch.DispatchUtils.execute(DispatchUtils.java:106)
	at org.apache.tools.ant.TaskAdapter.execute(TaskAdapter.java:154)
	at org.apache.tools.ant.UnknownElement.execute(UnknownElement.java:291)
	at sun.reflect.GeneratedMethodAccessor4.invoke(Unknown Source)
	at sun.reflect.DelegatingMethodAccessorImpl.invoke(DelegatingMethodAccessorImpl.java:43)
	at java.lang.reflect.Method.invoke(Method.java:498)
	at org.apache.tools.ant.dispatch.DispatchUtils.execute(DispatchUtils.java:106)
	at org.apache.tools.ant.Task.perform(Task.java:348)
	at org.apache.tools.ant.Target.execute(Target.java:392)
	at org.apache.tools.ant.Target.performTasks(Target.java:413)
	at org.apache.tools.ant.Project.executeSortedTargets(Project.java:1399)
	at org.apache.tools.ant.Project.executeTarget(Project.java:1368)
	at org.apache.tools.ant.helper.DefaultExecutor.executeTargets(DefaultExecutor.java:41)
	at org.apache.tools.ant.Project.executeTargets(Project.java:1251)
	at org.apache.tools.ant.Main.runBuild(Main.java:811)
	at org.apache.tools.ant.Main.startAnt(Main.java:217)
	at org.apache.tools.ant.launch.Launcher.run(Launcher.java:280)
	at org.apache.tools.ant.launch.Launcher.main(Launcher.java:109)
Caused by: java.lang.ClassNotFoundException: com.github.xyzboom.DetectMonitor
	at org.apache.tools.ant.AntClassLoader.findClassInComponents(AntClassLoader.java:1365)
	at org.apache.tools.ant.AntClassLoader.findClass(AntClassLoader.java:1315)
	at org.apache.tools.ant.AntClassLoader.loadClass(AntClassLoader.java:1074)
	at java.lang.ClassLoader.loadClass(ClassLoader.java:351)
	... 47 more

Total time: 0 seconds
Cannot run tests! at /home/guji/ReflectFix_Add/defects4j_trans/framework/bin/d4j/d4j-test line 135.
Compilation failed in require at /home/guji/ReflectFix_Add/defects4j_trans/framework/bin/defects4j line 195.
