
=== Debug Info for Test: org.apache.commons.cli.CommandLineTest::testGetParsedOptionValue ===
Exception: junit.framework.AssertionFailedError: expected:<foo> but was:<null>


=== Debug Info for Test: org.apache.commons.cli.OptionBuilderTest::testTwoCompleteOptions ===
Exception: junit.framework.AssertionFailedError: expected:<class java.lang.String> but was:<null>

