
=== Debug Info for Test: com.google.javascript.jscomp.DisambiguatePropertiesTest::testOneType4 ===
Exception: junit.framework.ComparisonFailure: expected:<{[]}> but was:<{[a=[[Foo.prototype]]]}>


=== Debug Info for Test: com.google.javascript.jscomp.DisambiguatePropertiesTest::testTwoTypes4 ===
Exception: junit.framework.AssertionFailedError:

