
=== Debug Info for Test: com.google.javascript.jscomp.IntegrationTest::testIssue284 ===
Exception: java.lang.RuntimeException: java.lang.RuntimeException: INTERNAL COMPILER ERROR.


=== Debug Info for Test: com.google.javascript.jscomp.NameAnalyzerTest::testIssue284 ===
Exception: junit.framework.AssertionFailedError:

