
=== Debug Info for Test: com.google.javascript.jscomp.InlineObjectLiteralsTest::testObject10 ===
Exception: junit.framework.AssertionFailedError:


=== Debug Info for Test: com.google.javascript.jscomp.InlineObjectLiteralsTest::testObject12 ===
Exception: junit.framework.AssertionFailedError:


=== Debug Info for Test: com.google.javascript.jscomp.InlineObjectLiteralsTest::testObject22 ===
Exception: junit.framework.AssertionFailedError:


=== Debug Info for Test: com.google.javascript.jscomp.InlineObjectLiteralsTest::testIssue724 ===
Exception: junit.framework.AssertionFailedError:


=== Debug Info for Test: com.google.javascript.jscomp.IntegrationTest::testIssue724 ===
Exception: junit.framework.AssertionFailedError:

