
=== Debug Info for Test: com.google.javascript.jscomp.InlineObjectLiteralsTest::testBug545 ===
Exception: java.lang.RuntimeException: INTERNAL COMPILER ERROR.

