
=== Debug Info for Test: com.google.javascript.jscomp.NormalizeTest::testNormalizeFunctionDeclarations ===
Exception: junit.framework.AssertionFailedError:


=== Debug Info for Test: com.google.javascript.jscomp.NormalizeTest::testRemoveDuplicateVarDeclarations3 ===
Exception: junit.framework.AssertionFailedError: Unexpected error(s): JSC_VAR_MULTIPLY_DECLARED_ERROR. Variable f first declared in testcode at testcode line 1 expected:<0> but was:<1>


=== Debug Info for Test: com.google.javascript.jscomp.NormalizeTest::testMoveFunctions2 ===
Exception: junit.framework.AssertionFailedError:

