
=== Debug Info for Test: com.google.javascript.jscomp.IntegrationTest::testIssue772 ===
Exception: junit.framework.AssertionFailedError: Expected no warnings or errors


=== Debug Info for Test: com.google.javascript.jscomp.ScopedAliasesTest::testIssue772 ===
Exception: junit.framework.AssertionFailedError: Expected: <null> but was: Node tree inequality:

