
=== Debug Info for Test: com.google.javascript.jscomp.TypedScopeCreatorTest::testNamespacedFunctionStubLocal ===
Exception: junit.framework.AssertionFailedError


=== Debug Info for Test: com.google.javascript.jscomp.TypedScopeCreatorTest::testCollectedFunctionStubLocal ===
Exception: junit.framework.AssertionFailedError

