
=== Debug Info for Test: com.google.javascript.jscomp.NormalizeTest::testIssue ===
Exception: java.lang.RuntimeException: INTERNAL COMPILER ERROR.

com.google.javascript.jscomp.Normalize:process:119->[Local Variables] "{root\u003dBLOCK [synthetic: 1], externs\u003dBLOCK [synthetic: 1]}"
com.google.javascript.jscomp.Normalize:process:120->[Method Call] Call Stack: com.google.javascript.jscomp.Normalize.process:120 -> com.google.javascript.jscomp.Normalize$NormalizeStatements.<init>
com.google.javascript.jscomp.Normalize:process:120->[Method Call] Call Stack: com.google.javascript.jscomp.Normalize.process:120 -> com.google.javascript.jscomp.NodeTraversal.<init>
com.google.javascript.jscomp.Normalize:process:122->[Method Call] Call Stack: com.google.javascript.jscomp.Normalize.process:122 -> com.google.javascript.jscomp.NodeTraversal.traverse
com.google.javascript.jscomp.Normalize:process:124->[Method Call] Call Stack: com.google.javascript.jscomp.Normalize.process:124 -> com.google.javascript.jscomp.MakeDeclaredNamesUnique.<init>
com.google.javascript.jscomp.Normalize:process:124->[Local Variables] {"renamer":{"nameStack":[],"rootRenamer":{"nameUsage":[],"declarations":{},"global":true}}}
com.google.javascript.jscomp.Normalize:process:125->[Method Call] Call Stack: com.google.javascript.jscomp.Normalize.process:125 -> com.google.javascript.jscomp.NodeTraversal.<init>
com.google.javascript.jscomp.Normalize:process:125->[Local Variables] "{t\u003dcom.google.javascript.jscomp.NodeTraversal@32639b12}"
com.google.javascript.jscomp.Normalize:process:126->[Method Call] Call Stack: com.google.javascript.jscomp.Normalize.process:126 -> com.google.javascript.jscomp.NodeTraversal.traverseRoots
com.google.javascript.jscomp.Normalize:process:142->[Method Call] Call Stack: com.google.javascript.jscomp.Normalize.process:142 -> com.google.javascript.jscomp.Normalize.removeDuplicateDeclarations

=== Debug Info for Test: com.google.javascript.jscomp.VarCheckTest::testPropReferenceInExterns1 ===
Exception: junit.framework.AssertionFailedError: compiler.reportCodeChange() should have been called


=== Debug Info for Test: com.google.javascript.jscomp.VarCheckTest::testPropReferenceInExterns3 ===
Exception: junit.framework.AssertionFailedError: compiler.reportCodeChange() should have been called


=== Debug Info for Test: com.google.javascript.jscomp.VarCheckTest::testVarReferenceInExterns ===
Exception: junit.framework.AssertionFailedError: compiler.reportCodeChange() should have been called


=== Debug Info for Test: com.google.javascript.jscomp.VarCheckTest::testCallInExterns ===
Exception: junit.framework.AssertionFailedError: compiler.reportCodeChange() should have been called

