
=== Debug Info for Test: com.google.javascript.jscomp.MakeDeclaredNamesUniqueTest::testOnlyInversion3 ===
Exception: junit.framework.AssertionFailedError:


=== Debug Info for Test: com.google.javascript.jscomp.MakeDeclaredNamesUniqueTest::testOnlyInversion4 ===
Exception: junit.framework.AssertionFailedError:


=== Debug Info for Test: com.google.javascript.jscomp.MakeDeclaredNamesUniqueTest::testArguments ===
Exception: junit.framework.AssertionFailedError:


=== Debug Info for Test: com.google.javascript.jscomp.MakeDeclaredNamesUniqueTest::testMakeLocalNamesUniqueWithContext1 ===
Exception: junit.framework.AssertionFailedError:


=== Debug Info for Test: com.google.javascript.jscomp.NormalizeTest::testRemoveDuplicateVarDeclarations2 ===
Exception: junit.framework.AssertionFailedError:

com.google.javascript.jscomp.Normalize:process:79->[Local Variables] "{root\u003dBLOCK [synthetic: 1], externs\u003dBLOCK [synthetic: 1]}"
com.google.javascript.jscomp.Normalize:process:80->[Method Call] Call Stack: com.google.javascript.jscomp.Normalize.process:80 -> com.google.javascript.jscomp.Normalize$NormalizeStatements.<init>
com.google.javascript.jscomp.Normalize:process:80->[Method Call] Call Stack: com.google.javascript.jscomp.Normalize.process:80 -> com.google.javascript.jscomp.NodeTraversal.traverse
com.google.javascript.jscomp.Normalize:process:82->[Method Call] Call Stack: com.google.javascript.jscomp.Normalize.process:82 -> com.google.javascript.jscomp.Normalize.removeDuplicateDeclarations
com.google.javascript.jscomp.Normalize:process:84->[Method Call] Call Stack: com.google.javascript.jscomp.Normalize.process:84 -> com.google.javascript.jscomp.MakeDeclaredNamesUnique.<init>
com.google.javascript.jscomp.Normalize:process:84->[Local Variables] {"renamer":{"nameStack":[],"rootRenamer":{"nameUsage":[],"declarations":{},"global":true}}}
com.google.javascript.jscomp.Normalize:process:85->[Method Call] Call Stack: com.google.javascript.jscomp.Normalize.process:85 -> com.google.javascript.jscomp.NodeTraversal.<init>
com.google.javascript.jscomp.Normalize:process:85->[Local Variables] "{t\u003dcom.google.javascript.jscomp.NodeTraversal@165b2f7f}"
com.google.javascript.jscomp.Normalize:process:86->[Method Call] Call Stack: com.google.javascript.jscomp.Normalize.process:86 -> com.google.javascript.jscomp.NodeTraversal.traverseRoots
com.google.javascript.jscomp.Normalize:process:102->[Method Call] Call Stack: com.google.javascript.jscomp.Normalize.process:102 -> com.google.javascript.jscomp.Normalize$PropogateConstantAnnotations.<init>
com.google.javascript.jscomp.Normalize:process:103->[Method Call] Call Stack: com.google.javascript.jscomp.Normalize.process:103 -> com.google.javascript.jscomp.Normalize$PropogateConstantAnnotations.process
