
=== Debug Info for Test: com.google.javascript.jscomp.TypeCheckTest::testIssue1023 ===
Exception: java.lang.UnsupportedOperationException


=== Debug Info for Test: com.google.javascript.jscomp.TypedScopeCreatorTest::testMethodBeforeFunction2 ===
Exception: java.lang.UnsupportedOperationException


=== Debug Info for Test: com.google.javascript.jscomp.TypedScopeCreatorTest::testPropertiesOnInterface2 ===
Exception: java.lang.UnsupportedOperationException

