
=== Debug Info for Test: com.google.javascript.jscomp.ScopedAliasesTest::testHoistedFunctionDeclaration ===
Exception: junit.framework.AssertionFailedError: Unexpected error(s): JSC_GOOG_SCOPE_NON_ALIAS_LOCAL. The local variable f is in a goog.scope and is not an alias. at testcode line 1 : 39 expected:<0> but was:<1>


=== Debug Info for Test: com.google.javascript.jscomp.ScopedAliasesTest::testFunctionDeclaration ===
Exception: junit.framework.AssertionFailedError: Unexpected error(s): JSC_GOOG_SCOPE_NON_ALIAS_LOCAL. The local variable f is in a goog.scope and is not an alias. at testcode line 1 : 41 expected:<0> but was:<1>

