
=== Debug Info for Test: com.google.javascript.jscomp.TypeCheckTest::testLends10 ===
Exception: junit.framework.ComparisonFailure: expected:<[inconsistent return type


=== Debug Info for Test: com.google.javascript.jscomp.TypeCheckTest::testLends11 ===
Exception: junit.framework.ComparisonFailure: expected:<[inconsistent return type

