
=== Debug Info for Test: com.google.javascript.jscomp.UnreachableCodeEliminationTest::testIssue4177428_return ===
Exception: junit.framework.AssertionFailedError:


=== Debug Info for Test: com.google.javascript.jscomp.UnreachableCodeEliminationTest::testDontRemoveBreakInTryFinally ===
Exception: junit.framework.AssertionFailedError:


=== Debug Info for Test: com.google.javascript.jscomp.UnreachableCodeEliminationTest::testIssue4177428_continue ===
Exception: junit.framework.AssertionFailedError:


=== Debug Info for Test: com.google.javascript.jscomp.UnreachableCodeEliminationTest::testDontRemoveBreakInTryFinallySwitch ===
Exception: junit.framework.AssertionFailedError:


=== Debug Info for Test: com.google.javascript.jscomp.UnreachableCodeEliminationTest::testIssue4177428a ===
Exception: junit.framework.AssertionFailedError:


=== Debug Info for Test: com.google.javascript.jscomp.UnreachableCodeEliminationTest::testIssue4177428c ===
Exception: junit.framework.AssertionFailedError:

