
=== Debug Info for Test: com.google.javascript.jscomp.CheckSideEffectsTest::testJSDocComments ===
Exception: junit.framework.AssertionFailedError: Unexpected error(s): JSC_USELESS_CODE. Suspicious code. This code lacks side-effects. Is there a bug? at testcode line 1 expected:<0> but was:<1>

com.google.javascript.rhino.JSDocInfoBuilder:recordBlockDescription:188->[Local Variables] {"description":"This is a jsdoc comment"}
com.google.javascript.rhino.JSDocInfoBuilder:recordBlockDescription:189->[Control Flow] Branch Info: Line: 189, Condition: if (this.parseDocumentation != false), Executed: false
com.google.javascript.rhino.JSDocInfoBuilder:recordBlockDescription:192->[Method Call] Call Stack: com.google.javascript.rhino.JSDocInfoBuilder.recordBlockDescription:192 -> com.google.javascript.rhino.JSDocInfo.documentBlock

=== Debug Info for Test: com.google.javascript.jscomp.CollapsePropertiesTest::testTwinReferenceCancelsChildCollapsing ===
Exception: junit.framework.AssertionFailedError:


=== Debug Info for Test: com.google.javascript.jscomp.CollapsePropertiesTest::testCrashInNestedAssign ===
Exception: junit.framework.AssertionFailedError:


=== Debug Info for Test: com.google.javascript.jscomp.CollapsePropertiesTest::testCrashInCommaOperator ===
Exception: java.lang.IllegalArgumentException

