
=== Debug Info for Test: com.google.javascript.jscomp.ClosureReverseAbstractInterpreterTest::testGoogIsFunction2 ===
Exception: junit.framework.AssertionFailedError: Expected: (Object|boolean|number|string)


=== Debug Info for Test: com.google.javascript.jscomp.SemanticReverseAbstractInterpreterTest::testTypeof3 ===
Exception: junit.framework.AssertionFailedError: Expected: (Object|boolean|number|string)

