
=== Debug Info for Test: com.google.javascript.jscomp.TypeCheckTest::testQualifiedNameInference5 ===
Exception: junit.framework.AssertionFailedError: expected a warning


=== Debug Info for Test: com.google.javascript.jscomp.TypedScopeCreatorTest::testGlobalQualifiedNameInLocalScope ===
Exception: junit.framework.AssertionFailedError

