
=== Debug Info for Test: com.google.javascript.jscomp.LooseTypeCheckTest::testMethodInference7 ===
Exception: java.lang.StackOverflowError


=== Debug Info for Test: com.google.javascript.jscomp.TypeCheckTest::testMethodInference7 ===
Exception: java.lang.StackOverflowError


=== Debug Info for Test: com.google.javascript.rhino.jstype.FunctionTypeTest::testSupAndInfOfReturnTypesWithNumOfParams ===
Exception: java.lang.StackOverflowError

