
=== Debug Info for Test: com.google.javascript.jscomp.InlineCostEstimatorTest::testCost ===
Exception: junit.framework.AssertionFailedError: expected:<1> but was:<4>


=== Debug Info for Test: com.google.javascript.jscomp.InlineFunctionsTest::testIssue728 ===
Exception: junit.framework.AssertionFailedError:

