
=== Debug Info for Test: com.google.javascript.jscomp.CommandLineRunnerTest::testTransformAMDAndProcessCJS ===
Exception: junit.framework.AssertionFailedError:


=== Debug Info for Test: com.google.javascript.jscomp.CommandLineRunnerTest::testProcessCJS ===
Exception: junit.framework.AssertionFailedError:


=== Debug Info for Test: com.google.javascript.jscomp.ProcessCommonJSModulesTest::testExports ===
Exception: junit.framework.AssertionFailedError:


=== Debug Info for Test: com.google.javascript.jscomp.ProcessCommonJSModulesTest::testModuleName ===
Exception: junit.framework.AssertionFailedError:


=== Debug Info for Test: com.google.javascript.jscomp.ProcessCommonJSModulesTest::testDash ===
Exception: junit.framework.AssertionFailedError:


=== Debug Info for Test: com.google.javascript.jscomp.ProcessCommonJSModulesTest::testVarRenaming ===
Exception: junit.framework.AssertionFailedError:


=== Debug Info for Test: com.google.javascript.jscomp.ProcessCommonJSModulesTest::testWithoutExports ===
Exception: junit.framework.AssertionFailedError:

