
=== Debug Info for Test: org.apache.commons.codec.binary.Base64Test::testByteToStringVariations ===
Exception: junit.framework.ComparisonFailure: byteToString static Hello World expected:<SGVsbG8gV29ybGQ=[]> but was:<SGVsbG8gV29ybGQ=[

org.apache.commons.codec.binary.Base64:encodeBase64String:669->[Local Variables] {"binaryData":[72,101,108,108,111,32,87,111,114,108,100]}
org.apache.commons.codec.binary.Base64:encodeBase64String:670->[Method Call] Call Stack: org.apache.commons.codec.binary.Base64.encodeBase64String:670 -> org.apache.commons.codec.binary.Base64.encodeBase64
org.apache.commons.codec.binary.Base64:encodeBase64String:670->[Method Call] Call Stack: org.apache.commons.codec.binary.Base64.encodeBase64String:670 -> org.apache.commons.codec.binary.StringUtils.newStringUtf8

=== Debug Info for Test: org.apache.commons.codec.binary.Base64Test::testRfc4648Section10Encode ===
Exception: junit.framework.ComparisonFailure: expected:<Zg==[]> but was:<Zg==[

org.apache.commons.codec.binary.Base64:encodeBase64String:669->[Local Variables] {"binaryData":[]}
org.apache.commons.codec.binary.Base64:encodeBase64String:670->[Method Call] Call Stack: org.apache.commons.codec.binary.Base64.encodeBase64String:670 -> org.apache.commons.codec.binary.Base64.encodeBase64
org.apache.commons.codec.binary.Base64:encodeBase64String:670->[Method Call] Call Stack: org.apache.commons.codec.binary.Base64.encodeBase64String:670 -> org.apache.commons.codec.binary.StringUtils.newStringUtf8
org.apache.commons.codec.binary.Base64:encodeBase64String:669->[Local Variables] {"binaryData":[102]}
org.apache.commons.codec.binary.Base64:encodeBase64String:670->[Method Call] Call Stack: org.apache.commons.codec.binary.Base64.encodeBase64String:670 -> org.apache.commons.codec.binary.Base64.encodeBase64
org.apache.commons.codec.binary.Base64:encodeBase64String:670->[Method Call] Call Stack: org.apache.commons.codec.binary.Base64.encodeBase64String:670 -> org.apache.commons.codec.binary.StringUtils.newStringUtf8
