
=== Debug Info for Test: org.apache.commons.collections.map.TestFlat3Map::testEntryIteratorSetValue2 ===
Exception: junit.framework.AssertionFailedError: expected:<10> but was:<NewValue>


=== Debug Info for Test: org.apache.commons.collections.map.TestFlat3Map::testEntryIteratorSetValue3 ===
Exception: junit.framework.AssertionFailedError: expected:<10> but was:<NewValue>


=== Debug Info for Test: org.apache.commons.collections.map.TestFlat3Map::testMapIteratorSetValue2 ===
Exception: junit.framework.AssertionFailedError: expected:<10> but was:<NewValue>


=== Debug Info for Test: org.apache.commons.collections.map.TestFlat3Map::testMapIteratorSetValue3 ===
Exception: junit.framework.AssertionFailedError: expected:<10> but was:<NewValue>

