
=== Debug Info for Test: org.apache.commons.collections4.collection.UnmodifiableBoundedCollectionTest::testDecorateFactory ===
Exception: junit.framework.AssertionFailedError: expected same:<[, One, 2, Three, null, 4, One, 5.0, 6.0, Seven, Eight, Nine, 10, 11, 12, Thirteen, 14, 15, 16]> was not:<[, One, 2, Three, null, 4, One, 5.0, 6.0, Seven, Eight, Nine, 10, 11, 12, Thirteen, 14, 15, 16]>

org.apache.commons.collections4.collection.UnmodifiableBoundedCollection:unmodifiableBoundedCollection:57->[Local Variables] {"coll":["","One",2,"Three",null,4,"One",5.0,6.0,"Seven","Eight","Nine",10,11,12,"Thirteen","14","15",16]}
org.apache.commons.collections4.collection.UnmodifiableBoundedCollection:unmodifiableBoundedCollection:58->[Method Call] Call Stack: org.apache.commons.collections4.collection.UnmodifiableBoundedCollection.unmodifiableBoundedCollection:58 -> org.apache.commons.collections4.collection.UnmodifiableBoundedCollection.<init>
org.apache.commons.collections4.collection.UnmodifiableBoundedCollection:unmodifiableBoundedCollection:58->[Method Call] Call Stack: org.apache.commons.collections4.collection.UnmodifiableBoundedCollection.unmodifiableBoundedCollection:58 -> org.apache.commons.collections4.collection.UnmodifiableBoundedCollection.<init>

=== Debug Info for Test: org.apache.commons.collections4.collection.UnmodifiableBoundedCollectionTest::testUnmodifiable ===
Exception: junit.framework.AssertionFailedError

org.apache.commons.collections4.collection.UnmodifiableBoundedCollection:unmodifiableBoundedCollection:57->[Local Variables] {"coll":[]}
org.apache.commons.collections4.collection.UnmodifiableBoundedCollection:unmodifiableBoundedCollection:58->[Method Call] Call Stack: org.apache.commons.collections4.collection.UnmodifiableBoundedCollection.unmodifiableBoundedCollection:58 -> org.apache.commons.collections4.collection.UnmodifiableBoundedCollection.<init>
