
=== Debug Info for Test: org.jsoup.nodes.NodeTest::handlesAbsPrefixOnHasAttr ===
Exception: junit.framework.AssertionFailedError

org.jsoup.nodes.Node:hasAttr:104->[Local Variables] {"attributeKey":"abs:href"}
org.jsoup.nodes.Node:hasAttr:105->[Method Call] Call Stack: org.jsoup.nodes.Node.hasAttr:105 -> org.jsoup.helper.Validate.notNull
org.jsoup.nodes.Node:hasAttr:107->[Method Call] Call Stack: org.jsoup.nodes.Node.hasAttr:107 -> org.jsoup.nodes.Attributes.hasKey
org.jsoup.nodes.Node:hasAttr:104->[Local Variables] {"attributeKey":"href"}
org.jsoup.nodes.Node:hasAttr:105->[Method Call] Call Stack: org.jsoup.nodes.Node.hasAttr:105 -> org.jsoup.helper.Validate.notNull
org.jsoup.nodes.Node:hasAttr:107->[Method Call] Call Stack: org.jsoup.nodes.Node.hasAttr:107 -> org.jsoup.nodes.Attributes.hasKey
org.jsoup.nodes.Node:hasAttr:105->[Method Call] Call Stack: org.jsoup.nodes.Node.hasAttr:105 -> org.jsoup.helper.Validate.notNull
org.jsoup.nodes.Node:hasAttr:107->[Method Call] Call Stack: org.jsoup.nodes.Node.hasAttr:107 -> org.jsoup.nodes.Attributes.hasKey
org.jsoup.nodes.Node:hasAttr:104->[Local Variables] {"attributeKey":"abs:href"}
org.jsoup.nodes.Node:hasAttr:105->[Method Call] Call Stack: org.jsoup.nodes.Node.hasAttr:105 -> org.jsoup.helper.Validate.notNull
org.jsoup.nodes.Node:hasAttr:107->[Method Call] Call Stack: org.jsoup.nodes.Node.hasAttr:107 -> org.jsoup.nodes.Attributes.hasKey

=== Debug Info for Test: org.jsoup.nodes.NodeTest::handlesAbsPrefix ===
Exception: junit.framework.AssertionFailedError

org.jsoup.nodes.Node:hasAttr:104->[Local Variables] {"attributeKey":"href"}
org.jsoup.nodes.Node:hasAttr:105->[Method Call] Call Stack: org.jsoup.nodes.Node.hasAttr:105 -> org.jsoup.helper.Validate.notNull
org.jsoup.nodes.Node:hasAttr:107->[Method Call] Call Stack: org.jsoup.nodes.Node.hasAttr:107 -> org.jsoup.nodes.Attributes.hasKey
org.jsoup.nodes.Node:hasAttr:104->[Local Variables] {"attributeKey":"abs:href"}
org.jsoup.nodes.Node:hasAttr:105->[Method Call] Call Stack: org.jsoup.nodes.Node.hasAttr:105 -> org.jsoup.helper.Validate.notNull
org.jsoup.nodes.Node:hasAttr:107->[Method Call] Call Stack: org.jsoup.nodes.Node.hasAttr:107 -> org.jsoup.nodes.Attributes.hasKey

=== Debug Info for Test: org.jsoup.select.ElementsTest::absAttr ===
Exception: junit.framework.AssertionFailedError: expected:<[http://jsoup.org]> but was:<[]>

org.jsoup.nodes.Node:hasAttr:104->[Local Variables] {"attributeKey":"abs:href"}
org.jsoup.nodes.Node:hasAttr:105->[Method Call] Call Stack: org.jsoup.nodes.Node.hasAttr:105 -> org.jsoup.helper.Validate.notNull
org.jsoup.nodes.Node:hasAttr:107->[Method Call] Call Stack: org.jsoup.nodes.Node.hasAttr:107 -> org.jsoup.nodes.Attributes.hasKey
org.jsoup.nodes.Node:hasAttr:105->[Method Call] Call Stack: org.jsoup.nodes.Node.hasAttr:105 -> org.jsoup.helper.Validate.notNull
org.jsoup.nodes.Node:hasAttr:107->[Method Call] Call Stack: org.jsoup.nodes.Node.hasAttr:107 -> org.jsoup.nodes.Attributes.hasKey

=== Debug Info for Test: org.jsoup.select.ElementsTest::hasAbsAttr ===
Exception: junit.framework.AssertionFailedError

org.jsoup.nodes.Node:hasAttr:104->[Local Variables] {"attributeKey":"abs:href"}
org.jsoup.nodes.Node:hasAttr:105->[Method Call] Call Stack: org.jsoup.nodes.Node.hasAttr:105 -> org.jsoup.helper.Validate.notNull
org.jsoup.nodes.Node:hasAttr:107->[Method Call] Call Stack: org.jsoup.nodes.Node.hasAttr:107 -> org.jsoup.nodes.Attributes.hasKey
org.jsoup.nodes.Node:hasAttr:105->[Method Call] Call Stack: org.jsoup.nodes.Node.hasAttr:105 -> org.jsoup.helper.Validate.notNull
org.jsoup.nodes.Node:hasAttr:107->[Method Call] Call Stack: org.jsoup.nodes.Node.hasAttr:107 -> org.jsoup.nodes.Attributes.hasKey
