
=== Debug Info for Test: org.jsoup.nodes.TextNodeTest::testLeadNodesHaveNoChildren ===
Exception: java.lang.UnsupportedOperationException: Leaf Nodes do not have child nodes.

