
=== Debug Info for Test: org.jsoup.nodes.EntitiesTest::escape ===
Exception: junit.framework.AssertionFailedError: expected:<...ello &amp;&lt;&gt; &[A]ring; &aring; &#960;...> but was:<...ello &amp;&lt;&gt; &[a]ring; &aring; &#960;...>


=== Debug Info for Test: org.jsoup.nodes.EntitiesTest::caseSensitive ===
Exception: junit.framework.AssertionFailedError: expected:<&[U]uml; &uuml; &amp; &a...> but was:<&[u]uml; &uuml; &amp; &a...>

