
=== Debug Info for Test: org.jsoup.parser.ParserTest::parsesUnterminatedTextarea ===
Exception: junit.framework.AssertionFailedError: expected:<one[]> but was:<one[<p>two]>


=== Debug Info for Test: org.jsoup.parser.ParserTest::handlesUnclosedTitle ===
Exception: junit.framework.AssertionFailedError: expected:<One[]> but was:<One[<b>Two <p>Test</p]>

