
=== Debug Info for Test: org.apache.commons.lang3.time.FastDateFormat_PrinterTest::testCalendarTimezoneRespected ===
Exception: junit.framework.AssertionFailedError: expected:<9:59AM [IC]T> but was:<9:59AM [PS]T>


=== Debug Info for Test: org.apache.commons.lang3.time.FastDatePrinterTest::testCalendarTimezoneRespected ===
Exception: junit.framework.AssertionFailedError: expected:<9:59AM [IC]T> but was:<9:59AM [PS]T>

