
=== Debug Info for Test: org.apache.commons.math.fraction.BigFractionTest::testFloatValueForLargeNumeratorAndDenominator ===
Exception: junit.framework.AssertionFailedError: expected:<5.0> but was:<NaN>

org.apache.commons.math.fraction.BigFraction:floatValue:732->[Method Call] Call Stack: org.apache.commons.math.fraction.BigFraction.floatValue:732 -> java.math.BigInteger.floatValue
org.apache.commons.math.fraction.BigFraction:floatValue:732->[Method Call] Call Stack: org.apache.commons.math.fraction.BigFraction.floatValue:732 -> java.math.BigInteger.floatValue
org.apache.commons.math.fraction.BigFraction:floatValue:734->[Local Variables] "{result\u003dNaN}"

=== Debug Info for Test: org.apache.commons.math.fraction.BigFractionTest::testDoubleValueForLargeNumeratorAndDenominator ===
Exception: junit.framework.AssertionFailedError: expected:<5.0> but was:<NaN>

org.apache.commons.math.fraction.BigFraction:doubleValue:685->[Method Call] Call Stack: org.apache.commons.math.fraction.BigFraction.doubleValue:685 -> java.math.BigInteger.doubleValue
org.apache.commons.math.fraction.BigFraction:doubleValue:685->[Method Call] Call Stack: org.apache.commons.math.fraction.BigFraction.doubleValue:685 -> java.math.BigInteger.doubleValue
org.apache.commons.math.fraction.BigFraction:doubleValue:687->[Local Variables] "{result\u003dNaN}"
