
=== Debug Info for Test: org.apache.commons.math3.distribution.FDistributionTest::testIsSupportLowerBoundInclusive ===
Exception: junit.framework.AssertionFailedError: expected:<false> but was:<true>


=== Debug Info for Test: org.apache.commons.math3.distribution.UniformRealDistributionTest::testIsSupportUpperBoundInclusive ===
Exception: junit.framework.AssertionFailedError: expected:<true> but was:<false>

